{"/Users/Wiktor/TESTPROG BOX/AA/backend/src/db.ts": {"path":"/Users/Wiktor/TESTPROG BOX/AA/backend/src/db.ts","statementMap":{"0":{"start":{"line":1,"column":0},"end":{"line":1,"column":35}},"1":{"start":{"line":2,"column":0},"end":{"line":2,"column":28}},"2":{"start":{"line":3,"column":0},"end":{"line":3,"column":24}},"3":{"start":{"line":7,"column":0},"end":{"line":7,"column":63}},"4":{"start":{"line":8,"column":0},"end":{"line":8,"column":16}},"5":{"start":{"line":10,"column":0},"end":{"line":10,"column":45}},"6":{"start":{"line":11,"column":0},"end":{"line":11,"column":45}},"7":{"start":{"line":12,"column":0},"end":{"line":12,"column":49}},"8":{"start":{"line":15,"column":13},"end":{"line":25,"column":2}},"9":{"start":{"line":28,"column":0},"end":{"line":37,"column":5}},"10":{"start":{"line":31,"column":4},"end":{"line":31,"column":62}},"11":{"start":{"line":32,"column":4},"end":{"line":32,"column":25}},"12":{"start":{"line":35,"column":4},"end":{"line":35,"column":65}},"13":{"start":{"line":40,"column":0},"end":{"line":40,"column":20}}},"fnMap":{"0":{"name":"(anonymous_1)","decl":{"start":{"line":30,"column":8},"end":{"line":30,"column":9}},"loc":{"start":{"line":30,"column":23},"end":{"line":33,"column":3}}},"1":{"name":"(anonymous_2)","decl":{"start":{"line":34,"column":9},"end":{"line":34,"column":10}},"loc":{"start":{"line":34,"column":17},"end":{"line":37,"column":3}}}},"branchMap":{"0":{"loc":{"start":{"line":20,"column":17},"end":{"line":20,"column":46}},"type":"binary-expr","locations":[{"start":{"line":20,"column":17},"end":{"line":20,"column":36}},{"start":{"line":20,"column":40},"end":{"line":20,"column":46}}]}},"s":{"0":0,"1":0,"2":0,"3":0,"4":0,"5":0,"6":0,"7":0,"8":0,"9":0,"10":0,"11":0,"12":0,"13":0},"f":{"0":0,"1":0},"b":{"0":[0,0]}}
,"/Users/Wiktor/TESTPROG BOX/AA/backend/src/controllers/adsPowerController.ts": {"path":"/Users/Wiktor/TESTPROG BOX/AA/backend/src/controllers/adsPowerController.ts","statementMap":{"0":{"start":{"line":2,"column":0},"end":{"line":2,"column":49}},"1":{"start":{"line":3,"column":0},"end":{"line":3,"column":58}},"2":{"start":{"line":28,"column":0},"end":{"line":28,"column":24}},"3":{"start":{"line":29,"column":0},"end":{"line":29,"column":60}},"4":{"start":{"line":32,"column":32},"end":{"line":43,"column":11}},"5":{"start":{"line":37,"column":27},"end":{"line":37,"column":62}},"6":{"start":{"line":41,"column":27},"end":{"line":41,"column":62}},"7":{"start":{"line":46,"column":30},"end":{"line":88,"column":null}},"8":{"start":{"line":71,"column":6},"end":{"line":81,"column":7}},"9":{"start":{"line":80,"column":8},"end":{"line":80,"column":73}},"10":{"start":{"line":82,"column":6},"end":{"line":82,"column":18}},"11":{"start":{"line":92,"column":32},"end":{"line":98,"column":2}},"12":{"start":{"line":101,"column":35},"end":{"line":129,"column":11}},"13":{"start":{"line":132,"column":26},"end":{"line":134,"column":2}},"14":{"start":{"line":138,"column":32},"end":{"line":170,"column":4}},"15":{"start":{"line":167,"column":20},"end":{"line":167,"column":48}},"16":{"start":{"line":173,"column":33},"end":{"line":179,"column":11}},"17":{"start":{"line":182,"column":34},"end":{"line":189,"column":11}},"18":{"start":{"line":192,"column":32},"end":{"line":202,"column":11}},"19":{"start":{"line":197,"column":27},"end":{"line":197,"column":60}},"20":{"start":{"line":205,"column":30},"end":{"line":210,"column":11}},"21":{"start":{"line":215,"column":35},"end":{"line":226,"column":11}},"22":{"start":{"line":220,"column":27},"end":{"line":220,"column":62}},"23":{"start":{"line":224,"column":27},"end":{"line":224,"column":62}},"24":{"start":{"line":229,"column":30},"end":{"line":240,"column":null}},"25":{"start":{"line":237,"column":14},"end":{"line":237,"column":72}},"26":{"start":{"line":244,"column":31},"end":{"line":250,"column":11}},"27":{"start":{"line":256,"column":9},"end":{"line":276,"column":4}},"28":{"start":{"line":257,"column":57},"end":{"line":275,"column":null}},"29":{"start":{"line":259,"column":8},"end":{"line":259,"column":46}},"30":{"start":{"line":260,"column":6},"end":{"line":274,"column":7}},"31":{"start":{"line":261,"column":8},"end":{"line":265,"column":11}},"32":{"start":{"line":267,"column":8},"end":{"line":273,"column":11}},"33":{"start":{"line":281,"column":9},"end":{"line":324,"column":4}},"34":{"start":{"line":282,"column":57},"end":{"line":323,"column":null}},"35":{"start":{"line":283,"column":31},"end":{"line":283,"column":77}},"36":{"start":{"line":284,"column":6},"end":{"line":292,"column":7}},"37":{"start":{"line":285,"column":8},"end":{"line":285,"column":75}},"38":{"start":{"line":286,"column":8},"end":{"line":290,"column":11}},"39":{"start":{"line":291,"column":8},"end":{"line":291,"column":15}},"40":{"start":{"line":294,"column":22},"end":{"line":294,"column":67}},"41":{"start":{"line":297,"column":8},"end":{"line":297,"column":52}},"42":{"start":{"line":299,"column":6},"end":{"line":322,"column":7}},"43":{"start":{"line":305,"column":8},"end":{"line":309,"column":11}},"44":{"start":{"line":311,"column":8},"end":{"line":314,"column":10}},"45":{"start":{"line":315,"column":8},"end":{"line":321,"column":11}},"46":{"start":{"line":329,"column":9},"end":{"line":366,"column":4}},"47":{"start":{"line":330,"column":57},"end":{"line":365,"column":null}},"48":{"start":{"line":331,"column":31},"end":{"line":331,"column":75}},"49":{"start":{"line":332,"column":6},"end":{"line":339,"column":7}},"50":{"start":{"line":333,"column":8},"end":{"line":337,"column":11}},"51":{"start":{"line":338,"column":8},"end":{"line":338,"column":15}},"52":{"start":{"line":341,"column":33},"end":{"line":341,"column":54}},"53":{"start":{"line":344,"column":8},"end":{"line":344,"column":58}},"54":{"start":{"line":346,"column":6},"end":{"line":364,"column":7}},"55":{"start":{"line":347,"column":8},"end":{"line":351,"column":11}},"56":{"start":{"line":353,"column":8},"end":{"line":356,"column":10}},"57":{"start":{"line":357,"column":8},"end":{"line":363,"column":11}},"58":{"start":{"line":371,"column":9},"end":{"line":426,"column":4}},"59":{"start":{"line":372,"column":57},"end":{"line":425,"column":null}},"60":{"start":{"line":374,"column":37},"end":{"line":374,"column":76}},"61":{"start":{"line":375,"column":6},"end":{"line":382,"column":7}},"62":{"start":{"line":376,"column":8},"end":{"line":380,"column":11}},"63":{"start":{"line":381,"column":8},"end":{"line":381,"column":15}},"64":{"start":{"line":383,"column":25},"end":{"line":383,"column":52}},"65":{"start":{"line":386,"column":35},"end":{"line":386,"column":78}},"66":{"start":{"line":387,"column":6},"end":{"line":394,"column":7}},"67":{"start":{"line":388,"column":8},"end":{"line":392,"column":11}},"68":{"start":{"line":393,"column":8},"end":{"line":393,"column":15}},"69":{"start":{"line":398,"column":22},"end":{"line":400,"column":null}},"70":{"start":{"line":404,"column":8},"end":{"line":404,"column":52}},"71":{"start":{"line":406,"column":6},"end":{"line":424,"column":7}},"72":{"start":{"line":407,"column":8},"end":{"line":411,"column":11}},"73":{"start":{"line":413,"column":8},"end":{"line":416,"column":10}},"74":{"start":{"line":417,"column":8},"end":{"line":423,"column":11}},"75":{"start":{"line":431,"column":9},"end":{"line":468,"column":4}},"76":{"start":{"line":432,"column":57},"end":{"line":467,"column":null}},"77":{"start":{"line":433,"column":35},"end":{"line":433,"column":79}},"78":{"start":{"line":434,"column":6},"end":{"line":441,"column":7}},"79":{"start":{"line":435,"column":8},"end":{"line":439,"column":11}},"80":{"start":{"line":440,"column":8},"end":{"line":440,"column":15}},"81":{"start":{"line":443,"column":45},"end":{"line":443,"column":70}},"82":{"start":{"line":446,"column":8},"end":{"line":446,"column":53}},"83":{"start":{"line":448,"column":6},"end":{"line":466,"column":7}},"84":{"start":{"line":449,"column":8},"end":{"line":453,"column":11}},"85":{"start":{"line":455,"column":8},"end":{"line":458,"column":10}},"86":{"start":{"line":459,"column":8},"end":{"line":465,"column":11}},"87":{"start":{"line":473,"column":9},"end":{"line":512,"column":4}},"88":{"start":{"line":474,"column":57},"end":{"line":511,"column":null}},"89":{"start":{"line":475,"column":35},"end":{"line":476,"column":null}},"90":{"start":{"line":478,"column":6},"end":{"line":485,"column":7}},"91":{"start":{"line":479,"column":8},"end":{"line":483,"column":11}},"92":{"start":{"line":484,"column":8},"end":{"line":484,"column":15}},"93":{"start":{"line":487,"column":46},"end":{"line":487,"column":71}},"94":{"start":{"line":490,"column":8},"end":{"line":490,"column":54}},"95":{"start":{"line":492,"column":6},"end":{"line":510,"column":7}},"96":{"start":{"line":493,"column":8},"end":{"line":497,"column":11}},"97":{"start":{"line":499,"column":8},"end":{"line":502,"column":10}},"98":{"start":{"line":503,"column":8},"end":{"line":509,"column":11}},"99":{"start":{"line":517,"column":9},"end":{"line":553,"column":4}},"100":{"start":{"line":518,"column":57},"end":{"line":552,"column":null}},"101":{"start":{"line":521,"column":8},"end":{"line":521,"column":53}},"102":{"start":{"line":523,"column":6},"end":{"line":551,"column":7}},"103":{"start":{"line":524,"column":8},"end":{"line":528,"column":11}},"104":{"start":{"line":532,"column":10},"end":{"line":536,"column":19}},"105":{"start":{"line":540,"column":8},"end":{"line":543,"column":10}},"106":{"start":{"line":544,"column":8},"end":{"line":550,"column":11}},"107":{"start":{"line":558,"column":9},"end":{"line":619,"column":4}},"108":{"start":{"line":559,"column":57},"end":{"line":618,"column":null}},"109":{"start":{"line":560,"column":37},"end":{"line":560,"column":76}},"110":{"start":{"line":561,"column":6},"end":{"line":568,"column":7}},"111":{"start":{"line":562,"column":8},"end":{"line":566,"column":11}},"112":{"start":{"line":567,"column":8},"end":{"line":567,"column":15}},"113":{"start":{"line":569,"column":25},"end":{"line":569,"column":52}},"114":{"start":{"line":571,"column":36},"end":{"line":572,"column":null}},"115":{"start":{"line":574,"column":6},"end":{"line":581,"column":7}},"116":{"start":{"line":575,"column":8},"end":{"line":579,"column":11}},"117":{"start":{"line":580,"column":8},"end":{"line":580,"column":15}},"118":{"start":{"line":583,"column":8},"end":{"line":583,"column":34}},"119":{"start":{"line":586,"column":8},"end":{"line":591,"column":null}},"120":{"start":{"line":594,"column":6},"end":{"line":617,"column":7}},"121":{"start":{"line":600,"column":8},"end":{"line":604,"column":11}},"122":{"start":{"line":606,"column":8},"end":{"line":609,"column":10}},"123":{"start":{"line":610,"column":8},"end":{"line":616,"column":11}},"124":{"start":{"line":624,"column":9},"end":{"line":660,"column":4}},"125":{"start":{"line":625,"column":57},"end":{"line":659,"column":null}},"126":{"start":{"line":626,"column":37},"end":{"line":626,"column":76}},"127":{"start":{"line":627,"column":6},"end":{"line":634,"column":7}},"128":{"start":{"line":628,"column":8},"end":{"line":632,"column":11}},"129":{"start":{"line":633,"column":8},"end":{"line":633,"column":15}},"130":{"start":{"line":635,"column":25},"end":{"line":635,"column":52}},"131":{"start":{"line":638,"column":8},"end":{"line":638,"column":49}},"132":{"start":{"line":640,"column":6},"end":{"line":658,"column":7}},"133":{"start":{"line":641,"column":8},"end":{"line":645,"column":11}},"134":{"start":{"line":647,"column":8},"end":{"line":650,"column":10}},"135":{"start":{"line":651,"column":8},"end":{"line":657,"column":11}},"136":{"start":{"line":665,"column":9},"end":{"line":706,"column":4}},"137":{"start":{"line":666,"column":57},"end":{"line":705,"column":null}},"138":{"start":{"line":667,"column":37},"end":{"line":667,"column":76}},"139":{"start":{"line":668,"column":6},"end":{"line":675,"column":7}},"140":{"start":{"line":669,"column":8},"end":{"line":673,"column":11}},"141":{"start":{"line":674,"column":8},"end":{"line":674,"column":15}},"142":{"start":{"line":676,"column":25},"end":{"line":676,"column":52}},"143":{"start":{"line":679,"column":8},"end":{"line":679,"column":56}},"144":{"start":{"line":681,"column":6},"end":{"line":704,"column":7}},"145":{"start":{"line":687,"column":8},"end":{"line":691,"column":11}},"146":{"start":{"line":693,"column":8},"end":{"line":696,"column":10}},"147":{"start":{"line":697,"column":8},"end":{"line":703,"column":11}},"148":{"start":{"line":711,"column":9},"end":{"line":755,"column":4}},"149":{"start":{"line":715,"column":23},"end":{"line":754,"column":null}},"150":{"start":{"line":716,"column":35},"end":{"line":716,"column":76}},"151":{"start":{"line":717,"column":6},"end":{"line":724,"column":7}},"152":{"start":{"line":718,"column":8},"end":{"line":722,"column":11}},"153":{"start":{"line":723,"column":8},"end":{"line":723,"column":15}},"154":{"start":{"line":725,"column":28},"end":{"line":725,"column":53}},"155":{"start":{"line":728,"column":8},"end":{"line":728,"column":56}},"156":{"start":{"line":730,"column":6},"end":{"line":753,"column":7}},"157":{"start":{"line":736,"column":8},"end":{"line":740,"column":11}},"158":{"start":{"line":742,"column":8},"end":{"line":745,"column":10}},"159":{"start":{"line":746,"column":8},"end":{"line":752,"column":11}},"160":{"start":{"line":760,"column":9},"end":{"line":800,"column":4}},"161":{"start":{"line":761,"column":57},"end":{"line":799,"column":null}},"162":{"start":{"line":762,"column":36},"end":{"line":763,"column":null}},"163":{"start":{"line":766,"column":6},"end":{"line":773,"column":7}},"164":{"start":{"line":767,"column":8},"end":{"line":771,"column":11}},"165":{"start":{"line":772,"column":8},"end":{"line":772,"column":15}},"166":{"start":{"line":775,"column":34},"end":{"line":775,"column":60}},"167":{"start":{"line":778,"column":8},"end":{"line":778,"column":57}},"168":{"start":{"line":780,"column":6},"end":{"line":798,"column":7}},"169":{"start":{"line":781,"column":8},"end":{"line":785,"column":11}},"170":{"start":{"line":787,"column":8},"end":{"line":790,"column":10}},"171":{"start":{"line":791,"column":8},"end":{"line":797,"column":11}},"172":{"start":{"line":805,"column":9},"end":{"line":842,"column":4}},"173":{"start":{"line":806,"column":57},"end":{"line":841,"column":null}},"174":{"start":{"line":807,"column":35},"end":{"line":807,"column":76}},"175":{"start":{"line":808,"column":6},"end":{"line":815,"column":7}},"176":{"start":{"line":809,"column":8},"end":{"line":813,"column":11}},"177":{"start":{"line":814,"column":8},"end":{"line":814,"column":15}},"178":{"start":{"line":817,"column":42},"end":{"line":817,"column":67}},"179":{"start":{"line":820,"column":8},"end":{"line":820,"column":50}},"180":{"start":{"line":822,"column":6},"end":{"line":840,"column":7}},"181":{"start":{"line":823,"column":8},"end":{"line":827,"column":11}},"182":{"start":{"line":829,"column":8},"end":{"line":832,"column":10}},"183":{"start":{"line":833,"column":8},"end":{"line":839,"column":11}},"184":{"start":{"line":847,"column":9},"end":{"line":884,"column":4}},"185":{"start":{"line":848,"column":57},"end":{"line":883,"column":null}},"186":{"start":{"line":849,"column":35},"end":{"line":849,"column":77}},"187":{"start":{"line":850,"column":6},"end":{"line":857,"column":7}},"188":{"start":{"line":851,"column":8},"end":{"line":855,"column":11}},"189":{"start":{"line":856,"column":8},"end":{"line":856,"column":15}},"190":{"start":{"line":859,"column":43},"end":{"line":859,"column":68}},"191":{"start":{"line":862,"column":8},"end":{"line":862,"column":51}},"192":{"start":{"line":864,"column":6},"end":{"line":882,"column":7}},"193":{"start":{"line":865,"column":8},"end":{"line":869,"column":11}},"194":{"start":{"line":871,"column":8},"end":{"line":874,"column":10}},"195":{"start":{"line":875,"column":8},"end":{"line":881,"column":11}},"196":{"start":{"line":889,"column":9},"end":{"line":925,"column":4}},"197":{"start":{"line":890,"column":57},"end":{"line":924,"column":null}},"198":{"start":{"line":891,"column":37},"end":{"line":891,"column":76}},"199":{"start":{"line":892,"column":6},"end":{"line":899,"column":7}},"200":{"start":{"line":893,"column":8},"end":{"line":897,"column":11}},"201":{"start":{"line":898,"column":8},"end":{"line":898,"column":15}},"202":{"start":{"line":900,"column":25},"end":{"line":900,"column":52}},"203":{"start":{"line":903,"column":8},"end":{"line":903,"column":54}},"204":{"start":{"line":905,"column":6},"end":{"line":923,"column":7}},"205":{"start":{"line":906,"column":8},"end":{"line":910,"column":11}},"206":{"start":{"line":912,"column":8},"end":{"line":915,"column":10}},"207":{"start":{"line":916,"column":8},"end":{"line":922,"column":11}},"208":{"start":{"line":252,"column":0},"end":{"line":252,"column":13}},"209":{"start":{"line":930,"column":0},"end":{"line":930,"column":40}}},"fnMap":{"0":{"name":"(anonymous_8)","decl":{"start":{"line":37,"column":17},"end":{"line":37,"column":18}},"loc":{"start":{"line":37,"column":27},"end":{"line":37,"column":62}}},"1":{"name":"(anonymous_9)","decl":{"start":{"line":41,"column":17},"end":{"line":41,"column":18}},"loc":{"start":{"line":41,"column":27},"end":{"line":41,"column":62}}},"2":{"name":"(anonymous_10)","decl":{"start":{"line":70,"column":4},"end":{"line":70,"column":5}},"loc":{"start":{"line":70,"column":13},"end":{"line":83,"column":5}}},"3":{"name":"(anonymous_11)","decl":{"start":{"line":167,"column":10},"end":{"line":167,"column":11}},"loc":{"start":{"line":167,"column":20},"end":{"line":167,"column":48}}},"4":{"name":"(anonymous_12)","decl":{"start":{"line":197,"column":17},"end":{"line":197,"column":18}},"loc":{"start":{"line":197,"column":27},"end":{"line":197,"column":60}}},"5":{"name":"(anonymous_13)","decl":{"start":{"line":220,"column":17},"end":{"line":220,"column":18}},"loc":{"start":{"line":220,"column":27},"end":{"line":220,"column":62}}},"6":{"name":"(anonymous_14)","decl":{"start":{"line":224,"column":17},"end":{"line":224,"column":18}},"loc":{"start":{"line":224,"column":27},"end":{"line":224,"column":62}}},"7":{"name":"(anonymous_15)","decl":{"start":{"line":237,"column":4},"end":{"line":237,"column":5}},"loc":{"start":{"line":237,"column":14},"end":{"line":237,"column":72}}},"8":{"name":"(anonymous_16)","decl":{"start":{"line":252,"column":0},"end":{"line":252,"column":13}},"loc":{"start":{"line":252,"column":0},"end":{"line":928,"column":1}}},"9":{"name":"(anonymous_17)","decl":{"start":{"line":257,"column":4},"end":{"line":257,"column":11}},"loc":{"start":{"line":257,"column":57},"end":{"line":275,"column":null}}},"10":{"name":"(anonymous_18)","decl":{"start":{"line":257,"column":57},"end":{"line":257,"column":null}},"loc":{"start":{"line":257,"column":57},"end":{"line":275,"column":5}}},"11":{"name":"(anonymous_19)","decl":{"start":{"line":282,"column":4},"end":{"line":282,"column":11}},"loc":{"start":{"line":282,"column":57},"end":{"line":323,"column":null}}},"12":{"name":"(anonymous_20)","decl":{"start":{"line":282,"column":57},"end":{"line":282,"column":null}},"loc":{"start":{"line":282,"column":57},"end":{"line":323,"column":5}}},"13":{"name":"(anonymous_21)","decl":{"start":{"line":330,"column":4},"end":{"line":330,"column":11}},"loc":{"start":{"line":330,"column":57},"end":{"line":365,"column":null}}},"14":{"name":"(anonymous_22)","decl":{"start":{"line":330,"column":57},"end":{"line":330,"column":null}},"loc":{"start":{"line":330,"column":57},"end":{"line":365,"column":5}}},"15":{"name":"(anonymous_23)","decl":{"start":{"line":372,"column":4},"end":{"line":372,"column":11}},"loc":{"start":{"line":372,"column":57},"end":{"line":425,"column":null}}},"16":{"name":"(anonymous_24)","decl":{"start":{"line":372,"column":57},"end":{"line":372,"column":null}},"loc":{"start":{"line":372,"column":57},"end":{"line":425,"column":5}}},"17":{"name":"(anonymous_25)","decl":{"start":{"line":432,"column":4},"end":{"line":432,"column":11}},"loc":{"start":{"line":432,"column":57},"end":{"line":467,"column":null}}},"18":{"name":"(anonymous_26)","decl":{"start":{"line":432,"column":57},"end":{"line":432,"column":null}},"loc":{"start":{"line":432,"column":57},"end":{"line":467,"column":5}}},"19":{"name":"(anonymous_27)","decl":{"start":{"line":474,"column":4},"end":{"line":474,"column":11}},"loc":{"start":{"line":474,"column":57},"end":{"line":511,"column":null}}},"20":{"name":"(anonymous_28)","decl":{"start":{"line":474,"column":57},"end":{"line":474,"column":null}},"loc":{"start":{"line":474,"column":57},"end":{"line":511,"column":5}}},"21":{"name":"(anonymous_29)","decl":{"start":{"line":518,"column":4},"end":{"line":518,"column":11}},"loc":{"start":{"line":518,"column":57},"end":{"line":552,"column":null}}},"22":{"name":"(anonymous_30)","decl":{"start":{"line":518,"column":57},"end":{"line":518,"column":null}},"loc":{"start":{"line":518,"column":57},"end":{"line":552,"column":5}}},"23":{"name":"(anonymous_31)","decl":{"start":{"line":559,"column":4},"end":{"line":559,"column":11}},"loc":{"start":{"line":559,"column":57},"end":{"line":618,"column":null}}},"24":{"name":"(anonymous_32)","decl":{"start":{"line":559,"column":57},"end":{"line":559,"column":null}},"loc":{"start":{"line":559,"column":57},"end":{"line":618,"column":5}}},"25":{"name":"(anonymous_33)","decl":{"start":{"line":625,"column":4},"end":{"line":625,"column":11}},"loc":{"start":{"line":625,"column":57},"end":{"line":659,"column":null}}},"26":{"name":"(anonymous_34)","decl":{"start":{"line":625,"column":57},"end":{"line":625,"column":null}},"loc":{"start":{"line":625,"column":57},"end":{"line":659,"column":5}}},"27":{"name":"(anonymous_35)","decl":{"start":{"line":666,"column":4},"end":{"line":666,"column":11}},"loc":{"start":{"line":666,"column":57},"end":{"line":705,"column":null}}},"28":{"name":"(anonymous_36)","decl":{"start":{"line":666,"column":57},"end":{"line":666,"column":null}},"loc":{"start":{"line":666,"column":57},"end":{"line":705,"column":5}}},"29":{"name":"(anonymous_37)","decl":{"start":{"line":712,"column":4},"end":{"line":712,"column":null}},"loc":{"start":{"line":715,"column":23},"end":{"line":754,"column":null}}},"30":{"name":"(anonymous_38)","decl":{"start":{"line":715,"column":23},"end":{"line":715,"column":null}},"loc":{"start":{"line":715,"column":23},"end":{"line":754,"column":5}}},"31":{"name":"(anonymous_39)","decl":{"start":{"line":761,"column":4},"end":{"line":761,"column":11}},"loc":{"start":{"line":761,"column":57},"end":{"line":799,"column":null}}},"32":{"name":"(anonymous_40)","decl":{"start":{"line":761,"column":57},"end":{"line":761,"column":null}},"loc":{"start":{"line":761,"column":57},"end":{"line":799,"column":5}}},"33":{"name":"(anonymous_41)","decl":{"start":{"line":806,"column":4},"end":{"line":806,"column":11}},"loc":{"start":{"line":806,"column":57},"end":{"line":841,"column":null}}},"34":{"name":"(anonymous_42)","decl":{"start":{"line":806,"column":57},"end":{"line":806,"column":null}},"loc":{"start":{"line":806,"column":57},"end":{"line":841,"column":5}}},"35":{"name":"(anonymous_43)","decl":{"start":{"line":848,"column":4},"end":{"line":848,"column":11}},"loc":{"start":{"line":848,"column":57},"end":{"line":883,"column":null}}},"36":{"name":"(anonymous_44)","decl":{"start":{"line":848,"column":57},"end":{"line":848,"column":null}},"loc":{"start":{"line":848,"column":57},"end":{"line":883,"column":5}}},"37":{"name":"(anonymous_45)","decl":{"start":{"line":890,"column":4},"end":{"line":890,"column":11}},"loc":{"start":{"line":890,"column":57},"end":{"line":924,"column":null}}},"38":{"name":"(anonymous_46)","decl":{"start":{"line":890,"column":57},"end":{"line":890,"column":null}},"loc":{"start":{"line":890,"column":57},"end":{"line":924,"column":5}}}},"branchMap":{"0":{"loc":{"start":{"line":37,"column":27},"end":{"line":37,"column":62}},"type":"cond-expr","locations":[{"start":{"line":37,"column":33},"end":{"line":37,"column":50}},{"start":{"line":37,"column":53},"end":{"line":37,"column":62}}]},"1":{"loc":{"start":{"line":41,"column":27},"end":{"line":41,"column":62}},"type":"cond-expr","locations":[{"start":{"line":41,"column":33},"end":{"line":41,"column":50}},{"start":{"line":41,"column":53},"end":{"line":41,"column":62}}]},"2":{"loc":{"start":{"line":71,"column":6},"end":{"line":81,"column":7}},"type":"if","locations":[{"start":{"line":71,"column":6},"end":{"line":81,"column":7}}]},"3":{"loc":{"start":{"line":72,"column":8},"end":{"line":78,"column":38}},"type":"binary-expr","locations":[{"start":{"line":72,"column":8},"end":{"line":72,"column":38}},{"start":{"line":73,"column":8},"end":{"line":73,"column":39}},{"start":{"line":74,"column":8},"end":{"line":74,"column":40}},{"start":{"line":75,"column":8},"end":{"line":75,"column":41}},{"start":{"line":76,"column":8},"end":{"line":76,"column":40}},{"start":{"line":77,"column":8},"end":{"line":77,"column":40}},{"start":{"line":78,"column":8},"end":{"line":78,"column":38}}]},"4":{"loc":{"start":{"line":80,"column":18},"end":{"line":80,"column":71}},"type":"binary-expr","locations":[{"start":{"line":80,"column":18},"end":{"line":80,"column":33}},{"start":{"line":80,"column":37},"end":{"line":80,"column":52}},{"start":{"line":80,"column":56},"end":{"line":80,"column":71}}]},"5":{"loc":{"start":{"line":197,"column":27},"end":{"line":197,"column":60}},"type":"cond-expr","locations":[{"start":{"line":197,"column":33},"end":{"line":197,"column":48}},{"start":{"line":197,"column":51},"end":{"line":197,"column":60}}]},"6":{"loc":{"start":{"line":220,"column":27},"end":{"line":220,"column":62}},"type":"cond-expr","locations":[{"start":{"line":220,"column":33},"end":{"line":220,"column":50}},{"start":{"line":220,"column":53},"end":{"line":220,"column":62}}]},"7":{"loc":{"start":{"line":224,"column":27},"end":{"line":224,"column":62}},"type":"cond-expr","locations":[{"start":{"line":224,"column":33},"end":{"line":224,"column":50}},{"start":{"line":224,"column":53},"end":{"line":224,"column":62}}]},"8":{"loc":{"start":{"line":237,"column":14},"end":{"line":237,"column":72}},"type":"binary-expr","locations":[{"start":{"line":237,"column":14},"end":{"line":237,"column":43}},{"start":{"line":237,"column":47},"end":{"line":237,"column":72}}]},"9":{"loc":{"start":{"line":260,"column":6},"end":{"line":274,"column":7}},"type":"if","locations":[{"start":{"line":260,"column":6},"end":{"line":274,"column":7}},{"start":{"line":266,"column":13},"end":{"line":274,"column":7}}]},"10":{"loc":{"start":{"line":260,"column":10},"end":{"line":260,"column":47}},"type":"binary-expr","locations":[{"start":{"line":260,"column":10},"end":{"line":260,"column":21}},{"start":{"line":260,"column":25},"end":{"line":260,"column":47}}]},"11":{"loc":{"start":{"line":267,"column":19},"end":{"line":267,"column":71}},"type":"cond-expr","locations":[{"start":{"line":267,"column":62},"end":{"line":267,"column":65}},{"start":{"line":267,"column":68},"end":{"line":267,"column":71}}]},"12":{"loc":{"start":{"line":267,"column":19},"end":{"line":267,"column":59}},"type":"binary-expr","locations":[{"start":{"line":267,"column":19},"end":{"line":267,"column":43}},{"start":{"line":267,"column":47},"end":{"line":267,"column":59}}]},"13":{"loc":{"start":{"line":267,"column":19},"end":{"line":267,"column":36}},"type":"cond-expr","locations":[{"start":{"line":267,"column":30},"end":{"line":267,"column":32}},{"start":{"line":267,"column":19},"end":{"line":267,"column":36}}]},"14":{"loc":{"start":{"line":267,"column":19},"end":{"line":267,"column":32}},"type":"binary-expr","locations":[{"start":{"line":267,"column":19},"end":{"line":267,"column":32}},{"start":{"line":267,"column":19},"end":{"line":267,"column":32}}]},"15":{"loc":{"start":{"line":270,"column":12},"end":{"line":271,"column":73}},"type":"binary-expr","locations":[{"start":{"line":270,"column":12},"end":{"line":270,"column":28}},{"start":{"line":271,"column":12},"end":{"line":271,"column":73}}]},"16":{"loc":{"start":{"line":270,"column":12},"end":{"line":270,"column":28}},"type":"cond-expr","locations":[{"start":{"line":270,"column":23},"end":{"line":270,"column":25}},{"start":{"line":270,"column":12},"end":{"line":270,"column":28}}]},"17":{"loc":{"start":{"line":270,"column":12},"end":{"line":270,"column":25}},"type":"binary-expr","locations":[{"start":{"line":270,"column":12},"end":{"line":270,"column":25}},{"start":{"line":270,"column":12},"end":{"line":270,"column":25}}]},"18":{"loc":{"start":{"line":272,"column":24},"end":{"line":272,"column":49}},"type":"binary-expr","locations":[{"start":{"line":272,"column":24},"end":{"line":272,"column":41}},{"start":{"line":272,"column":45},"end":{"line":272,"column":49}}]},"19":{"loc":{"start":{"line":272,"column":24},"end":{"line":272,"column":41}},"type":"cond-expr","locations":[{"start":{"line":272,"column":35},"end":{"line":272,"column":37}},{"start":{"line":272,"column":24},"end":{"line":272,"column":41}}]},"20":{"loc":{"start":{"line":272,"column":24},"end":{"line":272,"column":37}},"type":"binary-expr","locations":[{"start":{"line":272,"column":24},"end":{"line":272,"column":37}},{"start":{"line":272,"column":24},"end":{"line":272,"column":37}}]},"21":{"loc":{"start":{"line":284,"column":6},"end":{"line":292,"column":7}},"type":"if","locations":[{"start":{"line":284,"column":6},"end":{"line":292,"column":7}}]},"22":{"loc":{"start":{"line":299,"column":6},"end":{"line":322,"column":7}},"type":"if","locations":[{"start":{"line":299,"column":6},"end":{"line":322,"column":7}},{"start":{"line":310,"column":13},"end":{"line":322,"column":7}}]},"23":{"loc":{"start":{"line":300,"column":8},"end":{"line":303,"column":27}},"type":"binary-expr","locations":[{"start":{"line":300,"column":8},"end":{"line":300,"column":19}},{"start":{"line":301,"column":8},"end":{"line":301,"column":30}},{"start":{"line":302,"column":8},"end":{"line":302,"column":24}},{"start":{"line":303,"column":8},"end":{"line":303,"column":27}}]},"24":{"loc":{"start":{"line":315,"column":19},"end":{"line":315,"column":71}},"type":"cond-expr","locations":[{"start":{"line":315,"column":62},"end":{"line":315,"column":65}},{"start":{"line":315,"column":68},"end":{"line":315,"column":71}}]},"25":{"loc":{"start":{"line":315,"column":19},"end":{"line":315,"column":59}},"type":"binary-expr","locations":[{"start":{"line":315,"column":19},"end":{"line":315,"column":43}},{"start":{"line":315,"column":47},"end":{"line":315,"column":59}}]},"26":{"loc":{"start":{"line":315,"column":19},"end":{"line":315,"column":36}},"type":"cond-expr","locations":[{"start":{"line":315,"column":30},"end":{"line":315,"column":32}},{"start":{"line":315,"column":19},"end":{"line":315,"column":36}}]},"27":{"loc":{"start":{"line":315,"column":19},"end":{"line":315,"column":32}},"type":"binary-expr","locations":[{"start":{"line":315,"column":19},"end":{"line":315,"column":32}},{"start":{"line":315,"column":19},"end":{"line":315,"column":32}}]},"28":{"loc":{"start":{"line":318,"column":12},"end":{"line":319,"column":73}},"type":"binary-expr","locations":[{"start":{"line":318,"column":12},"end":{"line":318,"column":28}},{"start":{"line":319,"column":12},"end":{"line":319,"column":73}}]},"29":{"loc":{"start":{"line":318,"column":12},"end":{"line":318,"column":28}},"type":"cond-expr","locations":[{"start":{"line":318,"column":23},"end":{"line":318,"column":25}},{"start":{"line":318,"column":12},"end":{"line":318,"column":28}}]},"30":{"loc":{"start":{"line":318,"column":12},"end":{"line":318,"column":25}},"type":"binary-expr","locations":[{"start":{"line":318,"column":12},"end":{"line":318,"column":25}},{"start":{"line":318,"column":12},"end":{"line":318,"column":25}}]},"31":{"loc":{"start":{"line":320,"column":24},"end":{"line":320,"column":43}},"type":"binary-expr","locations":[{"start":{"line":320,"column":24},"end":{"line":320,"column":35}},{"start":{"line":320,"column":39},"end":{"line":320,"column":43}}]},"32":{"loc":{"start":{"line":332,"column":6},"end":{"line":339,"column":7}},"type":"if","locations":[{"start":{"line":332,"column":6},"end":{"line":339,"column":7}}]},"33":{"loc":{"start":{"line":346,"column":6},"end":{"line":364,"column":7}},"type":"if","locations":[{"start":{"line":346,"column":6},"end":{"line":364,"column":7}},{"start":{"line":352,"column":13},"end":{"line":364,"column":7}}]},"34":{"loc":{"start":{"line":346,"column":10},"end":{"line":346,"column":47}},"type":"binary-expr","locations":[{"start":{"line":346,"column":10},"end":{"line":346,"column":21}},{"start":{"line":346,"column":25},"end":{"line":346,"column":47}}]},"35":{"loc":{"start":{"line":357,"column":19},"end":{"line":357,"column":71}},"type":"cond-expr","locations":[{"start":{"line":357,"column":62},"end":{"line":357,"column":65}},{"start":{"line":357,"column":68},"end":{"line":357,"column":71}}]},"36":{"loc":{"start":{"line":357,"column":19},"end":{"line":357,"column":59}},"type":"binary-expr","locations":[{"start":{"line":357,"column":19},"end":{"line":357,"column":43}},{"start":{"line":357,"column":47},"end":{"line":357,"column":59}}]},"37":{"loc":{"start":{"line":357,"column":19},"end":{"line":357,"column":36}},"type":"cond-expr","locations":[{"start":{"line":357,"column":30},"end":{"line":357,"column":32}},{"start":{"line":357,"column":19},"end":{"line":357,"column":36}}]},"38":{"loc":{"start":{"line":357,"column":19},"end":{"line":357,"column":32}},"type":"binary-expr","locations":[{"start":{"line":357,"column":19},"end":{"line":357,"column":32}},{"start":{"line":357,"column":19},"end":{"line":357,"column":32}}]},"39":{"loc":{"start":{"line":360,"column":12},"end":{"line":361,"column":72}},"type":"binary-expr","locations":[{"start":{"line":360,"column":12},"end":{"line":360,"column":28}},{"start":{"line":361,"column":12},"end":{"line":361,"column":72}}]},"40":{"loc":{"start":{"line":360,"column":12},"end":{"line":360,"column":28}},"type":"cond-expr","locations":[{"start":{"line":360,"column":23},"end":{"line":360,"column":25}},{"start":{"line":360,"column":12},"end":{"line":360,"column":28}}]},"41":{"loc":{"start":{"line":360,"column":12},"end":{"line":360,"column":25}},"type":"binary-expr","locations":[{"start":{"line":360,"column":12},"end":{"line":360,"column":25}},{"start":{"line":360,"column":12},"end":{"line":360,"column":25}}]},"42":{"loc":{"start":{"line":362,"column":24},"end":{"line":362,"column":43}},"type":"binary-expr","locations":[{"start":{"line":362,"column":24},"end":{"line":362,"column":35}},{"start":{"line":362,"column":39},"end":{"line":362,"column":43}}]},"43":{"loc":{"start":{"line":375,"column":6},"end":{"line":382,"column":7}},"type":"if","locations":[{"start":{"line":375,"column":6},"end":{"line":382,"column":7}}]},"44":{"loc":{"start":{"line":387,"column":6},"end":{"line":394,"column":7}},"type":"if","locations":[{"start":{"line":387,"column":6},"end":{"line":394,"column":7}}]},"45":{"loc":{"start":{"line":406,"column":6},"end":{"line":424,"column":7}},"type":"if","locations":[{"start":{"line":406,"column":6},"end":{"line":424,"column":7}},{"start":{"line":412,"column":13},"end":{"line":424,"column":7}}]},"46":{"loc":{"start":{"line":406,"column":10},"end":{"line":406,"column":47}},"type":"binary-expr","locations":[{"start":{"line":406,"column":10},"end":{"line":406,"column":21}},{"start":{"line":406,"column":25},"end":{"line":406,"column":47}}]},"47":{"loc":{"start":{"line":417,"column":19},"end":{"line":417,"column":71}},"type":"cond-expr","locations":[{"start":{"line":417,"column":62},"end":{"line":417,"column":65}},{"start":{"line":417,"column":68},"end":{"line":417,"column":71}}]},"48":{"loc":{"start":{"line":417,"column":19},"end":{"line":417,"column":59}},"type":"binary-expr","locations":[{"start":{"line":417,"column":19},"end":{"line":417,"column":43}},{"start":{"line":417,"column":47},"end":{"line":417,"column":59}}]},"49":{"loc":{"start":{"line":417,"column":19},"end":{"line":417,"column":36}},"type":"cond-expr","locations":[{"start":{"line":417,"column":30},"end":{"line":417,"column":32}},{"start":{"line":417,"column":19},"end":{"line":417,"column":36}}]},"50":{"loc":{"start":{"line":417,"column":19},"end":{"line":417,"column":32}},"type":"binary-expr","locations":[{"start":{"line":417,"column":19},"end":{"line":417,"column":32}},{"start":{"line":417,"column":19},"end":{"line":417,"column":32}}]},"51":{"loc":{"start":{"line":420,"column":12},"end":{"line":421,"column":83}},"type":"binary-expr","locations":[{"start":{"line":420,"column":12},"end":{"line":420,"column":28}},{"start":{"line":421,"column":12},"end":{"line":421,"column":83}}]},"52":{"loc":{"start":{"line":420,"column":12},"end":{"line":420,"column":28}},"type":"cond-expr","locations":[{"start":{"line":420,"column":23},"end":{"line":420,"column":25}},{"start":{"line":420,"column":12},"end":{"line":420,"column":28}}]},"53":{"loc":{"start":{"line":420,"column":12},"end":{"line":420,"column":25}},"type":"binary-expr","locations":[{"start":{"line":420,"column":12},"end":{"line":420,"column":25}},{"start":{"line":420,"column":12},"end":{"line":420,"column":25}}]},"54":{"loc":{"start":{"line":422,"column":24},"end":{"line":422,"column":43}},"type":"binary-expr","locations":[{"start":{"line":422,"column":24},"end":{"line":422,"column":35}},{"start":{"line":422,"column":39},"end":{"line":422,"column":43}}]},"55":{"loc":{"start":{"line":434,"column":6},"end":{"line":441,"column":7}},"type":"if","locations":[{"start":{"line":434,"column":6},"end":{"line":441,"column":7}}]},"56":{"loc":{"start":{"line":448,"column":6},"end":{"line":466,"column":7}},"type":"if","locations":[{"start":{"line":448,"column":6},"end":{"line":466,"column":7}},{"start":{"line":454,"column":13},"end":{"line":466,"column":7}}]},"57":{"loc":{"start":{"line":448,"column":10},"end":{"line":448,"column":47}},"type":"binary-expr","locations":[{"start":{"line":448,"column":10},"end":{"line":448,"column":21}},{"start":{"line":448,"column":25},"end":{"line":448,"column":47}}]},"58":{"loc":{"start":{"line":459,"column":19},"end":{"line":459,"column":71}},"type":"cond-expr","locations":[{"start":{"line":459,"column":62},"end":{"line":459,"column":65}},{"start":{"line":459,"column":68},"end":{"line":459,"column":71}}]},"59":{"loc":{"start":{"line":459,"column":19},"end":{"line":459,"column":59}},"type":"binary-expr","locations":[{"start":{"line":459,"column":19},"end":{"line":459,"column":43}},{"start":{"line":459,"column":47},"end":{"line":459,"column":59}}]},"60":{"loc":{"start":{"line":459,"column":19},"end":{"line":459,"column":36}},"type":"cond-expr","locations":[{"start":{"line":459,"column":30},"end":{"line":459,"column":32}},{"start":{"line":459,"column":19},"end":{"line":459,"column":36}}]},"61":{"loc":{"start":{"line":459,"column":19},"end":{"line":459,"column":32}},"type":"binary-expr","locations":[{"start":{"line":459,"column":19},"end":{"line":459,"column":32}},{"start":{"line":459,"column":19},"end":{"line":459,"column":32}}]},"62":{"loc":{"start":{"line":462,"column":12},"end":{"line":463,"column":74}},"type":"binary-expr","locations":[{"start":{"line":462,"column":12},"end":{"line":462,"column":28}},{"start":{"line":463,"column":12},"end":{"line":463,"column":74}}]},"63":{"loc":{"start":{"line":462,"column":12},"end":{"line":462,"column":28}},"type":"cond-expr","locations":[{"start":{"line":462,"column":23},"end":{"line":462,"column":25}},{"start":{"line":462,"column":12},"end":{"line":462,"column":28}}]},"64":{"loc":{"start":{"line":462,"column":12},"end":{"line":462,"column":25}},"type":"binary-expr","locations":[{"start":{"line":462,"column":12},"end":{"line":462,"column":25}},{"start":{"line":462,"column":12},"end":{"line":462,"column":25}}]},"65":{"loc":{"start":{"line":464,"column":24},"end":{"line":464,"column":43}},"type":"binary-expr","locations":[{"start":{"line":464,"column":24},"end":{"line":464,"column":35}},{"start":{"line":464,"column":39},"end":{"line":464,"column":43}}]},"66":{"loc":{"start":{"line":478,"column":6},"end":{"line":485,"column":7}},"type":"if","locations":[{"start":{"line":478,"column":6},"end":{"line":485,"column":7}}]},"67":{"loc":{"start":{"line":492,"column":6},"end":{"line":510,"column":7}},"type":"if","locations":[{"start":{"line":492,"column":6},"end":{"line":510,"column":7}},{"start":{"line":498,"column":13},"end":{"line":510,"column":7}}]},"68":{"loc":{"start":{"line":492,"column":10},"end":{"line":492,"column":47}},"type":"binary-expr","locations":[{"start":{"line":492,"column":10},"end":{"line":492,"column":21}},{"start":{"line":492,"column":25},"end":{"line":492,"column":47}}]},"69":{"loc":{"start":{"line":503,"column":19},"end":{"line":503,"column":71}},"type":"cond-expr","locations":[{"start":{"line":503,"column":62},"end":{"line":503,"column":65}},{"start":{"line":503,"column":68},"end":{"line":503,"column":71}}]},"70":{"loc":{"start":{"line":503,"column":19},"end":{"line":503,"column":59}},"type":"binary-expr","locations":[{"start":{"line":503,"column":19},"end":{"line":503,"column":43}},{"start":{"line":503,"column":47},"end":{"line":503,"column":59}}]},"71":{"loc":{"start":{"line":503,"column":19},"end":{"line":503,"column":36}},"type":"cond-expr","locations":[{"start":{"line":503,"column":30},"end":{"line":503,"column":32}},{"start":{"line":503,"column":19},"end":{"line":503,"column":36}}]},"72":{"loc":{"start":{"line":503,"column":19},"end":{"line":503,"column":32}},"type":"binary-expr","locations":[{"start":{"line":503,"column":19},"end":{"line":503,"column":32}},{"start":{"line":503,"column":19},"end":{"line":503,"column":32}}]},"73":{"loc":{"start":{"line":506,"column":12},"end":{"line":507,"column":75}},"type":"binary-expr","locations":[{"start":{"line":506,"column":12},"end":{"line":506,"column":28}},{"start":{"line":507,"column":12},"end":{"line":507,"column":75}}]},"74":{"loc":{"start":{"line":506,"column":12},"end":{"line":506,"column":28}},"type":"cond-expr","locations":[{"start":{"line":506,"column":23},"end":{"line":506,"column":25}},{"start":{"line":506,"column":12},"end":{"line":506,"column":28}}]},"75":{"loc":{"start":{"line":506,"column":12},"end":{"line":506,"column":25}},"type":"binary-expr","locations":[{"start":{"line":506,"column":12},"end":{"line":506,"column":25}},{"start":{"line":506,"column":12},"end":{"line":506,"column":25}}]},"76":{"loc":{"start":{"line":508,"column":24},"end":{"line":508,"column":43}},"type":"binary-expr","locations":[{"start":{"line":508,"column":24},"end":{"line":508,"column":35}},{"start":{"line":508,"column":39},"end":{"line":508,"column":43}}]},"77":{"loc":{"start":{"line":523,"column":6},"end":{"line":551,"column":7}},"type":"if","locations":[{"start":{"line":523,"column":6},"end":{"line":551,"column":7}},{"start":{"line":529,"column":13},"end":{"line":551,"column":7}}]},"78":{"loc":{"start":{"line":523,"column":10},"end":{"line":523,"column":47}},"type":"binary-expr","locations":[{"start":{"line":523,"column":10},"end":{"line":523,"column":21}},{"start":{"line":523,"column":25},"end":{"line":523,"column":47}}]},"79":{"loc":{"start":{"line":532,"column":10},"end":{"line":536,"column":19}},"type":"cond-expr","locations":[{"start":{"line":533,"column":14},"end":{"line":533,"column":17}},{"start":{"line":534,"column":14},"end":{"line":536,"column":19}}]},"80":{"loc":{"start":{"line":532,"column":10},"end":{"line":532,"column":27}},"type":"cond-expr","locations":[{"start":{"line":532,"column":21},"end":{"line":532,"column":23}},{"start":{"line":532,"column":10},"end":{"line":532,"column":27}}]},"81":{"loc":{"start":{"line":532,"column":10},"end":{"line":532,"column":23}},"type":"binary-expr","locations":[{"start":{"line":532,"column":10},"end":{"line":532,"column":23}},{"start":{"line":532,"column":10},"end":{"line":532,"column":23}}]},"82":{"loc":{"start":{"line":534,"column":14},"end":{"line":536,"column":19}},"type":"cond-expr","locations":[{"start":{"line":535,"column":16},"end":{"line":535,"column":19}},{"start":{"line":536,"column":16},"end":{"line":536,"column":19}}]},"83":{"loc":{"start":{"line":534,"column":14},"end":{"line":534,"column":61}},"type":"binary-expr","locations":[{"start":{"line":534,"column":14},"end":{"line":534,"column":37}},{"start":{"line":534,"column":41},"end":{"line":534,"column":61}}]},"84":{"loc":{"start":{"line":534,"column":14},"end":{"line":534,"column":31}},"type":"cond-expr","locations":[{"start":{"line":534,"column":25},"end":{"line":534,"column":27}},{"start":{"line":534,"column":14},"end":{"line":534,"column":31}}]},"85":{"loc":{"start":{"line":534,"column":14},"end":{"line":534,"column":27}},"type":"binary-expr","locations":[{"start":{"line":534,"column":14},"end":{"line":534,"column":27}},{"start":{"line":534,"column":14},"end":{"line":534,"column":27}}]},"86":{"loc":{"start":{"line":547,"column":12},"end":{"line":548,"column":83}},"type":"binary-expr","locations":[{"start":{"line":547,"column":12},"end":{"line":547,"column":28}},{"start":{"line":548,"column":12},"end":{"line":548,"column":83}}]},"87":{"loc":{"start":{"line":547,"column":12},"end":{"line":547,"column":28}},"type":"cond-expr","locations":[{"start":{"line":547,"column":23},"end":{"line":547,"column":25}},{"start":{"line":547,"column":12},"end":{"line":547,"column":28}}]},"88":{"loc":{"start":{"line":547,"column":12},"end":{"line":547,"column":25}},"type":"binary-expr","locations":[{"start":{"line":547,"column":12},"end":{"line":547,"column":25}},{"start":{"line":547,"column":12},"end":{"line":547,"column":25}}]},"89":{"loc":{"start":{"line":549,"column":24},"end":{"line":549,"column":43}},"type":"binary-expr","locations":[{"start":{"line":549,"column":24},"end":{"line":549,"column":35}},{"start":{"line":549,"column":39},"end":{"line":549,"column":43}}]},"90":{"loc":{"start":{"line":561,"column":6},"end":{"line":568,"column":7}},"type":"if","locations":[{"start":{"line":561,"column":6},"end":{"line":568,"column":7}}]},"91":{"loc":{"start":{"line":574,"column":6},"end":{"line":581,"column":7}},"type":"if","locations":[{"start":{"line":574,"column":6},"end":{"line":581,"column":7}}]},"92":{"loc":{"start":{"line":594,"column":6},"end":{"line":617,"column":7}},"type":"if","locations":[{"start":{"line":594,"column":6},"end":{"line":617,"column":7}},{"start":{"line":605,"column":13},"end":{"line":617,"column":7}}]},"93":{"loc":{"start":{"line":595,"column":8},"end":{"line":598,"column":27}},"type":"binary-expr","locations":[{"start":{"line":595,"column":8},"end":{"line":595,"column":19}},{"start":{"line":596,"column":8},"end":{"line":596,"column":30}},{"start":{"line":597,"column":8},"end":{"line":597,"column":24}},{"start":{"line":598,"column":8},"end":{"line":598,"column":27}}]},"94":{"loc":{"start":{"line":610,"column":19},"end":{"line":610,"column":71}},"type":"cond-expr","locations":[{"start":{"line":610,"column":62},"end":{"line":610,"column":65}},{"start":{"line":610,"column":68},"end":{"line":610,"column":71}}]},"95":{"loc":{"start":{"line":610,"column":19},"end":{"line":610,"column":59}},"type":"binary-expr","locations":[{"start":{"line":610,"column":19},"end":{"line":610,"column":43}},{"start":{"line":610,"column":47},"end":{"line":610,"column":59}}]},"96":{"loc":{"start":{"line":610,"column":19},"end":{"line":610,"column":36}},"type":"cond-expr","locations":[{"start":{"line":610,"column":30},"end":{"line":610,"column":32}},{"start":{"line":610,"column":19},"end":{"line":610,"column":36}}]},"97":{"loc":{"start":{"line":610,"column":19},"end":{"line":610,"column":32}},"type":"binary-expr","locations":[{"start":{"line":610,"column":19},"end":{"line":610,"column":32}},{"start":{"line":610,"column":19},"end":{"line":610,"column":32}}]},"98":{"loc":{"start":{"line":613,"column":12},"end":{"line":614,"column":94}},"type":"binary-expr","locations":[{"start":{"line":613,"column":12},"end":{"line":613,"column":28}},{"start":{"line":614,"column":12},"end":{"line":614,"column":94}}]},"99":{"loc":{"start":{"line":613,"column":12},"end":{"line":613,"column":28}},"type":"cond-expr","locations":[{"start":{"line":613,"column":23},"end":{"line":613,"column":25}},{"start":{"line":613,"column":12},"end":{"line":613,"column":28}}]},"100":{"loc":{"start":{"line":613,"column":12},"end":{"line":613,"column":25}},"type":"binary-expr","locations":[{"start":{"line":613,"column":12},"end":{"line":613,"column":25}},{"start":{"line":613,"column":12},"end":{"line":613,"column":25}}]},"101":{"loc":{"start":{"line":615,"column":24},"end":{"line":615,"column":43}},"type":"binary-expr","locations":[{"start":{"line":615,"column":24},"end":{"line":615,"column":35}},{"start":{"line":615,"column":39},"end":{"line":615,"column":43}}]},"102":{"loc":{"start":{"line":627,"column":6},"end":{"line":634,"column":7}},"type":"if","locations":[{"start":{"line":627,"column":6},"end":{"line":634,"column":7}}]},"103":{"loc":{"start":{"line":640,"column":6},"end":{"line":658,"column":7}},"type":"if","locations":[{"start":{"line":640,"column":6},"end":{"line":658,"column":7}},{"start":{"line":646,"column":13},"end":{"line":658,"column":7}}]},"104":{"loc":{"start":{"line":640,"column":10},"end":{"line":640,"column":47}},"type":"binary-expr","locations":[{"start":{"line":640,"column":10},"end":{"line":640,"column":21}},{"start":{"line":640,"column":25},"end":{"line":640,"column":47}}]},"105":{"loc":{"start":{"line":651,"column":19},"end":{"line":651,"column":71}},"type":"cond-expr","locations":[{"start":{"line":651,"column":62},"end":{"line":651,"column":65}},{"start":{"line":651,"column":68},"end":{"line":651,"column":71}}]},"106":{"loc":{"start":{"line":651,"column":19},"end":{"line":651,"column":59}},"type":"binary-expr","locations":[{"start":{"line":651,"column":19},"end":{"line":651,"column":43}},{"start":{"line":651,"column":47},"end":{"line":651,"column":59}}]},"107":{"loc":{"start":{"line":651,"column":19},"end":{"line":651,"column":36}},"type":"cond-expr","locations":[{"start":{"line":651,"column":30},"end":{"line":651,"column":32}},{"start":{"line":651,"column":19},"end":{"line":651,"column":36}}]},"108":{"loc":{"start":{"line":651,"column":19},"end":{"line":651,"column":32}},"type":"binary-expr","locations":[{"start":{"line":651,"column":19},"end":{"line":651,"column":32}},{"start":{"line":651,"column":19},"end":{"line":651,"column":32}}]},"109":{"loc":{"start":{"line":654,"column":12},"end":{"line":655,"column":93}},"type":"binary-expr","locations":[{"start":{"line":654,"column":12},"end":{"line":654,"column":28}},{"start":{"line":655,"column":12},"end":{"line":655,"column":93}}]},"110":{"loc":{"start":{"line":654,"column":12},"end":{"line":654,"column":28}},"type":"cond-expr","locations":[{"start":{"line":654,"column":23},"end":{"line":654,"column":25}},{"start":{"line":654,"column":12},"end":{"line":654,"column":28}}]},"111":{"loc":{"start":{"line":654,"column":12},"end":{"line":654,"column":25}},"type":"binary-expr","locations":[{"start":{"line":654,"column":12},"end":{"line":654,"column":25}},{"start":{"line":654,"column":12},"end":{"line":654,"column":25}}]},"112":{"loc":{"start":{"line":656,"column":24},"end":{"line":656,"column":43}},"type":"binary-expr","locations":[{"start":{"line":656,"column":24},"end":{"line":656,"column":35}},{"start":{"line":656,"column":39},"end":{"line":656,"column":43}}]},"113":{"loc":{"start":{"line":668,"column":6},"end":{"line":675,"column":7}},"type":"if","locations":[{"start":{"line":668,"column":6},"end":{"line":675,"column":7}}]},"114":{"loc":{"start":{"line":681,"column":6},"end":{"line":704,"column":7}},"type":"if","locations":[{"start":{"line":681,"column":6},"end":{"line":704,"column":7}},{"start":{"line":692,"column":13},"end":{"line":704,"column":7}}]},"115":{"loc":{"start":{"line":682,"column":8},"end":{"line":685,"column":31}},"type":"binary-expr","locations":[{"start":{"line":682,"column":8},"end":{"line":682,"column":19}},{"start":{"line":683,"column":8},"end":{"line":683,"column":30}},{"start":{"line":684,"column":8},"end":{"line":684,"column":24}},{"start":{"line":685,"column":8},"end":{"line":685,"column":31}}]},"116":{"loc":{"start":{"line":697,"column":19},"end":{"line":697,"column":71}},"type":"cond-expr","locations":[{"start":{"line":697,"column":62},"end":{"line":697,"column":65}},{"start":{"line":697,"column":68},"end":{"line":697,"column":71}}]},"117":{"loc":{"start":{"line":697,"column":19},"end":{"line":697,"column":59}},"type":"binary-expr","locations":[{"start":{"line":697,"column":19},"end":{"line":697,"column":43}},{"start":{"line":697,"column":47},"end":{"line":697,"column":59}}]},"118":{"loc":{"start":{"line":697,"column":19},"end":{"line":697,"column":36}},"type":"cond-expr","locations":[{"start":{"line":697,"column":30},"end":{"line":697,"column":32}},{"start":{"line":697,"column":19},"end":{"line":697,"column":36}}]},"119":{"loc":{"start":{"line":697,"column":19},"end":{"line":697,"column":32}},"type":"binary-expr","locations":[{"start":{"line":697,"column":19},"end":{"line":697,"column":32}},{"start":{"line":697,"column":19},"end":{"line":697,"column":32}}]},"120":{"loc":{"start":{"line":700,"column":12},"end":{"line":701,"column":101}},"type":"binary-expr","locations":[{"start":{"line":700,"column":12},"end":{"line":700,"column":28}},{"start":{"line":701,"column":12},"end":{"line":701,"column":101}}]},"121":{"loc":{"start":{"line":700,"column":12},"end":{"line":700,"column":28}},"type":"cond-expr","locations":[{"start":{"line":700,"column":23},"end":{"line":700,"column":25}},{"start":{"line":700,"column":12},"end":{"line":700,"column":28}}]},"122":{"loc":{"start":{"line":700,"column":12},"end":{"line":700,"column":25}},"type":"binary-expr","locations":[{"start":{"line":700,"column":12},"end":{"line":700,"column":25}},{"start":{"line":700,"column":12},"end":{"line":700,"column":25}}]},"123":{"loc":{"start":{"line":702,"column":24},"end":{"line":702,"column":43}},"type":"binary-expr","locations":[{"start":{"line":702,"column":24},"end":{"line":702,"column":35}},{"start":{"line":702,"column":39},"end":{"line":702,"column":43}}]},"124":{"loc":{"start":{"line":717,"column":6},"end":{"line":724,"column":7}},"type":"if","locations":[{"start":{"line":717,"column":6},"end":{"line":724,"column":7}}]},"125":{"loc":{"start":{"line":730,"column":6},"end":{"line":753,"column":7}},"type":"if","locations":[{"start":{"line":730,"column":6},"end":{"line":753,"column":7}},{"start":{"line":741,"column":13},"end":{"line":753,"column":7}}]},"126":{"loc":{"start":{"line":731,"column":8},"end":{"line":734,"column":33}},"type":"binary-expr","locations":[{"start":{"line":731,"column":8},"end":{"line":731,"column":19}},{"start":{"line":732,"column":8},"end":{"line":732,"column":30}},{"start":{"line":733,"column":8},"end":{"line":733,"column":24}},{"start":{"line":734,"column":8},"end":{"line":734,"column":33}}]},"127":{"loc":{"start":{"line":746,"column":19},"end":{"line":746,"column":71}},"type":"cond-expr","locations":[{"start":{"line":746,"column":62},"end":{"line":746,"column":65}},{"start":{"line":746,"column":68},"end":{"line":746,"column":71}}]},"128":{"loc":{"start":{"line":746,"column":19},"end":{"line":746,"column":59}},"type":"binary-expr","locations":[{"start":{"line":746,"column":19},"end":{"line":746,"column":43}},{"start":{"line":746,"column":47},"end":{"line":746,"column":59}}]},"129":{"loc":{"start":{"line":746,"column":19},"end":{"line":746,"column":36}},"type":"cond-expr","locations":[{"start":{"line":746,"column":30},"end":{"line":746,"column":32}},{"start":{"line":746,"column":19},"end":{"line":746,"column":36}}]},"130":{"loc":{"start":{"line":746,"column":19},"end":{"line":746,"column":32}},"type":"binary-expr","locations":[{"start":{"line":746,"column":19},"end":{"line":746,"column":32}},{"start":{"line":746,"column":19},"end":{"line":746,"column":32}}]},"131":{"loc":{"start":{"line":749,"column":12},"end":{"line":750,"column":101}},"type":"binary-expr","locations":[{"start":{"line":749,"column":12},"end":{"line":749,"column":28}},{"start":{"line":750,"column":12},"end":{"line":750,"column":101}}]},"132":{"loc":{"start":{"line":749,"column":12},"end":{"line":749,"column":28}},"type":"cond-expr","locations":[{"start":{"line":749,"column":23},"end":{"line":749,"column":25}},{"start":{"line":749,"column":12},"end":{"line":749,"column":28}}]},"133":{"loc":{"start":{"line":749,"column":12},"end":{"line":749,"column":25}},"type":"binary-expr","locations":[{"start":{"line":749,"column":12},"end":{"line":749,"column":25}},{"start":{"line":749,"column":12},"end":{"line":749,"column":25}}]},"134":{"loc":{"start":{"line":751,"column":24},"end":{"line":751,"column":43}},"type":"binary-expr","locations":[{"start":{"line":751,"column":24},"end":{"line":751,"column":35}},{"start":{"line":751,"column":39},"end":{"line":751,"column":43}}]},"135":{"loc":{"start":{"line":766,"column":6},"end":{"line":773,"column":7}},"type":"if","locations":[{"start":{"line":766,"column":6},"end":{"line":773,"column":7}}]},"136":{"loc":{"start":{"line":780,"column":6},"end":{"line":798,"column":7}},"type":"if","locations":[{"start":{"line":780,"column":6},"end":{"line":798,"column":7}},{"start":{"line":786,"column":13},"end":{"line":798,"column":7}}]},"137":{"loc":{"start":{"line":780,"column":10},"end":{"line":780,"column":67}},"type":"binary-expr","locations":[{"start":{"line":780,"column":10},"end":{"line":780,"column":21}},{"start":{"line":780,"column":25},"end":{"line":780,"column":47}},{"start":{"line":780,"column":51},"end":{"line":780,"column":67}}]},"138":{"loc":{"start":{"line":791,"column":19},"end":{"line":791,"column":71}},"type":"cond-expr","locations":[{"start":{"line":791,"column":62},"end":{"line":791,"column":65}},{"start":{"line":791,"column":68},"end":{"line":791,"column":71}}]},"139":{"loc":{"start":{"line":791,"column":19},"end":{"line":791,"column":59}},"type":"binary-expr","locations":[{"start":{"line":791,"column":19},"end":{"line":791,"column":43}},{"start":{"line":791,"column":47},"end":{"line":791,"column":59}}]},"140":{"loc":{"start":{"line":791,"column":19},"end":{"line":791,"column":36}},"type":"cond-expr","locations":[{"start":{"line":791,"column":30},"end":{"line":791,"column":32}},{"start":{"line":791,"column":19},"end":{"line":791,"column":36}}]},"141":{"loc":{"start":{"line":791,"column":19},"end":{"line":791,"column":32}},"type":"binary-expr","locations":[{"start":{"line":791,"column":19},"end":{"line":791,"column":32}},{"start":{"line":791,"column":19},"end":{"line":791,"column":32}}]},"142":{"loc":{"start":{"line":794,"column":12},"end":{"line":795,"column":70}},"type":"binary-expr","locations":[{"start":{"line":794,"column":12},"end":{"line":794,"column":28}},{"start":{"line":795,"column":12},"end":{"line":795,"column":70}}]},"143":{"loc":{"start":{"line":794,"column":12},"end":{"line":794,"column":28}},"type":"cond-expr","locations":[{"start":{"line":794,"column":23},"end":{"line":794,"column":25}},{"start":{"line":794,"column":12},"end":{"line":794,"column":28}}]},"144":{"loc":{"start":{"line":794,"column":12},"end":{"line":794,"column":25}},"type":"binary-expr","locations":[{"start":{"line":794,"column":12},"end":{"line":794,"column":25}},{"start":{"line":794,"column":12},"end":{"line":794,"column":25}}]},"145":{"loc":{"start":{"line":796,"column":24},"end":{"line":796,"column":43}},"type":"binary-expr","locations":[{"start":{"line":796,"column":24},"end":{"line":796,"column":35}},{"start":{"line":796,"column":39},"end":{"line":796,"column":43}}]},"146":{"loc":{"start":{"line":808,"column":6},"end":{"line":815,"column":7}},"type":"if","locations":[{"start":{"line":808,"column":6},"end":{"line":815,"column":7}}]},"147":{"loc":{"start":{"line":822,"column":6},"end":{"line":840,"column":7}},"type":"if","locations":[{"start":{"line":822,"column":6},"end":{"line":840,"column":7}},{"start":{"line":828,"column":13},"end":{"line":840,"column":7}}]},"148":{"loc":{"start":{"line":822,"column":10},"end":{"line":822,"column":47}},"type":"binary-expr","locations":[{"start":{"line":822,"column":10},"end":{"line":822,"column":21}},{"start":{"line":822,"column":25},"end":{"line":822,"column":47}}]},"149":{"loc":{"start":{"line":833,"column":19},"end":{"line":833,"column":71}},"type":"cond-expr","locations":[{"start":{"line":833,"column":62},"end":{"line":833,"column":65}},{"start":{"line":833,"column":68},"end":{"line":833,"column":71}}]},"150":{"loc":{"start":{"line":833,"column":19},"end":{"line":833,"column":59}},"type":"binary-expr","locations":[{"start":{"line":833,"column":19},"end":{"line":833,"column":43}},{"start":{"line":833,"column":47},"end":{"line":833,"column":59}}]},"151":{"loc":{"start":{"line":833,"column":19},"end":{"line":833,"column":36}},"type":"cond-expr","locations":[{"start":{"line":833,"column":30},"end":{"line":833,"column":32}},{"start":{"line":833,"column":19},"end":{"line":833,"column":36}}]},"152":{"loc":{"start":{"line":833,"column":19},"end":{"line":833,"column":32}},"type":"binary-expr","locations":[{"start":{"line":833,"column":19},"end":{"line":833,"column":32}},{"start":{"line":833,"column":19},"end":{"line":833,"column":32}}]},"153":{"loc":{"start":{"line":836,"column":12},"end":{"line":837,"column":96}},"type":"binary-expr","locations":[{"start":{"line":836,"column":12},"end":{"line":836,"column":28}},{"start":{"line":837,"column":12},"end":{"line":837,"column":96}}]},"154":{"loc":{"start":{"line":836,"column":12},"end":{"line":836,"column":28}},"type":"cond-expr","locations":[{"start":{"line":836,"column":23},"end":{"line":836,"column":25}},{"start":{"line":836,"column":12},"end":{"line":836,"column":28}}]},"155":{"loc":{"start":{"line":836,"column":12},"end":{"line":836,"column":25}},"type":"binary-expr","locations":[{"start":{"line":836,"column":12},"end":{"line":836,"column":25}},{"start":{"line":836,"column":12},"end":{"line":836,"column":25}}]},"156":{"loc":{"start":{"line":838,"column":24},"end":{"line":838,"column":43}},"type":"binary-expr","locations":[{"start":{"line":838,"column":24},"end":{"line":838,"column":35}},{"start":{"line":838,"column":39},"end":{"line":838,"column":43}}]},"157":{"loc":{"start":{"line":850,"column":6},"end":{"line":857,"column":7}},"type":"if","locations":[{"start":{"line":850,"column":6},"end":{"line":857,"column":7}}]},"158":{"loc":{"start":{"line":864,"column":6},"end":{"line":882,"column":7}},"type":"if","locations":[{"start":{"line":864,"column":6},"end":{"line":882,"column":7}},{"start":{"line":870,"column":13},"end":{"line":882,"column":7}}]},"159":{"loc":{"start":{"line":864,"column":10},"end":{"line":864,"column":47}},"type":"binary-expr","locations":[{"start":{"line":864,"column":10},"end":{"line":864,"column":21}},{"start":{"line":864,"column":25},"end":{"line":864,"column":47}}]},"160":{"loc":{"start":{"line":875,"column":19},"end":{"line":875,"column":71}},"type":"cond-expr","locations":[{"start":{"line":875,"column":62},"end":{"line":875,"column":65}},{"start":{"line":875,"column":68},"end":{"line":875,"column":71}}]},"161":{"loc":{"start":{"line":875,"column":19},"end":{"line":875,"column":59}},"type":"binary-expr","locations":[{"start":{"line":875,"column":19},"end":{"line":875,"column":43}},{"start":{"line":875,"column":47},"end":{"line":875,"column":59}}]},"162":{"loc":{"start":{"line":875,"column":19},"end":{"line":875,"column":36}},"type":"cond-expr","locations":[{"start":{"line":875,"column":30},"end":{"line":875,"column":32}},{"start":{"line":875,"column":19},"end":{"line":875,"column":36}}]},"163":{"loc":{"start":{"line":875,"column":19},"end":{"line":875,"column":32}},"type":"binary-expr","locations":[{"start":{"line":875,"column":19},"end":{"line":875,"column":32}},{"start":{"line":875,"column":19},"end":{"line":875,"column":32}}]},"164":{"loc":{"start":{"line":878,"column":12},"end":{"line":879,"column":72}},"type":"binary-expr","locations":[{"start":{"line":878,"column":12},"end":{"line":878,"column":28}},{"start":{"line":879,"column":12},"end":{"line":879,"column":72}}]},"165":{"loc":{"start":{"line":878,"column":12},"end":{"line":878,"column":28}},"type":"cond-expr","locations":[{"start":{"line":878,"column":23},"end":{"line":878,"column":25}},{"start":{"line":878,"column":12},"end":{"line":878,"column":28}}]},"166":{"loc":{"start":{"line":878,"column":12},"end":{"line":878,"column":25}},"type":"binary-expr","locations":[{"start":{"line":878,"column":12},"end":{"line":878,"column":25}},{"start":{"line":878,"column":12},"end":{"line":878,"column":25}}]},"167":{"loc":{"start":{"line":880,"column":24},"end":{"line":880,"column":43}},"type":"binary-expr","locations":[{"start":{"line":880,"column":24},"end":{"line":880,"column":35}},{"start":{"line":880,"column":39},"end":{"line":880,"column":43}}]},"168":{"loc":{"start":{"line":892,"column":6},"end":{"line":899,"column":7}},"type":"if","locations":[{"start":{"line":892,"column":6},"end":{"line":899,"column":7}}]},"169":{"loc":{"start":{"line":905,"column":6},"end":{"line":923,"column":7}},"type":"if","locations":[{"start":{"line":905,"column":6},"end":{"line":923,"column":7}},{"start":{"line":911,"column":13},"end":{"line":923,"column":7}}]},"170":{"loc":{"start":{"line":905,"column":10},"end":{"line":905,"column":67}},"type":"binary-expr","locations":[{"start":{"line":905,"column":10},"end":{"line":905,"column":21}},{"start":{"line":905,"column":25},"end":{"line":905,"column":47}},{"start":{"line":905,"column":51},"end":{"line":905,"column":67}}]},"171":{"loc":{"start":{"line":916,"column":19},"end":{"line":916,"column":71}},"type":"cond-expr","locations":[{"start":{"line":916,"column":62},"end":{"line":916,"column":65}},{"start":{"line":916,"column":68},"end":{"line":916,"column":71}}]},"172":{"loc":{"start":{"line":916,"column":19},"end":{"line":916,"column":59}},"type":"binary-expr","locations":[{"start":{"line":916,"column":19},"end":{"line":916,"column":43}},{"start":{"line":916,"column":47},"end":{"line":916,"column":59}}]},"173":{"loc":{"start":{"line":916,"column":19},"end":{"line":916,"column":36}},"type":"cond-expr","locations":[{"start":{"line":916,"column":30},"end":{"line":916,"column":32}},{"start":{"line":916,"column":19},"end":{"line":916,"column":36}}]},"174":{"loc":{"start":{"line":916,"column":19},"end":{"line":916,"column":32}},"type":"binary-expr","locations":[{"start":{"line":916,"column":19},"end":{"line":916,"column":32}},{"start":{"line":916,"column":19},"end":{"line":916,"column":32}}]},"175":{"loc":{"start":{"line":919,"column":12},"end":{"line":920,"column":92}},"type":"binary-expr","locations":[{"start":{"line":919,"column":12},"end":{"line":919,"column":28}},{"start":{"line":920,"column":12},"end":{"line":920,"column":92}}]},"176":{"loc":{"start":{"line":919,"column":12},"end":{"line":919,"column":28}},"type":"cond-expr","locations":[{"start":{"line":919,"column":23},"end":{"line":919,"column":25}},{"start":{"line":919,"column":12},"end":{"line":919,"column":28}}]},"177":{"loc":{"start":{"line":919,"column":12},"end":{"line":919,"column":25}},"type":"binary-expr","locations":[{"start":{"line":919,"column":12},"end":{"line":919,"column":25}},{"start":{"line":919,"column":12},"end":{"line":919,"column":25}}]},"178":{"loc":{"start":{"line":921,"column":24},"end":{"line":921,"column":43}},"type":"binary-expr","locations":[{"start":{"line":921,"column":24},"end":{"line":921,"column":35}},{"start":{"line":921,"column":39},"end":{"line":921,"column":43}}]}},"s":{"0":0,"1":0,"2":0,"3":0,"4":0,"5":0,"6":0,"7":0,"8":0,"9":0,"10":0,"11":0,"12":0,"13":0,"14":0,"15":0,"16":0,"17":0,"18":0,"19":0,"20":0,"21":0,"22":0,"23":0,"24":0,"25":0,"26":0,"27":0,"28":0,"29":0,"30":0,"31":0,"32":0,"33":0,"34":0,"35":0,"36":0,"37":0,"38":0,"39":0,"40":0,"41":0,"42":0,"43":0,"44":0,"45":0,"46":0,"47":0,"48":0,"49":0,"50":0,"51":0,"52":0,"53":0,"54":0,"55":0,"56":0,"57":0,"58":0,"59":0,"60":0,"61":0,"62":0,"63":0,"64":0,"65":0,"66":0,"67":0,"68":0,"69":0,"70":0,"71":0,"72":0,"73":0,"74":0,"75":0,"76":0,"77":0,"78":0,"79":0,"80":0,"81":0,"82":0,"83":0,"84":0,"85":0,"86":0,"87":0,"88":0,"89":0,"90":0,"91":0,"92":0,"93":0,"94":0,"95":0,"96":0,"97":0,"98":0,"99":0,"100":0,"101":0,"102":0,"103":0,"104":0,"105":0,"106":0,"107":0,"108":0,"109":0,"110":0,"111":0,"112":0,"113":0,"114":0,"115":0,"116":0,"117":0,"118":0,"119":0,"120":0,"121":0,"122":0,"123":0,"124":0,"125":0,"126":0,"127":0,"128":0,"129":0,"130":0,"131":0,"132":0,"133":0,"134":0,"135":0,"136":0,"137":0,"138":0,"139":0,"140":0,"141":0,"142":0,"143":0,"144":0,"145":0,"146":0,"147":0,"148":0,"149":0,"150":0,"151":0,"152":0,"153":0,"154":0,"155":0,"156":0,"157":0,"158":0,"159":0,"160":0,"161":0,"162":0,"163":0,"164":0,"165":0,"166":0,"167":0,"168":0,"169":0,"170":0,"171":0,"172":0,"173":0,"174":0,"175":0,"176":0,"177":0,"178":0,"179":0,"180":0,"181":0,"182":0,"183":0,"184":0,"185":0,"186":0,"187":0,"188":0,"189":0,"190":0,"191":0,"192":0,"193":0,"194":0,"195":0,"196":0,"197":0,"198":0,"199":0,"200":0,"201":0,"202":0,"203":0,"204":0,"205":0,"206":0,"207":0,"208":0,"209":0},"f":{"0":0,"1":0,"2":0,"3":0,"4":0,"5":0,"6":0,"7":0,"8":0,"9":0,"10":0,"11":0,"12":0,"13":0,"14":0,"15":0,"16":0,"17":0,"18":0,"19":0,"20":0,"21":0,"22":0,"23":0,"24":0,"25":0,"26":0,"27":0,"28":0,"29":0,"30":0,"31":0,"32":0,"33":0,"34":0,"35":0,"36":0,"37":0,"38":0},"b":{"0":[0,0],"1":[0,0],"2":[0],"3":[0,0,0,0,0,0,0],"4":[0,0,0],"5":[0,0],"6":[0,0],"7":[0,0],"8":[0,0],"9":[0,0],"10":[0,0],"11":[0,0],"12":[0,0],"13":[0,0],"14":[0,0],"15":[0,0],"16":[0,0],"17":[0,0],"18":[0,0],"19":[0,0],"20":[0,0],"21":[0],"22":[0,0],"23":[0,0,0,0],"24":[0,0],"25":[0,0],"26":[0,0],"27":[0,0],"28":[0,0],"29":[0,0],"30":[0,0],"31":[0,0],"32":[0],"33":[0,0],"34":[0,0],"35":[0,0],"36":[0,0],"37":[0,0],"38":[0,0],"39":[0,0],"40":[0,0],"41":[0,0],"42":[0,0],"43":[0],"44":[0],"45":[0,0],"46":[0,0],"47":[0,0],"48":[0,0],"49":[0,0],"50":[0,0],"51":[0,0],"52":[0,0],"53":[0,0],"54":[0,0],"55":[0],"56":[0,0],"57":[0,0],"58":[0,0],"59":[0,0],"60":[0,0],"61":[0,0],"62":[0,0],"63":[0,0],"64":[0,0],"65":[0,0],"66":[0],"67":[0,0],"68":[0,0],"69":[0,0],"70":[0,0],"71":[0,0],"72":[0,0],"73":[0,0],"74":[0,0],"75":[0,0],"76":[0,0],"77":[0,0],"78":[0,0],"79":[0,0],"80":[0,0],"81":[0,0],"82":[0,0],"83":[0,0],"84":[0,0],"85":[0,0],"86":[0,0],"87":[0,0],"88":[0,0],"89":[0,0],"90":[0],"91":[0],"92":[0,0],"93":[0,0,0,0],"94":[0,0],"95":[0,0],"96":[0,0],"97":[0,0],"98":[0,0],"99":[0,0],"100":[0,0],"101":[0,0],"102":[0],"103":[0,0],"104":[0,0],"105":[0,0],"106":[0,0],"107":[0,0],"108":[0,0],"109":[0,0],"110":[0,0],"111":[0,0],"112":[0,0],"113":[0],"114":[0,0],"115":[0,0,0,0],"116":[0,0],"117":[0,0],"118":[0,0],"119":[0,0],"120":[0,0],"121":[0,0],"122":[0,0],"123":[0,0],"124":[0],"125":[0,0],"126":[0,0,0,0],"127":[0,0],"128":[0,0],"129":[0,0],"130":[0,0],"131":[0,0],"132":[0,0],"133":[0,0],"134":[0,0],"135":[0],"136":[0,0],"137":[0,0,0],"138":[0,0],"139":[0,0],"140":[0,0],"141":[0,0],"142":[0,0],"143":[0,0],"144":[0,0],"145":[0,0],"146":[0],"147":[0,0],"148":[0,0],"149":[0,0],"150":[0,0],"151":[0,0],"152":[0,0],"153":[0,0],"154":[0,0],"155":[0,0],"156":[0,0],"157":[0],"158":[0,0],"159":[0,0],"160":[0,0],"161":[0,0],"162":[0,0],"163":[0,0],"164":[0,0],"165":[0,0],"166":[0,0],"167":[0,0],"168":[0],"169":[0,0],"170":[0,0,0],"171":[0,0],"172":[0,0],"173":[0,0],"174":[0,0],"175":[0,0],"176":[0,0],"177":[0,0],"178":[0,0]}}
,"/Users/Wiktor/TESTPROG BOX/AA/backend/src/controllers/allegroController.ts": {"path":"/Users/Wiktor/TESTPROG BOX/AA/backend/src/controllers/allegroController.ts","statementMap":{"0":{"start":{"line":2,"column":0},"end":{"line":2,"column":null}},"1":{"start":{"line":6,"column":0},"end":{"line":6,"column":28}},"2":{"start":{"line":7,"column":0},"end":{"line":7,"column":49}},"3":{"start":{"line":51,"column":9},"end":{"line":107,"column":5}},"4":{"start":{"line":51,"column":77},"end":{"line":107,"column":4}},"5":{"start":{"line":52,"column":4},"end":{"line":54,"column":5}},"6":{"start":{"line":53,"column":6},"end":{"line":53,"column":60}},"7":{"start":{"line":56,"column":28},"end":{"line":56,"column":37}},"8":{"start":{"line":57,"column":24},"end":{"line":57,"column":57}},"9":{"start":{"line":58,"column":24},"end":{"line":58,"column":47}},"10":{"start":{"line":60,"column":4},"end":{"line":60,"column":61}},"11":{"start":{"line":61,"column":4},"end":{"line":61,"column":59}},"12":{"start":{"line":62,"column":4},"end":{"line":62,"column":53}},"13":{"start":{"line":64,"column":4},"end":{"line":71,"column":5}},"14":{"start":{"line":69,"column":6},"end":{"line":69,"column":68}},"15":{"start":{"line":70,"column":6},"end":{"line":70,"column":63}},"16":{"start":{"line":73,"column":4},"end":{"line":76,"column":5}},"17":{"start":{"line":74,"column":6},"end":{"line":74,"column":62}},"18":{"start":{"line":75,"column":6},"end":{"line":75,"column":64}},"19":{"start":{"line":78,"column":4},"end":{"line":106,"column":5}},"20":{"start":{"line":79,"column":24},"end":{"line":81,"column":null}},"21":{"start":{"line":83,"column":6},"end":{"line":83,"column":44}},"22":{"start":{"line":84,"column":6},"end":{"line":84,"column":37}},"23":{"start":{"line":85,"column":6},"end":{"line":88,"column":8}},"24":{"start":{"line":92,"column":6},"end":{"line":95,"column":9}},"25":{"start":{"line":97,"column":6},"end":{"line":100,"column":8}},"26":{"start":{"line":102,"column":6},"end":{"line":105,"column":9}},"27":{"start":{"line":114,"column":9},"end":{"line":132,"column":4}},"28":{"start":{"line":115,"column":42},"end":{"line":131,"column":null}},"29":{"start":{"line":116,"column":18},"end":{"line":116,"column":41}},"30":{"start":{"line":117,"column":6},"end":{"line":120,"column":7}},"31":{"start":{"line":118,"column":8},"end":{"line":118,"column":71}},"32":{"start":{"line":119,"column":8},"end":{"line":119,"column":15}},"33":{"start":{"line":121,"column":6},"end":{"line":124,"column":7}},"34":{"start":{"line":122,"column":8},"end":{"line":122,"column":76}},"35":{"start":{"line":123,"column":8},"end":{"line":123,"column":15}},"36":{"start":{"line":125,"column":6},"end":{"line":127,"column":8}},"37":{"start":{"line":128,"column":21},"end":{"line":128,"column":58}},"38":{"start":{"line":129,"column":6},"end":{"line":129,"column":23}},"39":{"start":{"line":134,"column":9},"end":{"line":138,"column":5}},"40":{"start":{"line":134,"column":76},"end":{"line":138,"column":4}},"41":{"start":{"line":135,"column":4},"end":{"line":135,"column":78}},"42":{"start":{"line":136,"column":23},"end":{"line":136,"column":61}},"43":{"start":{"line":137,"column":4},"end":{"line":137,"column":25}},"44":{"start":{"line":29,"column":4},"end":{"line":31,"column":5}},"45":{"start":{"line":30,"column":6},"end":{"line":30,"column":70}},"46":{"start":{"line":33,"column":18},"end":{"line":33,"column":37}},"47":{"start":{"line":34,"column":30},"end":{"line":34,"column":65}},"48":{"start":{"line":37,"column":5},"end":{"line":37,"column":74}},"49":{"start":{"line":41,"column":4},"end":{"line":41,"column":56}},"50":{"start":{"line":42,"column":4},"end":{"line":42,"column":60}},"51":{"start":{"line":43,"column":4},"end":{"line":46,"column":6}},"52":{"start":{"line":47,"column":4},"end":{"line":47,"column":22}},"53":{"start":{"line":141,"column":13},"end":{"line":141,"column":57}}},"fnMap":{"0":{"name":"(anonymous_8)","decl":{"start":{"line":20,"column":0},"end":{"line":20,"column":6}},"loc":{"start":{"line":20,"column":0},"end":{"line":139,"column":1}}},"1":{"name":"(anonymous_9)","decl":{"start":{"line":51,"column":39},"end":{"line":51,"column":46}},"loc":{"start":{"line":51,"column":77},"end":{"line":107,"column":4}}},"2":{"name":"(anonymous_10)","decl":{"start":{"line":51,"column":77},"end":{"line":51,"column":null}},"loc":{"start":{"line":51,"column":77},"end":{"line":107,"column":3}}},"3":{"name":"(anonymous_11)","decl":{"start":{"line":115,"column":4},"end":{"line":115,"column":11}},"loc":{"start":{"line":115,"column":42},"end":{"line":131,"column":null}}},"4":{"name":"(anonymous_12)","decl":{"start":{"line":115,"column":42},"end":{"line":115,"column":null}},"loc":{"start":{"line":115,"column":42},"end":{"line":131,"column":5}}},"5":{"name":"(anonymous_13)","decl":{"start":{"line":134,"column":38},"end":{"line":134,"column":45}},"loc":{"start":{"line":134,"column":76},"end":{"line":138,"column":4}}},"6":{"name":"(anonymous_14)","decl":{"start":{"line":134,"column":76},"end":{"line":134,"column":null}},"loc":{"start":{"line":134,"column":76},"end":{"line":138,"column":3}}},"7":{"name":"(anonymous_15)","decl":{"start":{"line":27,"column":9},"end":{"line":27,"column":18}},"loc":{"start":{"line":27,"column":46},"end":{"line":48,"column":3}}}},"branchMap":{"0":{"loc":{"start":{"line":52,"column":4},"end":{"line":54,"column":5}},"type":"if","locations":[{"start":{"line":52,"column":4},"end":{"line":54,"column":5}}]},"1":{"loc":{"start":{"line":64,"column":4},"end":{"line":71,"column":5}},"type":"if","locations":[{"start":{"line":64,"column":4},"end":{"line":71,"column":5}}]},"2":{"loc":{"start":{"line":65,"column":6},"end":{"line":67,"column":33}},"type":"binary-expr","locations":[{"start":{"line":65,"column":6},"end":{"line":65,"column":18}},{"start":{"line":66,"column":6},"end":{"line":66,"column":31}},{"start":{"line":67,"column":6},"end":{"line":67,"column":33}}]},"3":{"loc":{"start":{"line":73,"column":4},"end":{"line":76,"column":5}},"type":"if","locations":[{"start":{"line":73,"column":4},"end":{"line":76,"column":5}}]},"4":{"loc":{"start":{"line":117,"column":6},"end":{"line":120,"column":7}},"type":"if","locations":[{"start":{"line":117,"column":6},"end":{"line":120,"column":7}}]},"5":{"loc":{"start":{"line":121,"column":6},"end":{"line":124,"column":7}},"type":"if","locations":[{"start":{"line":121,"column":6},"end":{"line":124,"column":7}}]},"6":{"loc":{"start":{"line":29,"column":4},"end":{"line":31,"column":5}},"type":"if","locations":[{"start":{"line":29,"column":4},"end":{"line":31,"column":5}}]}},"s":{"0":0,"1":0,"2":0,"3":0,"4":0,"5":0,"6":0,"7":0,"8":0,"9":0,"10":0,"11":0,"12":0,"13":0,"14":0,"15":0,"16":0,"17":0,"18":0,"19":0,"20":0,"21":0,"22":0,"23":0,"24":0,"25":0,"26":0,"27":0,"28":0,"29":0,"30":0,"31":0,"32":0,"33":0,"34":0,"35":0,"36":0,"37":0,"38":0,"39":0,"40":0,"41":0,"42":0,"43":0,"44":0,"45":0,"46":0,"47":0,"48":0,"49":0,"50":0,"51":0,"52":0,"53":0},"f":{"0":0,"1":0,"2":0,"3":0,"4":0,"5":0,"6":0,"7":0},"b":{"0":[0],"1":[0],"2":[0,0,0],"3":[0],"4":[0],"5":[0],"6":[0]}}
,"/Users/Wiktor/TESTPROG BOX/AA/backend/src/controllers/brightDataController.ts": {"path":"/Users/Wiktor/TESTPROG BOX/AA/backend/src/controllers/brightDataController.ts","statementMap":{"0":{"start":{"line":2,"column":0},"end":{"line":2,"column":49}},"1":{"start":{"line":3,"column":0},"end":{"line":3,"column":null}},"2":{"start":{"line":14,"column":2},"end":{"line":24,"column":5}},"3":{"start":{"line":14,"column":77},"end":{"line":24,"column":4}},"4":{"start":{"line":15,"column":39},"end":{"line":15,"column":76}},"5":{"start":{"line":18,"column":4},"end":{"line":23,"column":7}},"6":{"start":{"line":8,"column":0},"end":{"line":8,"column":13}},"7":{"start":{"line":27,"column":13},"end":{"line":27,"column":63}}},"fnMap":{"0":{"name":"(anonymous_8)","decl":{"start":{"line":8,"column":0},"end":{"line":8,"column":13}},"loc":{"start":{"line":8,"column":0},"end":{"line":25,"column":1}}},"1":{"name":"(anonymous_9)","decl":{"start":{"line":14,"column":39},"end":{"line":14,"column":46}},"loc":{"start":{"line":14,"column":77},"end":{"line":24,"column":4}}},"2":{"name":"(anonymous_10)","decl":{"start":{"line":14,"column":77},"end":{"line":14,"column":null}},"loc":{"start":{"line":14,"column":77},"end":{"line":24,"column":3}}}},"branchMap":{},"s":{"0":0,"1":0,"2":0,"3":0,"4":0,"5":0,"6":0,"7":0},"f":{"0":0,"1":0,"2":0},"b":{}}
[...]
{"line":64,"column":29},"end":{"line":157,"column":null}}},"3":{"name":"(anonymous_13)","decl":{"start":{"line":162,"column":8},"end":{"line":162,"column":22}},"loc":{"start":{"line":163,"column":28},"end":{"line":275,"column":null}}},"4":{"name":"(anonymous_15)","decl":{"start":{"line":280,"column":8},"end":{"line":280,"column":28}},"loc":{"start":{"line":282,"column":38},"end":{"line":355,"column":null}}},"5":{"name":"(anonymous_17)","decl":{"start":{"line":360,"column":8},"end":{"line":360,"column":22}},"loc":{"start":{"line":360,"column":44},"end":{"line":396,"column":null}}},"6":{"name":"(anonymous_19)","decl":{"start":{"line":401,"column":8},"end":{"line":401,"column":20}},"loc":{"start":{"line":401,"column":40},"end":{"line":437,"column":null}}},"7":{"name":"(anonymous_21)","decl":{"start":{"line":442,"column":8},"end":{"line":442,"column":26}},"loc":{"start":{"line":442,"column":52},"end":{"line":501,"column":null}}},"8":{"name":"(anonymous_23)","decl":{"start":{"line":506,"column":8},"end":{"line":506,"column":20}},"loc":{"start":{"line":507,"column":25},"end":{"line":549,"column":null}}},"9":{"name":"(anonymous_25)","decl":{"start":{"line":554,"column":8},"end":{"line":554,"column":22}},"loc":{"start":{"line":554,"column":36},"end":{"line":570,"column":null}}},"10":{"name":"(anonymous_27)","decl":{"start":{"line":575,"column":8},"end":{"line":575,"column":19}},"loc":{"start":{"line":576,"column":72},"end":{"line":609,"column":null}}},"11":{"name":"(anonymous_29)","decl":{"start":{"line":614,"column":8},"end":{"line":614,"column":18}},"loc":{"start":{"line":617,"column":21},"end":{"line":642,"column":null}}},"12":{"name":"(anonymous_31)","decl":{"start":{"line":647,"column":8},"end":{"line":647,"column":20}},"loc":{"start":{"line":647,"column":60},"end":{"line":662,"column":null}}},"13":{"name":"(anonymous_33)","decl":{"start":{"line":667,"column":8},"end":{"line":667,"column":21}},"loc":{"start":{"line":667,"column":42},"end":{"line":677,"column":null}}},"14":{"name":"(anonymous_35)","decl":{"start":{"line":682,"column":8},"end":{"line":682,"column":37}},"loc":{"start":{"line":682,"column":37},"end":{"line":691,"column":null}}},"15":{"name":"(anonymous_37)","decl":{"start":{"line":690,"column":27},"end":{"line":690,"column":28}},"loc":{"start":{"line":690,"column":34},"end":{"line":690,"column":44}}},"16":{"name":"(anonymous_38)","decl":{"start":{"line":696,"column":8},"end":{"line":696,"column":26}},"loc":{"start":{"line":697,"column":24},"end":{"line":704,"column":null}}},"17":{"name":"(anonymous_40)","decl":{"start":{"line":709,"column":8},"end":{"line":709,"column":17}},"loc":{"start":{"line":709,"column":38},"end":{"line":717,"column":null}}},"18":{"name":"(anonymous_42)","decl":{"start":{"line":722,"column":8},"end":{"line":722,"column":25}},"loc":{"start":{"line":722,"column":25},"end":{"line":765,"column":null}}}},"branchMap":{"0":{"loc":{"start":{"line":41,"column":32},"end":{"line":41,"column":76}},"type":"binary-expr","locations":[{"start":{"line":41,"column":32},"end":{"line":41,"column":54}},{"start":{"line":41,"column":58},"end":{"line":41,"column":76}}]},"1":{"loc":{"start":{"line":43,"column":4},"end":{"line":43,"column":60}},"type":"binary-expr","locations":[{"start":{"line":43,"column":4},"end":{"line":43,"column":34}},{"start":{"line":43,"column":38},"end":{"line":43,"column":60}}]},"2":{"loc":{"start":{"line":70,"column":6},"end":{"line":72,"column":7}},"type":"if","locations":[{"start":{"line":70,"column":6},"end":{"line":72,"column":7}}]},"3":{"loc":{"start":{"line":70,"column":10},"end":{"line":70,"column":73}},"type":"binary-expr","locations":[{"start":{"line":70,"column":10},"end":{"line":70,"column":20}},{"start":{"line":70,"column":24},"end":{"line":70,"column":38}},{"start":{"line":70,"column":42},"end":{"line":70,"column":52}},{"start":{"line":70,"column":56},"end":{"line":70,"column":73}}]},"4":{"loc":{"start":{"line":74,"column":6},"end":{"line":79,"column":7}},"type":"if","locations":[{"start":{"line":74,"column":6},"end":{"line":79,"column":7}}]},"5":{"loc":{"start":{"line":74,"column":10},"end":{"line":74,"column":56}},"type":"binary-expr","locations":[{"start":{"line":74,"column":10},"end":{"line":74,"column":31}},{"start":{"line":74,"column":35},"end":{"line":74,"column":56}}]},"6":{"loc":{"start":{"line":87,"column":6},"end":{"line":92,"column":7}},"type":"if","locations":[{"start":{"line":87,"column":6},"end":{"line":92,"column":7}}]},"7":{"loc":{"start":{"line":97,"column":6},"end":{"line":99,"column":7}},"type":"if","locations":[{"start":{"line":97,"column":6},"end":{"line":99,"column":7}}]},"8":{"loc":{"start":{"line":105,"column":20},"end":{"line":105,"column":63}},"type":"binary-expr","locations":[{"start":{"line":105,"column":20},"end":{"line":105,"column":30}},{"start":{"line":105,"column":34},"end":{"line":105,"column":63}}]},"9":{"loc":{"start":{"line":106,"column":33},"end":{"line":106,"column":64}},"type":"cond-expr","locations":[{"start":{"line":106,"column":47},"end":{"line":106,"column":52}},{"start":{"line":106,"column":55},"end":{"line":106,"column":64}}]},"10":{"loc":{"start":{"line":152,"column":6},"end":{"line":154,"column":7}},"type":"if","locations":[{"start":{"line":152,"column":6},"end":{"line":154,"column":7}}]},"11":{"loc":{"start":{"line":169,"column":6},"end":{"line":183,"column":7}},"type":"if","locations":[{"start":{"line":169,"column":6},"end":{"line":183,"column":7}}]},"12":{"loc":{"start":{"line":170,"column":8},"end":{"line":180,"column":24}},"type":"binary-expr","locations":[{"start":{"line":170,"column":8},"end":{"line":170,"column":25}},{"start":{"line":171,"column":8},"end":{"line":171,"column":27}},{"start":{"line":172,"column":8},"end":{"line":172,"column":31}},{"start":{"line":173,"column":8},"end":{"line":173,"column":23}},{"start":{"line":174,"column":8},"end":{"line":174,"column":25}},{"start":{"line":175,"column":8},"end":{"line":175,"column":21}},{"start":{"line":176,"column":8},"end":{"line":176,"column":25}},{"start":{"line":177,"column":8},"end":{"line":177,"column":33}},{"start":{"line":178,"column":8},"end":{"line":178,"column":26}},{"start":{"line":179,"column":8},"end":{"line":179,"column":32}},{"start":{"line":180,"column":8},"end":{"line":180,"column":24}}]},"13":{"loc":{"start":{"line":189,"column":6},"end":{"line":191,"column":7}},"type":"if","locations":[{"start":{"line":189,"column":6},"end":{"line":191,"column":7}}]},"14":{"loc":{"start":{"line":197,"column":6},"end":{"line":202,"column":7}},"type":"if","locations":[{"start":{"line":197,"column":6},"end":{"line":202,"column":7}}]},"15":{"loc":{"start":{"line":207,"column":6},"end":{"line":209,"column":7}},"type":"if","locations":[{"start":{"line":207,"column":6},"end":{"line":209,"column":7}}]},"16":{"loc":{"start":{"line":215,"column":20},"end":{"line":215,"column":63}},"type":"binary-expr","locations":[{"start":{"line":215,"column":20},"end":{"line":215,"column":30}},{"start":{"line":215,"column":34},"end":{"line":215,"column":63}}]},"17":{"loc":{"start":{"line":216,"column":33},"end":{"line":216,"column":64}},"type":"cond-expr","locations":[{"start":{"line":216,"column":47},"end":{"line":216,"column":52}},{"start":{"line":216,"column":55},"end":{"line":216,"column":64}}]},"18":{"loc":{"start":{"line":270,"column":6},"end":{"line":272,"column":7}},"type":"if","locations":[{"start":{"line":270,"column":6},"end":{"line":272,"column":7}}]},"19":{"loc":{"start":{"line":291,"column":6},"end":{"line":293,"column":7}},"type":"if","locations":[{"start":{"line":291,"column":6},"end":{"line":293,"column":7}}]},"20":{"loc":{"start":{"line":296,"column":6},"end":{"line":310,"column":7}},"type":"if","locations":[{"start":{"line":296,"column":6},"end":{"line":310,"column":7}}]},"21":{"loc":{"start":{"line":296,"column":10},"end":{"line":296,"column":76}},"type":"binary-expr","locations":[{"start":{"line":296,"column":10},"end":{"line":296,"column":26}},{"start":{"line":296,"column":30},"end":{"line":296,"column":76}}]},"22":{"loc":{"start":{"line":301,"column":8},"end":{"line":309,"column":9}},"type":"if","locations":[{"start":{"line":301,"column":8},"end":{"line":309,"column":9}}]},"23":{"loc":{"start":{"line":302,"column":10},"end":{"line":303,"column":62}},"type":"binary-expr","locations":[{"start":{"line":302,"column":10},"end":{"line":302,"column":30}},{"start":{"line":303,"column":10},"end":{"line":303,"column":62}}]},"24":{"loc":{"start":{"line":315,"column":16},"end":{"line":315,"column":47}},"type":"binary-expr","locations":[{"start":{"line":315,"column":16},"end":{"line":315,"column":25}},{"start":{"line":315,"column":29},"end":{"line":315,"column":47}}]},"25":{"loc":{"start":{"line":316,"column":20},"end":{"line":316,"column":59}},"type":"binary-expr","locations":[{"start":{"line":316,"column":20},"end":{"line":316,"column":33}},{"start":{"line":316,"column":37},"end":{"line":316,"column":59}}]},"26":{"loc":{"start":{"line":317,"column":16},"end":{"line":317,"column":47}},"type":"binary-expr","locations":[{"start":{"line":317,"column":16},"end":{"line":317,"column":25}},{"start":{"line":317,"column":29},"end":{"line":317,"column":47}}]},"27":{"loc":{"start":{"line":318,"column":23},"end":{"line":318,"column":68}},"type":"binary-expr","locations":[{"start":{"line":318,"column":23},"end":{"line":318,"column":39}},{"start":{"line":318,"column":43},"end":{"line":318,"column":68}}]},"28":{"loc":{"start":{"line":320,"column":12},"end":{"line":320,"column":77}},"type":"cond-expr","locations":[{"start":{"line":320,"column":41},"end":{"line":320,"column":53}},{"start":{"line":320,"column":56},"end":{"line":320,"column":77}}]},"29":{"loc":{"start":{"line":326,"column":6},"end":{"line":337,"column":7}},"type":"if","locations":[{"start":{"line":326,"column":6},"end":{"line":337,"column":7}}]},"30":{"loc":{"start":{"line":326,"column":10},"end":{"line":326,"column":39}},"type":"binary-expr","locations":[{"start":{"line":326,"column":10},"end":{"line":326,"column":26}},{"start":{"line":326,"column":30},"end":{"line":326,"column":39}}]},"31":{"loc":{"start":{"line":329,"column":16},"end":{"line":329,"column":69}},"type":"binary-expr","locations":[{"start":{"line":329,"column":16},"end":{"line":329,"column":32}},{"start":{"line":329,"column":36},"end":{"line":329,"column":69}}]},"32":{"loc":{"start":{"line":330,"column":16},"end":{"line":330,"column":60}},"type":"binary-expr","locations":[{"start":{"line":330,"column":16},"end":{"line":330,"column":25}},{"start":{"line":330,"column":29},"end":{"line":330,"column":60}}]},"33":{"loc":{"start":{"line":350,"column":6},"end":{"line":352,"column":7}},"type":"if","locations":[{"start":{"line":350,"column":6},"end":{"line":352,"column":7}}]},"34":{"loc":{"start":{"line":368,"column":6},"end":{"line":370,"column":7}},"type":"if","locations":[{"start":{"line":368,"column":6},"end":{"line":370,"column":7}}]},"35":{"loc":{"start":{"line":391,"column":6},"end":{"line":393,"column":7}},"type":"if","locations":[{"start":{"line":391,"column":6},"end":{"line":393,"column":7}}]},"36":{"loc":{"start":{"line":409,"column":6},"end":{"line":411,"column":7}},"type":"if","locations":[{"start":{"line":409,"column":6},"end":{"line":411,"column":7}}]},"37":{"loc":{"start":{"line":432,"column":6},"end":{"line":434,"column":7}},"type":"if","locations":[{"start":{"line":432,"column":6},"end":{"line":434,"column":7}}]},"38":{"loc":{"start":{"line":448,"column":4},"end":{"line":450,"column":5}},"type":"if","locations":[{"start":{"line":448,"column":4},"end":{"line":450,"column":5}}]},"39":{"loc":{"start":{"line":453,"column":4},"end":{"line":458,"column":5}},"type":"if","locations":[{"start":{"line":453,"column":4},"end":{"line":458,"column":5}}]},"40":{"loc":{"start":{"line":463,"column":4},"end":{"line":469,"column":5}},"type":"if","locations":[{"start":{"line":463,"column":4},"end":{"line":469,"column":5}}]},"41":{"loc":{"start":{"line":519,"column":6},"end":{"line":521,"column":7}},"type":"if","locations":[{"start":{"line":519,"column":6},"end":{"line":521,"column":7}}]},"42":{"loc":{"start":{"line":524,"column":6},"end":{"line":526,"column":7}},"type":"if","locations":[{"start":{"line":524,"column":6},"end":{"line":526,"column":7}}]},"43":{"loc":{"start":{"line":562,"column":6},"end":{"line":564,"column":7}},"type":"if","locations":[{"start":{"line":562,"column":6},"end":{"line":564,"column":7}}]},"44":{"loc":{"start":{"line":585,"column":4},"end":{"line":587,"column":5}},"type":"if","locations":[{"start":{"line":585,"column":4},"end":{"line":587,"column":5}}]},"45":{"loc":{"start":{"line":590,"column":4},"end":{"line":597,"column":5}},"type":"if","locations":[{"start":{"line":590,"column":4},"end":{"line":597,"column":5}}]},"46":{"loc":{"start":{"line":594,"column":6},"end":{"line":596,"column":7}},"type":"if","locations":[{"start":{"line":594,"column":6},"end":{"line":596,"column":7}}]},"47":{"loc":{"start":{"line":621,"column":4},"end":{"line":623,"column":5}},"type":"if","locations":[{"start":{"line":621,"column":4},"end":{"line":623,"column":5}}]},"48":{"loc":{"start":{"line":630,"column":4},"end":{"line":632,"column":5}},"type":"if","locations":[{"start":{"line":630,"column":4},"end":{"line":632,"column":5}}]},"49":{"loc":{"start":{"line":650,"column":4},"end":{"line":652,"column":5}},"type":"if","locations":[{"start":{"line":650,"column":4},"end":{"line":652,"column":5}}]},"50":{"loc":{"start":{"line":670,"column":4},"end":{"line":672,"column":5}},"type":"if","locations":[{"start":{"line":670,"column":4},"end":{"line":672,"column":5}}]},"51":{"loc":{"start":{"line":703,"column":11},"end":{"line":703,"column":50}},"type":"cond-expr","locations":[{"start":{"line":703,"column":24},"end":{"line":703,"column":43}},{"start":{"line":703,"column":46},"end":{"line":703,"column":50}}]},"52":{"loc":{"start":{"line":712,"column":4},"end":{"line":714,"column":5}},"type":"if","locations":[{"start":{"line":712,"column":4},"end":{"line":714,"column":5}}]}},"s":{"0":0,"1":0,"2":0,"3":0,"4":0,"5":0,"6":0,"7":0,"8":0,"9":0,"10":0,"11":0,"12":0,"13":0,"14":0,"15":0,"16":0,"17":0,"18":0,"19":0,"20":0,"21":0,"22":0,"23":0,"24":0,"25":0,"26":0,"27":0,"28":0,"29":0,"30":0,"31":0,"32":0,"33":0,"34":0,"35":0,"36":0,"37":0,"38":0,"39":0,"40":0,"41":0,"42":0,"43":0,"44":0,"45":0,"46":0,"47":0,"48":0,"49":0,"50":0,"51":0,"52":0,"53":0,"54":0,"55":0,"56":0,"57":0,"58":0,"59":0,"60":0,"61":0,"62":0,"63":0,"64":0,"65":0,"66":0,"67":0,"68":0,"69":0,"70":0,"71":0,"72":0,"73":0,"74":0,"75":0,"76":0,"77":0,"78":0,"79":0,"80":0,"81":0,"82":0,"83":0,"84":0,"85":0,"86":0,"87":0,"88":0,"89":0,"90":0,"91":0,"92":0,"93":0,"94":0,"95":0,"96":0,"97":0,"98":0,"99":0,"100":0,"101":0,"102":0,"103":0,"104":0,"105":0,"106":0,"107":0,"108":0,"109":0,"110":0,"111":0,"112":0,"113":0,"114":0,"115":0,"116":0,"117":0,"118":0,"119":0,"120":0,"121":0,"122":0,"123":0,"124":0,"125":0,"126":0,"127":0,"128":0,"129":0,"130":0,"131":0,"132":0,"133":0,"134":0,"135":0,"136":0,"137":0,"138":0,"139":0,"140":0,"141":0,"142":0,"143":0,"144":0,"145":0,"146":0,"147":0,"148":0,"149":0,"150":0,"151":0,"152":0,"153":0,"154":0,"155":0,"156":0,"157":0,"158":0,"159":0,"160":0,"161":0,"162":0,"163":0,"164":0,"165":0,"166":0,"167":0,"168":0,"169":0,"170":0,"171":0,"172":0,"173":0,"174":0,"175":0,"176":0,"177":0,"178":0,"179":0,"180":0,"181":0,"182":0,"183":0,"184":0,"185":0,"186":0,"187":0,"188":0,"189":0,"190":0,"191":0,"192":0,"193":0,"194":0,"195":0,"196":0,"197":0,"198":0,"199":0,"200":0,"201":0,"202":0,"203":0,"204":0,"205":0},"f":{"0":0,"1":0,"2":0,"3":0,"4":0,"5":0,"6":0,"7":0,"8":0,"9":0,"10":0,"11":0,"12":0,"13":0,"14":0,"15":0,"16":0,"17":0,"18":0},"b":{"0":[0,0],"1":[0,0],"2":[0],"3":[0,0,0,0],"4":[0],"5":[0,0],"6":[0],"7":[0],"8":[0,0],"9":[0,0],"10":[0],"11":[0],"12":[0,0,0,0,0,0,0,0,0,0,0],"13":[0],"14":[0],"15":[0],"16":[0,0],"17":[0,0],"18":[0],"19":[0],"20":[0],"21":[0,0],"22":[0],"23":[0,0],"24":[0,0],"25":[0,0],"26":[0,0],"27":[0,0],"28":[0,0],"29":[0],"30":[0,0],"31":[0,0],"32":[0,0],"33":[0],"34":[0],"35":[0],"36":[0],"37":[0],"38":[0],"39":[0],"40":[0],"41":[0],"42":[0],"43":[0],"44":[0],"45":[0],"46":[0],"47":[0],"48":[0],"49":[0],"50":[0],"51":[0,0],"52":[0]}}
,"/Users/Wiktor/TESTPROG BOX/AA/backend/src/types/index.ts": {"path":"/Users/Wiktor/TESTPROG BOX/AA/backend/src/types/index.ts","statementMap":{"0":{"start":{"line":1,"column":0},"end":{"line":1,"column":43}},"1":{"start":{"line":2,"column":0},"end":{"line":2,"column":40}},"2":{"start":{"line":3,"column":0},"end":{"line":3,"column":27}},"3":{"start":{"line":4,"column":0},"end":{"line":4,"column":29}}},"fnMap":{},"branchMap":{},"s":{"0":0,"1":0,"2":0,"3":0},"f":{},"b":{}}
,"/Users/Wiktor/TESTPROG BOX/AA/backend/src/utils/AppError.ts": {"path":"/Users/Wiktor/TESTPROG BOX/AA/backend/src/utils/AppError.ts","statementMap":{"0":{"start":{"line":10,"column":4},"end":{"line":10,"column":19}},"1":{"start":{"line":12,"column":4},"end":{"line":12,"column":33}},"2":{"start":{"line":13,"column":4},"end":{"line":13,"column":39}},"3":{"start":{"line":16,"column":4},"end":{"line":16,"column":52}},"4":{"start":{"line":1,"column":0},"end":{"line":1,"column":13}},"5":{"start":{"line":20,"column":0},"end":{"line":20,"column":24}}},"fnMap":{"0":{"name":"(anonymous_0)","decl":{"start":{"line":5,"column":2},"end":{"line":5,"column":null}},"loc":{"start":{"line":8,"column":33},"end":{"line":17,"column":3}}}},"branchMap":{"0":{"loc":{"start":{"line":7,"column":4},"end":{"line":7,"column":28}},"type":"default-arg","locations":[{"start":{"line":7,"column":25},"end":{"line":7,"column":28}}]},"1":{"loc":{"start":{"line":8,"column":4},"end":{"line":8,"column":33}},"type":"default-arg","locations":[{"start":{"line":8,"column":29},"end":{"line":8,"column":33}}]}},"s":{"0":2,"1":2,"2":2,"3":2,"4":1,"5":1},"f":{"0":2},"b":{"0":[0],"1":[2]}}
,"/Users/Wiktor/TESTPROG BOX/AA/backend/src/utils/countryValidation.ts": {"path":"/Users/Wiktor/TESTPROG BOX/AA/backend/src/utils/countryValidation.ts","statementMap":{"0":{"start":{"line":251,"column":0},"end":{"line":251,"column":16}},"1":{"start":{"line":1,"column":26},"end":{"line":249,"column":2}},"2":{"start":{"line":252,"column":2},"end":{"line":252,"column":45}},"3":{"start":{"line":252,"column":32},"end":{"line":252,"column":45}},"4":{"start":{"line":253,"column":2},"end":{"line":253,"column":51}}},"fnMap":{"0":{"name":"isValidCountry","decl":{"start":{"line":251,"column":16},"end":{"line":251,"column":30}},"loc":{"start":{"line":251,"column":43},"end":{"line":254,"column":1}}}},"branchMap":{"0":{"loc":{"start":{"line":252,"column":2},"end":{"line":252,"column":45}},"type":"if","locations":[{"start":{"line":252,"column":2},"end":{"line":252,"column":45}}]}},"s":{"0":0,"1":0,"2":0,"3":0,"4":0},"f":{"0":0},"b":{"0":[0]}}
,"/Users/Wiktor/TESTPROG BOX/AA/backend/src/utils/logger.ts": {"path":"/Users/Wiktor/TESTPROG BOX/AA/backend/src/utils/logger.ts","statementMap":{"0":{"start":{"line":1,"column":13},"end":{"line":6,"column":2}},"1":{"start":{"line":2,"column":28},"end":{"line":2,"column":58}},"2":{"start":{"line":3,"column":28},"end":{"line":3,"column":59}},"3":{"start":{"line":4,"column":29},"end":{"line":4,"column":62}},"4":{"start":{"line":5,"column":29},"end":{"line":5,"column":62}}},"fnMap":{"0":{"name":"(anonymous_0)","decl":{"start":{"line":2,"column":8},"end":{"line":2,"column":9}},"loc":{"start":{"line":2,"column":28},"end":{"line":2,"column":58}}},"1":{"name":"(anonymous_1)","decl":{"start":{"line":3,"column":8},"end":{"line":3,"column":9}},"loc":{"start":{"line":3,"column":28},"end":{"line":3,"column":59}}},"2":{"name":"(anonymous_2)","decl":{"start":{"line":4,"column":9},"end":{"line":4,"column":10}},"loc":{"start":{"line":4,"column":29},"end":{"line":4,"column":62}}},"3":{"name":"(anonymous_3)","decl":{"start":{"line":5,"column":9},"end":{"line":5,"column":10}},"loc":{"start":{"line":5,"column":29},"end":{"line":5,"column":62}}}},"branchMap":{},"s":{"0":0,"1":0,"2":0,"3":0,"4":0},"f":{"0":0,"1":0,"2":0,"3":0},"b":{}}
}
