TN:
SF:src/db.ts
FN:30,(anonymous_1)
FN:34,(anonymous_2)
FNF:2
FNH:0
FNDA:0,(anonymous_1)
FNDA:0,(anonymous_2)
DA:1,0
DA:2,0
DA:3,0
DA:7,0
DA:8,0
DA:10,0
DA:11,0
DA:12,0
DA:15,0
DA:28,0
DA:31,0
DA:32,0
DA:35,0
DA:40,0
LF:14
LH:0
BRDA:20,0,0,0
BRDA:20,0,1,0
BRF:2
BRH:0
end_of_record
TN:
SF:src/controllers/adsPowerController.ts
FN:37,(anonymous_8)
FN:41,(anonymous_9)
FN:70,(anonymous_10)
FN:167,(anonymous_11)
FN:197,(anonymous_12)
FN:220,(anonymous_13)
FN:224,(anonymous_14)
FN:237,(anonymous_15)
FN:252,(anonymous_16)
FN:257,(anonymous_17)
FN:257,(anonymous_18)
FN:282,(anonymous_19)
FN:282,(anonymous_20)
FN:330,(anonymous_21)
FN:330,(anonymous_22)
FN:372,(anonymous_23)
FN:372,(anonymous_24)
FN:432,(anonymous_25)
FN:432,(anonymous_26)
FN:474,(anonymous_27)
FN:474,(anonymous_28)
FN:518,(anonymous_29)
FN:518,(anonymous_30)
FN:559,(anonymous_31)
FN:559,(anonymous_32)
FN:625,(anonymous_33)
FN:625,(anonymous_34)
FN:666,(anonymous_35)
FN:666,(anonymous_36)
FN:712,(anonymous_37)
FN:715,(anonymous_38)
FN:761,(anonymous_39)
FN:761,(anonymous_40)
FN:806,(anonymous_41)
FN:806,(anonymous_42)
FN:848,(anonymous_43)
FN:848,(anonymous_44)
FN:890,(anonymous_45)
FN:890,(anonymous_46)
FNF:39
FNH:0
FNDA:0,(anonymous_8)
FNDA:0,(anonymous_9)
FNDA:0,(anonymous_10)
FNDA:0,(anonymous_11)
FNDA:0,(anonymous_12)
FNDA:0,(anonymous_13)
FNDA:0,(anonymous_14)
FNDA:0,(anonymous_15)
FNDA:0,(anonymous_16)
FNDA:0,(anonymous_17)
FNDA:0,(anonymous_18)
FNDA:0,(anonymous_19)
FNDA:0,(anonymous_20)
FNDA:0,(anonymous_21)
FNDA:0,(anonymous_22)
FNDA:0,(anonymous_23)
FNDA:0,(anonymous_24)
FNDA:0,(anonymous_25)
FNDA:0,(anonymous_26)
FNDA:0,(anonymous_27)
FNDA:0,(anonymous_28)
FNDA:0,(anonymous_29)
FNDA:0,(anonymous_30)
FNDA:0,(anonymous_31)
FNDA:0,(anonymous_32)
FNDA:0,(anonymous_33)
FNDA:0,(anonymous_34)
FNDA:0,(anonymous_35)
FNDA:0,(anonymous_36)
FNDA:0,(anonymous_37)
FNDA:0,(anonymous_38)
FNDA:0,(anonymous_39)
FNDA:0,(anonymous_40)
FNDA:0,(anonymous_41)
FNDA:0,(anonymous_42)
FNDA:0,(anonymous_43)
FNDA:0,(anonymous_44)
FNDA:0,(anonymous_45)
FNDA:0,(anonymous_46)
DA:2,0
DA:3,0
DA:28,0
DA:29,0
DA:32,0
DA:37,0
DA:41,0
DA:46,0
DA:71,0
DA:80,0
DA:82,0
DA:92,0
DA:101,0
DA:132,0
DA:138,0
DA:167,0
DA:173,0
DA:182,0
DA:192,0
DA:197,0
DA:205,0
DA:215,0
DA:220,0
DA:224,0
DA:229,0
DA:237,0
DA:244,0
DA:252,0
DA:256,0
DA:257,0
DA:259,0
DA:260,0
DA:261,0
DA:267,0
DA:281,0
DA:282,0
DA:283,0
DA:284,0
DA:285,0
DA:286,0
DA:291,0
DA:294,0
DA:297,0
DA:299,0
DA:305,0
DA:311,0
DA:315,0
DA:329,0
DA:330,0
DA:331,0
DA:332,0
DA:333,0
DA:338,0
DA:341,0
DA:344,0
DA:346,0
DA:347,0
DA:353,0
DA:357,0
DA:371,0
DA:372,0
DA:374,0
DA:375,0
DA:376,0
DA:381,0
DA:383,0
DA:386,0
DA:387,0
DA:388,0
DA:393,0
DA:398,0
DA:404,0
DA:406,0
DA:407,0
DA:413,0
DA:417,0
DA:431,0
DA:432,0
DA:433,0
DA:434,0
DA:435,0
DA:440,0
DA:443,0
DA:446,0
DA:448,0
DA:449,0
DA:455,0
DA:459,0
DA:473,0
DA:474,0
DA:475,0
DA:478,0
DA:479,0
DA:484,0
DA:487,0
DA:490,0
DA:492,0
DA:493,0
DA:499,0
DA:503,0
DA:517,0
DA:518,0
DA:521,0
DA:523,0
DA:524,0
DA:532,0
DA:540,0
DA:544,0
DA:558,0
DA:559,0
DA:560,0
DA:561,0
DA:562,0
DA:567,0
DA:569,0
DA:571,0
DA:574,0
DA:575,0
DA:580,0
DA:583,0
DA:586,0
DA:594,0
DA:600,0
DA:606,0
DA:610,0
DA:624,0
DA:625,0
DA:626,0
DA:627,0
DA:628,0
DA:633,0
DA:635,0
DA:638,0
DA:640,0
DA:641,0
DA:647,0
DA:651,0
DA:665,0
DA:666,0
DA:667,0
DA:668,0
DA:669,0
DA:674,0
DA:676,0
DA:679,0
DA:681,0
DA:687,0
DA:693,0
DA:697,0
DA:711,0
DA:715,0
DA:716,0
DA:717,0
DA:718,0
DA:723,0
DA:725,0
DA:728,0
DA:730,0
DA:736,0
DA:742,0
DA:746,0
DA:760,0
DA:761,0
DA:762,0
DA:766,0
DA:767,0
DA:772,0
DA:775,0
DA:778,0
DA:780,0
DA:781,0
DA:787,0
DA:791,0
DA:805,0
DA:806,0
DA:807,0
DA:808,0
DA:809,0
DA:814,0
DA:817,0
DA:820,0
DA:822,0
DA:823,0
DA:829,0
DA:833,0
DA:847,0
DA:848,0
DA:849,0
DA:850,0
DA:851,0
DA:856,0
DA:859,0
DA:862,0
DA:864,0
DA:865,0
DA:871,0
DA:875,0
DA:889,0
DA:890,0
DA:891,0
DA:892,0
DA:893,0
DA:898,0
DA:900,0
DA:903,0
DA:905,0
DA:906,0
DA:912,0
DA:916,0
DA:930,0
LF:210
LH:0
BRDA:37,0,0,0
BRDA:37,0,1,0
BRDA:41,1,0,0
BRDA:41,1,1,0
BRDA:71,2,0,0
BRDA:72,3,0,0
BRDA:72,3,1,0
BRDA:72,3,2,0
BRDA:72,3,3,0
BRDA:72,3,4,0
BRDA:72,3,5,0
BRDA:72,3,6,0
BRDA:80,4,0,0
BRDA:80,4,1,0
BRDA:80,4,2,0
BRDA:197,5,0,0
BRDA:197,5,1,0
BRDA:220,6,0,0
BRDA:220,6,1,0
BRDA:224,7,0,0
BRDA:224,7,1,0
BRDA:237,8,0,0
BRDA:237,8,1,0
BRDA:260,9,0,0
BRDA:260,9,1,0
BRDA:260,10,0,0
BRDA:260,10,1,0
BRDA:267,11,0,0
BRDA:267,11,1,0
BRDA:267,12,0,0
BRDA:267,12,1,0
BRDA:267,13,0,0
BRDA:267,13,1,0
BRDA:267,14,0,0
BRDA:267,14,1,0
BRDA:270,15,0,0
BRDA:270,15,1,0
BRDA:270,16,0,0
BRDA:270,16,1,0
BRDA:270,17,0,0
BRDA:270,17,1,0
BRDA:272,18,0,0
BRDA:272,18,1,0
BRDA:272,19,0,0
BRDA:272,19,1,0
BRDA:272,20,0,0
BRDA:272,20,1,0
BRDA:284,21,0,0
BRDA:299,22,0,0
BRDA:299,22,1,0
BRDA:300,23,0,0
BRDA:300,23,1,0
BRDA:300,23,2,0
BRDA:300,23,3,0
BRDA:315,24,0,0
BRDA:315,24,1,0
BRDA:315,25,0,0
BRDA:315,25,1,0
BRDA:315,26,0,0
BRDA:315,26,1,0
BRDA:315,27,0,0
BRDA:315,27,1,0
BRDA:318,28,0,0
BRDA:318,28,1,0
BRDA:318,29,0,0
BRDA:318,29,1,0
BRDA:318,30,0,0
BRDA:318,30,1,0
BRDA:320,31,0,0
BRDA:320,31,1,0
BRDA:332,32,0,0
BRDA:346,33,0,0
BRDA:346,33,1,0
BRDA:346,34,0,0
BRDA:346,34,1,0
BRDA:357,35,0,0
BRDA:357,35,1,0
BRDA:357,36,0,0
BRDA:357,36,1,0
BRDA:357,37,0,0
BRDA:357,37,1,0
BRDA:357,38,0,0
BRDA:357,38,1,0
BRDA:360,39,0,0
BRDA:360,39,1,0
BRDA:360,40,0,0
BRDA:360,40,1,0
BRDA:360,41,0,0
BRDA:360,41,1,0
BRDA:362,42,0,0
BRDA:362,42,1,0
BRDA:375,43,0,0
BRDA:387,44,0,0
BRDA:406,45,0,0
BRDA:406,45,1,0
BRDA:406,46,0,0
BRDA:406,46,1,0
BRDA:417,47,0,0
BRDA:417,47,1,0
BRDA:417,48,0,0
BRDA:417,48,1,0
BRDA:417,49,0,0
BRDA:417,49,1,0
BRDA:417,50,0,0
BRDA:417,50,1,0
BRDA:420,51,0,0
BRDA:420,51,1,0
BRDA:420,52,0,0
BRDA:420,52,1,0
BRDA:420,53,0,0
BRDA:420,53,1,0
BRDA:422,54,0,0
BRDA:422,54,1,0
BRDA:434,55,0,0
BRDA:448,56,0,0
BRDA:448,56,1,0
BRDA:448,57,0,0
BRDA:448,57,1,0
BRDA:459,58,0,0
BRDA:459,58,1,0
BRDA:459,59,0,0
BRDA:459,59,1,0
BRDA:459,60,0,0
BRDA:459,60,1,0
BRDA:459,61,0,0
BRDA:459,61,1,0
BRDA:462,62,0,0
BRDA:462,62,1,0
BRDA:462,63,0,0
BRDA:462,63,1,0
BRDA:462,64,0,0
BRDA:462,64,1,0
BRDA:464,65,0,0
BRDA:464,65,1,0
BRDA:478,66,0,0
BRDA:492,67,0,0
BRDA:492,67,1,0
BRDA:492,68,0,0
BRDA:492,68,1,0
BRDA:503,69,0,0
BRDA:503,69,1,0
BRDA:503,70,0,0
BRDA:503,70,1,0
BRDA:503,71,0,0
BRDA:503,71,1,0
BRDA:503,72,0,0
BRDA:503,72,1,0
BRDA:506,73,0,0
BRDA:506,73,1,0
BRDA:506,74,0,0
BRDA:506,74,1,0
BRDA:506,75,0,0
BRDA:506,75,1,0
BRDA:508,76,0,0
BRDA:508,76,1,0
BRDA:523,77,0,0
BRDA:523,77,1,0
BRDA:523,78,0,0
BRDA:523,78,1,0
BRDA:532,79,0,0
BRDA:532,79,1,0
BRDA:532,80,0,0
BRDA:532,80,1,0
BRDA:532,81,0,0
BRDA:532,81,1,0
BRDA:534,82,0,0
BRDA:534,82,1,0
BRDA:534,83,0,0
BRDA:534,83,1,0
BRDA:534,84,0,0
BRDA:534,84,1,0
BRDA:534,85,0,0
BRDA:534,85,1,0
BRDA:547,86,0,0
BRDA:547,86,1,0
BRDA:547,87,0,0
BRDA:547,87,1,0
BRDA:547,88,0,0
BRDA:547,88,1,0
BRDA:549,89,0,0
BRDA:549,89,1,0
BRDA:561,90,0,0
BRDA:574,91,0,0
BRDA:594,92,0,0
BRDA:594,92,1,0
BRDA:595,93,0,0
BRDA:595,93,1,0
BRDA:595,93,2,0
BRDA:595,93,3,0
BRDA:610,94,0,0
BRDA:610,94,1,0
BRDA:610,95,0,0
BRDA:610,95,1,0
BRDA:610,96,0,0
BRDA:610,96,1,0
BRDA:610,97,0,0
BRDA:610,97,1,0
BRDA:613,98,0,0
BRDA:613,98,1,0
BRDA:613,99,0,0
BRDA:613,99,1,0
BRDA:613,100,0,0
BRDA:613,100,1,0
BRDA:615,101,0,0
BRDA:615,101,1,0
BRDA:627,102,0,0
BRDA:640,103,0,0
BRDA:640,103,1,0
BRDA:640,104,0,0
BRDA:640,104,1,0
BRDA:651,105,0,0
BRDA:651,105,1,0
BRDA:651,106,0,0
BRDA:651,106,1,0
BRDA:651,107,0,0
BRDA:651,107,1,0
BRDA:651,108,0,0
BRDA:651,108,1,0
BRDA:654,109,0,0
BRDA:654,109,1,0
BRDA:654,110,0,0
BRDA:654,110,1,0
BRDA:654,111,0,0
BRDA:654,111,1,0
BRDA:656,112,0,0
BRDA:656,112,1,0
BRDA:668,113,0,0
BRDA:681,114,0,0
BRDA:681,114,1,0
BRDA:682,115,0,0
BRDA:682,115,1,0
BRDA:682,115,2,0
BRDA:682,115,3,0
BRDA:697,116,0,0
BRDA:697,116,1,0
BRDA:697,117,0,0
BRDA:697,117,1,0
BRDA:697,118,0,0
BRDA:697,118,1,0
BRDA:697,119,0,0
BRDA:697,119,1,0
BRDA:700,120,0,0
BRDA:700,120,1,0
BRDA:700,121,0,0
BRDA:700,121,1,0
BRDA:700,122,0,0
BRDA:700,122,1,0
BRDA:702,123,0,0
BRDA:702,123,1,0
BRDA:717,124,0,0
BRDA:730,125,0,0
BRDA:730,125,1,0
BRDA:731,126,0,0
BRDA:731,126,1,0
BRDA:731,126,2,0
BRDA:731,126,3,0
BRDA:746,127,0,0
BRDA:746,127,1,0
BRDA:746,128,0,0
BRDA:746,128,1,0
BRDA:746,129,0,0
BRDA:746,129,1,0
BRDA:746,130,0,0
BRDA:746,130,1,0
BRDA:749,131,0,0
BRDA:749,131,1,0
BRDA:749,132,0,0
BRDA:749,132,1,0
BRDA:749,133,0,0
BRDA:749,133,1,0
BRDA:751,134,0,0
BRDA:751,134,1,0
BRDA:766,135,0,0
BRDA:780,136,0,0
BRDA:780,136,1,0
BRDA:780,137,0,0
BRDA:780,137,1,0
BRDA:780,137,2,0
BRDA:791,138,0,0
BRDA:791,138,1,0
BRDA:791,139,0,0
BRDA:791,139,1,0
BRDA:791,140,0,0
BRDA:791,140,1,0
BRDA:791,141,0,0
BRDA:791,141,1,0
BRDA:794,142,0,0
BRDA:794,142,1,0
BRDA:794,143,0,0
BRDA:794,143,1,0
BRDA:794,144,0,0
BRDA:794,144,1,0
BRDA:796,145,0,0
BRDA:796,145,1,0
BRDA:808,146,0,0
BRDA:822,147,0,0
BRDA:822,147,1,0
BRDA:822,148,0,0
BRDA:822,148,1,0
BRDA:833,149,0,0
BRDA:833,149,1,0
BRDA:833,150,0,0
BRDA:833,150,1,0
BRDA:833,151,0,0
BRDA:833,151,1,0
BRDA:833,152,0,0
BRDA:833,152,1,0
BRDA:836,153,0,0
BRDA:836,153,1,0
BRDA:836,154,0,0
BRDA:836,154,1,0
BRDA:836,155,0,0
BRDA:836,155,1,0
BRDA:838,156,0,0
BRDA:838,156,1,0
BRDA:850,157,0,0
BRDA:864,158,0,0
BRDA:864,158,1,0
BRDA:864,159,0,0
BRDA:864,159,1,0
BRDA:875,160,0,0
BRDA:875,160,1,0
BRDA:875,161,0,0
BRDA:875,161,1,0
BRDA:875,162,0,0
BRDA:875,162,1,0
BRDA:875,163,0,0
BRDA:875,163,1,0
BRDA:878,164,0,0
BRDA:878,164,1,0
BRDA:878,165,0,0
BRDA:878,165,1,0
BRDA:878,166,0,0
BRDA:878,166,1,0
BRDA:880,167,0,0
BRDA:880,167,1,0
BRDA:892,168,0,0
BRDA:905,169,0,0
BRDA:905,169,1,0
BRDA:905,170,0,0
BRDA:905,170,1,0
BRDA:905,170,2,0
BRDA:916,171,0,0
BRDA:916,171,1,0
BRDA:916,172,0,0
BRDA:916,172,1,0
BRDA:916,173,0,0
BRDA:916,173,1,0
BRDA:916,174,0,0
BRDA:916,174,1,0
BRDA:919,175,0,0
BRDA:919,175,1,0
BRDA:919,176,0,0
BRDA:919,176,1,0
BRDA:919,177,0,0
BRDA:919,177,1,0
BRDA:921,178,0,0
BRDA:921,178,1,0
BRF:358
BRH:0
end_of_record
TN:
SF:src/controllers/allegroController.ts
FN:20,(anonymous_8)
FN:51,(anonymous_9)
FN:51,(anonymous_10)
FN:115,(anonymous_11)
FN:115,(anonymous_12)
FN:134,(anonymous_13)
FN:134,(anonymous_14)
FN:27,(anonymous_15)
FNF:8
FNH:0
FNDA:0,(anonymous_8)
FNDA:0,(anonymous_9)
FNDA:0,(anonymous_10)
FNDA:0,(anonymous_11)
FNDA:0,(anonymous_12)
FNDA:0,(anonymous_13)
FNDA:0,(anonymous_14)
FNDA:0,(anonymous_15)
DA:2,0
DA:6,0
DA:7,0
DA:29,0
DA:30,0
DA:33,0
DA:34,0
DA:37,0
DA:41,0
DA:42,0
DA:43,0
DA:47,0
DA:51,0
DA:52,0
DA:53,0
DA:56,0
DA:57,0
DA:58,0
DA:60,0
DA:61,0
DA:62,0
DA:64,0
DA:69,0
DA:70,0
DA:73,0
DA:74,0
DA:75,0
DA:78,0
DA:79,0
DA:83,0
DA:84,0
DA:85,0
DA:92,0
DA:97,0
DA:102,0
DA:114,0
DA:115,0
DA:116,0
DA:117,0
DA:118,0
DA:119,0
DA:121,0
DA:122,0
DA:123,0
DA:125,0
DA:128,0
DA:129,0
DA:134,0
DA:135,0
DA:136,0
DA:137,0
DA:141,0
LF:52
LH:0
BRDA:52,0,0,0
BRDA:64,1,0,0
BRDA:65,2,0,0
BRDA:65,2,1,0
BRDA:65,2,2,0
BRDA:73,3,0,0
BRDA:117,4,0,0
BRDA:121,5,0,0
BRDA:29,6,0,0
BRF:9
BRH:0
end_of_record
TN:
SF:src/controllers/brightDataController.ts
FN:8,(anonymous_8)
FN:14,(anonymous_9)
FN:14,(anonymous_10)
FNF:3
FNH:0
FNDA:0,(anonymous_8)
FNDA:0,(anonymous_9)
FNDA:0,(anonymous_10)
DA:2,0
DA:3,0
DA:8,0
DA:14,0
DA:15,0
DA:18,0
DA:27,0
LF:7
LH:0
BRF:0
BRH:0
end_of_record
TN:
SF:src/controllers/deliveryController.ts
FN:12,(anonymous_8)
FN:19,(anonymous_9)
FN:19,(anonymous_10)
FN:63,(anonymous_11)
FN:63,(anonymous_12)
FN:104,(anonymous_13)
FN:104,(anonymous_14)
FN:155,(anonymous_15)
FN:155,(anonymous_16)
FN:207,(anonymous_17)
FN:207,(anonymous_18)
FN:244,(anonymous_19)
FN:244,(anonymous_20)
FN:266,(anonymous_21)
FN:266,(anonymous_22)
FN:302,(anonymous_23)
FN:302,(anonymous_24)
FN:338,(anonymous_25)
FN:338,(anonymous_26)
FN:409,(anonymous_27)
FN:409,(anonymous_28)
FNF:21
FNH:0
FNDA:0,(anonymous_8)
FNDA:0,(anonymous_9)
FNDA:0,(anonymous_10)
FNDA:0,(anonymous_11)
FNDA:0,(anonymous_12)
FNDA:0,(anonymous_13)
FNDA:0,(anonymous_14)
FNDA:0,(anonymous_15)
FNDA:0,(anonymous_16)
FNDA:0,(anonymous_17)
FNDA:0,(anonymous_18)
FNDA:0,(anonymous_19)
FNDA:0,(anonymous_20)
FNDA:0,(anonymous_21)
FNDA:0,(anonymous_22)
FNDA:0,(anonymous_23)
FNDA:0,(anonymous_24)
FNDA:0,(anonymous_25)
FNDA:0,(anonymous_26)
FNDA:0,(anonymous_27)
FNDA:0,(anonymous_28)
DA:2,0
DA:3,0
DA:12,0
DA:13,0
DA:18,0
DA:19,0
DA:20,0
DA:22,0
DA:31,0
DA:40,0
DA:45,0
DA:50,0
DA:51,0
DA:62,0
DA:63,0
DA:64,0
DA:65,0
DA:67,0
DA:68,0
DA:73,0
DA:78,0
DA:80,0
DA:86,0
DA:91,0
DA:103,0
DA:104,0
DA:105,0
DA:108,0
DA:113,0
DA:117,0
DA:120,0
DA:122,0
DA:124,0
DA:129,0
DA:131,0
DA:137,0
DA:142,0
DA:154,0
DA:155,0
DA:156,0
DA:157,0
DA:159,0
DA:160,0
DA:164,0
DA:167,0
DA:168,0
DA:173,0
DA:178,0
DA:183,0
DA:189,0
DA:194,0
DA:206,0
DA:207,0
DA:208,0
DA:210,0
DA:211,0
DA:213,0
DA:218,0
DA:220,0
DA:226,0
DA:231,0
DA:243,0
DA:244,0
DA:245,0
DA:246,0
DA:248,0
DA:253,0
DA:254,0
DA:265,0
DA:266,0
DA:267,0
DA:269,0
DA:270,0
DA:271,0
DA:276,0
DA:281,0
DA:286,0
DA:290,0
DA:301,0
DA:302,0
DA:303,0
DA:305,0
DA:306,0
DA:307,0
DA:312,0
DA:317,0
DA:322,0
DA:326,0
DA:337,0
DA:338,0
DA:339,0
DA:341,0
DA:344,0
DA:346,0
DA:347,0
DA:351,0
DA:355,0
DA:356,0
DA:357,0
DA:360,0
DA:361,0
DA:365,0
DA:369,0
DA:371,0
DA:377,0
DA:383,0
DA:385,0
DA:391,0
DA:396,0
DA:408,0
DA:409,0
DA:410,0
DA:412,0
DA:415,0
DA:417,0
DA:418,0
DA:422,0
DA:425,0
DA:427,0
DA:432,0
DA:434,0
DA:440,0
DA:445,0
DA:455,0
LF:124
LH:0
BRDA:32,0,0,0
BRDA:32,0,1,0
BRDA:33,1,0,0
BRDA:33,1,1,0
BRDA:80,2,0,0
BRDA:80,2,1,0
BRDA:81,3,0,0
BRDA:81,3,1,0
BRDA:81,3,2,0
BRDA:81,3,3,0
BRDA:108,4,0,0
BRDA:109,5,0,0
BRDA:109,5,1,0
BRDA:109,5,2,0
BRDA:131,6,0,0
BRDA:131,6,1,0
BRDA:132,7,0,0
BRDA:132,7,1,0
BRDA:132,7,2,0
BRDA:132,7,3,0
BRDA:159,8,0,0
BRDA:183,9,0,0
BRDA:183,9,1,0
BRDA:184,10,0,0
BRDA:184,10,1,0
BRDA:184,10,2,0
BRDA:184,10,3,0
BRDA:220,11,0,0
BRDA:220,11,1,0
BRDA:221,12,0,0
BRDA:221,12,1,0
BRDA:221,12,2,0
BRDA:221,12,3,0
BRDA:272,13,0,0
BRDA:272,13,1,0
BRDA:273,14,0,0
BRDA:273,14,1,0
BRDA:308,15,0,0
BRDA:308,15,1,0
BRDA:309,16,0,0
BRDA:309,16,1,0
BRDA:344,17,0,0
BRDA:344,17,1,0
BRDA:344,18,0,0
BRDA:344,18,1,0
BRDA:344,19,0,0
BRDA:344,19,1,0
BRDA:344,20,0,0
BRDA:344,20,1,0
BRDA:344,21,0,0
BRDA:344,21,1,0
BRDA:344,22,0,0
BRDA:344,22,1,0
BRDA:344,23,0,0
BRDA:344,23,1,0
BRDA:344,24,0,0
BRDA:344,24,1,0
BRDA:344,25,0,0
BRDA:344,25,1,0
BRDA:346,26,0,0
BRDA:356,27,0,0
BRDA:356,28,0,0
BRDA:356,28,1,0
BRDA:356,29,0,0
BRDA:356,29,1,0
BRDA:356,30,0,0
BRDA:356,30,1,0
BRDA:360,31,0,0
BRDA:385,32,0,0
BRDA:385,32,1,0
BRDA:386,33,0,0
BRDA:386,33,1,0
BRDA:386,33,2,0
BRDA:386,33,3,0
BRDA:415,34,0,0
BRDA:415,34,1,0
BRDA:415,35,0,0
BRDA:415,35,1,0
BRDA:415,36,0,0
BRDA:415,36,1,0
BRDA:415,37,0,0
BRDA:415,37,1,0
BRDA:415,38,0,0
BRDA:415,38,1,0
BRDA:415,39,0,0
BRDA:415,39,1,0
BRDA:415,40,0,0
BRDA:415,40,1,0
BRDA:415,41,0,0
BRDA:415,41,1,0
BRDA:415,42,0,0
BRDA:415,42,1,0
BRDA:417,43,0,0
BRDA:434,44,0,0
BRDA:434,44,1,0
BRDA:435,45,0,0
BRDA:435,45,1,0
BRDA:435,45,2,0
BRDA:435,45,3,0
BRF:99
BRH:0
end_of_record
TN:
SF:src/controllers/auth/authController.ts
FN:16,(anonymous_8)
FN:27,(anonymous_9)
FN:27,(anonymous_10)
FN:158,(anonymous_11)
FN:158,(anonymous_12)
FN:232,(anonymous_13)
FN:232,(anonymous_14)
FN:280,(anonymous_15)
FN:280,(anonymous_16)
FNF:9
FNH:0
FNDA:0,(anonymous_8)
FNDA:0,(anonymous_9)
FNDA:0,(anonymous_10)
FNDA:0,(anonymous_11)
FNDA:0,(anonymous_12)
FNDA:0,(anonymous_13)
FNDA:0,(anonymous_14)
FNDA:0,(anonymous_15)
FNDA:0,(anonymous_16)
DA:2,0
DA:3,0
DA:4,0
DA:5,0
DA:6,0
DA:7,0
DA:16,0
DA:17,0
DA:18,0
DA:20,0
DA:21,0
DA:26,0
DA:27,0
DA:29,0
DA:33,0
DA:35,0
DA:36,0
DA:37,0
DA:40,0
DA:41,0
DA:42,0
DA:45,0
DA:46,0
DA:50,0
DA:53,0
DA:55,0
DA:57,0
DA:58,0
DA:62,0
DA:66,0
DA:67,0
DA:72,0
DA:76,0
DA:81,0
DA:83,0
DA:84,0
DA:87,0
DA:91,0
DA:95,0
DA:99,0
DA:100,0
DA:103,0
DA:106,0
DA:113,0
DA:116,0
DA:121,0
DA:123,0
DA:132,0
DA:145,0
DA:146,0
DA:157,0
DA:158,0
DA:159,0
DA:161,0
DA:162,0
DA:166,0
DA:169,0
DA:170,0
DA:176,0
DA:179,0
DA:180,0
DA:184,0
DA:188,0
DA:189,0
DA:193,0
DA:196,0
DA:203,0
DA:206,0
DA:214,0
DA:220,0
DA:231,0
DA:232,0
DA:233,0
DA:235,0
DA:236,0
DA:240,0
DA:243,0
DA:245,0
DA:254,0
DA:256,0
DA:257,0
DA:262,0
DA:267,0
DA:268,0
DA:279,0
DA:280,0
DA:281,0
DA:283,0
DA:284,0
DA:286,0
DA:287,0
DA:291,0
DA:294,0
DA:299,0
DA:300,0
DA:309,0
LF:96
LH:0
BRDA:17,0,0,0
BRDA:17,0,1,0
BRDA:19,1,0,0
BRDA:19,1,1,0
BRDA:33,2,0,0
BRDA:33,2,1,0
BRDA:33,3,0,0
BRDA:33,3,1,0
BRDA:45,4,0,0
BRDA:45,5,0,0
BRDA:45,5,1,0
BRDA:57,6,0,0
BRDA:66,7,0,0
BRDA:81,8,0,0
BRDA:121,9,0,0
BRDA:121,9,1,0
BRDA:161,10,0,0
BRDA:179,11,0,0
BRDA:188,12,0,0
BRDA:235,13,0,0
BRDA:254,14,0,0
BRDA:286,15,0,0
BRF:22
BRH:0
end_of_record
TN:
SF:src/controllers/auth/staffController.ts
FN:20,(anonymous_8)
FN:27,(anonymous_9)
FN:27,(anonymous_10)
FN:51,(anonymous_11)
FN:51,(anonymous_12)
FN:83,(anonymous_13)
FN:83,(anonymous_14)
FN:151,(anonymous_15)
FN:151,(anonymous_16)
FN:209,(anonymous_17)
FN:209,(anonymous_18)
FN:258,(anonymous_19)
FN:258,(anonymous_20)
FN:296,(anonymous_21)
FNF:14
FNH:0
FNDA:0,(anonymous_8)
FNDA:0,(anonymous_9)
FNDA:0,(anonymous_10)
FNDA:0,(anonymous_11)
FNDA:0,(anonymous_12)
FNDA:0,(anonymous_13)
FNDA:0,(anonymous_14)
FNDA:0,(anonymous_15)
FNDA:0,(anonymous_16)
FNDA:0,(anonymous_17)
FNDA:0,(anonymous_18)
FNDA:0,(anonymous_19)
FNDA:0,(anonymous_20)
FNDA:0,(anonymous_21)
DA:2,0
DA:3,0
DA:4,0
DA:20,0
DA:21,0
DA:26,0
DA:27,0
DA:28,0
DA:29,0
DA:33,0
DA:38,0
DA:39,0
DA:50,0
DA:51,0
DA:52,0
DA:54,0
DA:55,0
DA:57,0
DA:58,0
DA:62,0
DA:65,0
DA:70,0
DA:71,0
DA:82,0
DA:83,0
DA:85,0
DA:88,0
DA:89,0
DA:93,0
DA:96,0
DA:97,0
DA:102,0
DA:105,0
DA:107,0
DA:116,0
DA:124,0
DA:127,0
DA:133,0
DA:138,0
DA:150,0
DA:151,0
DA:153,0
DA:156,0
DA:157,0
DA:161,0
DA:164,0
DA:166,0
DA:170,0
DA:171,0
DA:175,0
DA:180,0
DA:182,0
DA:191,0
DA:196,0
DA:197,0
DA:208,0
DA:209,0
DA:210,0
DA:211,0
DA:213,0
DA:215,0
DA:223,0
DA:228,0
DA:234,0
DA:240,0
DA:245,0
DA:257,0
DA:258,0
DA:259,0
DA:261,0
DA:263,0
DA:265,0
DA:270,0
DA:273,0
DA:279,0
DA:284,0
DA:298,0
DA:299,0
DA:300,0
DA:301,0
DA:303,0
DA:307,0
LF:82
LH:0
BRDA:57,0,0,0
BRDA:88,1,0,0
BRDA:88,2,0,0
BRDA:88,2,1,0
BRDA:88,2,2,0
BRDA:88,2,3,0
BRDA:96,3,0,0
BRDA:96,4,0,0
BRDA:96,4,1,0
BRDA:127,5,0,0
BRDA:127,5,1,0
BRDA:128,6,0,0
BRDA:128,6,1,0
BRDA:128,6,2,0
BRDA:128,6,3,0
BRDA:156,7,0,0
BRDA:156,8,0,0
BRDA:156,8,1,0
BRDA:156,8,2,0
BRDA:156,8,3,0
BRDA:170,9,0,0
BRDA:234,10,0,0
BRDA:234,10,1,0
BRDA:235,11,0,0
BRDA:235,11,1,0
BRDA:235,11,2,0
BRDA:235,11,3,0
BRDA:273,12,0,0
BRDA:273,12,1,0
BRDA:274,13,0,0
BRDA:274,13,1,0
BRDA:274,13,2,0
BRDA:274,13,3,0
BRF:33
BRH:0
end_of_record
TN:
SF:src/controllers/auth/supplierController.ts
FN:29,(anonymous_8)
FN:36,(anonymous_9)
FN:36,(anonymous_10)
FN:60,(anonymous_11)
FN:60,(anonymous_12)
FN:92,(anonymous_13)
FN:92,(anonymous_14)
FN:124,(anonymous_15)
FN:124,(anonymous_16)
FN:151,(anonymous_17)
FN:151,(anonymous_18)
FN:181,(anonymous_19)
FN:181,(anonymous_20)
FN:259,(anonymous_21)
FN:259,(anonymous_22)
FN:347,(anonymous_23)
FN:347,(anonymous_24)
FN:456,(anonymous_25)
FN:456,(anonymous_26)
FNF:19
FNH:0
FNDA:0,(anonymous_8)
FNDA:0,(anonymous_9)
FNDA:0,(anonymous_10)
FNDA:0,(anonymous_11)
FNDA:0,(anonymous_12)
FNDA:0,(anonymous_13)
FNDA:0,(anonymous_14)
FNDA:0,(anonymous_15)
FNDA:0,(anonymous_16)
FNDA:0,(anonymous_17)
FNDA:0,(anonymous_18)
FNDA:0,(anonymous_19)
FNDA:0,(anonymous_20)
FNDA:0,(anonymous_21)
FNDA:0,(anonymous_22)
FNDA:0,(anonymous_23)
FNDA:0,(anonymous_24)
FNDA:0,(anonymous_25)
FNDA:0,(anonymous_26)
DA:2,0
DA:3,0
DA:4,0
DA:5,0
DA:29,0
DA:30,0
DA:35,0
DA:36,0
DA:37,0
DA:38,0
DA:42,0
DA:47,0
DA:48,0
DA:59,0
DA:60,0
DA:61,0
DA:63,0
DA:64,0
DA:66,0
DA:67,0
DA:71,0
DA:74,0
DA:79,0
DA:80,0
DA:91,0
DA:92,0
DA:93,0
DA:95,0
DA:96,0
DA:98,0
DA:99,0
DA:103,0
DA:106,0
DA:111,0
DA:112,0
DA:123,0
DA:124,0
DA:125,0
DA:127,0
DA:128,0
DA:130,0
DA:138,0
DA:139,0
DA:150,0
DA:151,0
DA:152,0
DA:154,0
DA:155,0
DA:156,0
DA:158,0
DA:160,0
DA:168,0
DA:169,0
DA:180,0
DA:181,0
DA:182,0
DA:185,0
DA:198,0
DA:202,0
DA:205,0
DA:207,0
DA:224,0
DA:232,0
DA:235,0
DA:241,0
DA:246,0
DA:258,0
DA:259,0
DA:260,0
DA:263,0
DA:276,0
DA:280,0
DA:283,0
DA:285,0
DA:288,0
DA:289,0
DA:293,0
DA:297,0
DA:300,0
DA:301,0
DA:305,0
DA:310,0
DA:312,0
DA:329,0
DA:334,0
DA:335,0
DA:346,0
DA:347,0
DA:348,0
DA:349,0
DA:351,0
DA:353,0
DA:354,0
DA:355,0
DA:359,0
DA:363,0
DA:367,0
DA:370,0
DA:371,0
DA:375,0
DA:379,0
DA:383,0
DA:386,0
DA:387,0
DA:391,0
DA:396,0
DA:427,0
DA:431,0
DA:437,0
DA:438,0
DA:443,0
DA:444,0
DA:455,0
DA:456,0
DA:457,0
DA:459,0
DA:461,0
DA:463,0
DA:468,0
DA:471,0
DA:477,0
DA:482,0
DA:492,0
LF:123
LH:0
BRDA:66,0,0,0
BRDA:98,1,0,0
BRDA:133,2,0,0
BRDA:133,2,1,0
BRDA:158,3,0,0
BRDA:158,3,1,0
BRDA:163,4,0,0
BRDA:163,4,1,0
BRDA:185,5,0,0
BRDA:186,6,0,0
BRDA:186,6,1,0
BRDA:186,6,2,0
BRDA:186,6,3,0
BRDA:186,6,4,0
BRDA:186,6,5,0
BRDA:186,6,6,0
BRDA:186,6,7,0
BRDA:186,6,8,0
BRDA:186,6,9,0
BRDA:186,6,10,0
BRDA:235,7,0,0
BRDA:235,7,1,0
BRDA:236,8,0,0
BRDA:236,8,1,0
BRDA:236,8,2,0
BRDA:236,8,3,0
BRDA:263,9,0,0
BRDA:264,10,0,0
BRDA:264,10,1,0
BRDA:264,10,2,0
BRDA:264,10,3,0
BRDA:264,10,4,0
BRDA:264,10,5,0
BRDA:264,10,6,0
BRDA:264,10,7,0
BRDA:264,10,8,0
BRDA:264,10,9,0
BRDA:264,10,10,0
BRDA:288,11,0,0
BRDA:300,12,0,0
BRDA:354,13,0,0
BRDA:363,14,0,0
BRDA:364,15,0,0
BRDA:364,15,1,0
BRDA:370,16,0,0
BRDA:370,17,0,0
BRDA:370,17,1,0
BRDA:379,18,0,0
BRDA:380,19,0,0
BRDA:380,19,1,0
BRDA:386,20,0,0
BRDA:386,21,0,0
BRDA:386,21,1,0
BRDA:397,22,0,0
BRDA:397,22,1,0
BRDA:399,23,0,0
BRDA:399,23,1,0
BRDA:401,24,0,0
BRDA:401,24,1,0
BRDA:403,25,0,0
BRDA:403,25,1,0
BRDA:404,26,0,0
BRDA:404,26,1,0
BRDA:405,27,0,0
BRDA:405,27,1,0
BRDA:407,28,0,0
BRDA:407,28,1,0
BRDA:410,29,0,0
BRDA:410,29,1,0
BRDA:412,30,0,0
BRDA:412,30,1,0
BRDA:415,31,0,0
BRDA:415,31,1,0
BRDA:419,32,0,0
BRDA:419,32,1,0
BRDA:421,33,0,0
BRDA:421,33,1,0
BRDA:423,34,0,0
BRDA:423,34,1,0
BRDA:427,35,0,0
BRDA:428,36,0,0
BRDA:428,36,1,0
BRDA:471,37,0,0
BRDA:471,37,1,0
BRDA:472,38,0,0
BRDA:472,38,1,0
BRDA:472,38,2,0
BRDA:472,38,3,0
BRF:88
BRH:0
end_of_record
TN:
SF:src/controllers/autoryzacja/rejestracjaDostawcy.controller.ts
FN:46,(anonymous_8)
FN:113,(anonymous_9)
FN:113,(anonymous_10)
FN:122,(anonymous_11)
FN:124,(anonymous_12)
FN:133,(anonymous_13)
FN:145,(anonymous_14)
FN:150,(anonymous_15)
FN:175,(anonymous_16)
FN:175,(anonymous_17)
FN:195,(anonymous_18)
FN:195,(anonymous_19)
FN:228,(anonymous_20)
FN:228,(anonymous_21)
FNF:14
FNH:0
FNDA:0,(anonymous_8)
FNDA:0,(anonymous_9)
FNDA:0,(anonymous_10)
FNDA:0,(anonymous_11)
FNDA:0,(anonymous_12)
FNDA:0,(anonymous_13)
FNDA:0,(anonymous_14)
FNDA:0,(anonymous_15)
FNDA:0,(anonymous_16)
FNDA:0,(anonymous_17)
FNDA:0,(anonymous_18)
FNDA:0,(anonymous_19)
FNDA:0,(anonymous_20)
FNDA:0,(anonymous_21)
DA:2,0
DA:46,0
DA:47,0
DA:50,0
DA:51,0
DA:54,0
DA:55,0
DA:59,0
DA:60,0
DA:63,0
DA:64,0
DA:67,0
DA:71,0
DA:74,0
DA:75,0
DA:79,0
DA:80,0
DA:83,0
DA:84,0
DA:87,0
DA:88,0
DA:91,0
DA:95,0
DA:98,0
DA:99,0
DA:103,0
DA:104,0
DA:107,0
DA:113,0
DA:116,0
DA:122,0
DA:124,0
DA:127,0
DA:133,0
DA:134,0
DA:135,0
DA:136,0
DA:137,0
DA:139,0
DA:145,0
DA:150,0
DA:152,0
DA:174,0
DA:175,0
DA:176,0
DA:178,0
DA:181,0
DA:194,0
DA:195,0
DA:196,0
DA:198,0
DA:199,0
DA:203,0
DA:206,0
DA:207,0
DA:209,0
DA:214,0
DA:215,0
DA:227,0
DA:228,0
DA:229,0
DA:231,0
DA:232,0
DA:236,0
DA:239,0
DA:240,0
DA:242,0
DA:249,0
DA:250,0
LF:69
LH:0
BRDA:50,0,0,0
BRDA:50,1,0,0
BRDA:50,1,1,0
BRDA:54,2,0,0
BRDA:54,3,0,0
BRDA:54,3,1,0
BRDA:59,4,0,0
BRDA:59,5,0,0
BRDA:59,5,1,0
BRDA:63,6,0,0
BRDA:63,7,0,0
BRDA:63,7,1,0
BRDA:67,8,0,0
BRDA:68,9,0,0
BRDA:68,9,1,0
BRDA:74,10,0,0
BRDA:74,11,0,0
BRDA:74,11,1,0
BRDA:79,12,0,0
BRDA:79,13,0,0
BRDA:79,13,1,0
BRDA:83,14,0,0
BRDA:83,15,0,0
BRDA:83,15,1,0
BRDA:87,16,0,0
BRDA:87,17,0,0
BRDA:87,17,1,0
BRDA:91,18,0,0
BRDA:92,19,0,0
BRDA:92,19,1,0
BRDA:98,20,0,0
BRDA:98,21,0,0
BRDA:98,21,1,0
BRDA:103,22,0,0
BRDA:198,23,0,0
BRDA:211,24,0,0
BRDA:211,24,1,0
BRDA:231,25,0,0
BRDA:244,26,0,0
BRDA:244,26,1,0
BRF:40
BRH:0
end_of_record
TN:
SF:src/middleware/index.ts
FN:1,(anonymous_0)
FN:2,(anonymous_1)
FN:3,(anonymous_2)
FN:4,(anonymous_3)
FN:5,(anonymous_4)
FN:6,(anonymous_5)
FN:7,(anonymous_6)
FN:8,(anonymous_7)
FN:9,(anonymous_8)
FN:13,(anonymous_9)
FN:14,(anonymous_10)
FN:15,(anonymous_11)
FN:16,(anonymous_12)
FN:17,(anonymous_13)
FN:18,(anonymous_14)
FNF:15
FNH:0
FNDA:0,(anonymous_0)
FNDA:0,(anonymous_1)
FNDA:0,(anonymous_2)
FNDA:0,(anonymous_3)
FNDA:0,(anonymous_4)
FNDA:0,(anonymous_5)
FNDA:0,(anonymous_6)
FNDA:0,(anonymous_7)
FNDA:0,(anonymous_8)
FNDA:0,(anonymous_9)
FNDA:0,(anonymous_10)
FNDA:0,(anonymous_11)
FNDA:0,(anonymous_12)
FNDA:0,(anonymous_13)
FNDA:0,(anonymous_14)
DA:1,0
DA:2,0
DA:3,0
DA:4,0
DA:5,0
DA:6,0
DA:7,0
DA:8,0
DA:9,0
DA:12,0
DA:13,0
DA:14,0
DA:15,0
DA:16,0
DA:17,0
DA:18,0
LF:16
LH:0
BRF:0
BRH:0
end_of_record
TN:
SF:src/middleware/auth/authenticateToken.middleware.ts
FN:10,(anonymous_8)
FN:14,(anonymous_9)
FNF:2
FNH:0
FNDA:0,(anonymous_8)
FNDA:0,(anonymous_9)
DA:2,0
DA:4,0
DA:5,0
DA:6,0
DA:8,0
DA:10,0
DA:14,0
DA:15,0
DA:16,0
DA:18,0
DA:19,0
DA:22,0
DA:23,0
DA:26,0
DA:27,0
DA:28,0
DA:34,0
DA:35,0
DA:38,0
DA:39,0
DA:41,0
DA:43,0
DA:44,0
DA:45,0
DA:46,0
DA:55,0
DA:56,0
DA:60,0
DA:65,0
DA:71,0
DA:72,0
DA:74,0
DA:78,0
LF:33
LH:0
BRDA:8,0,0,0
BRDA:8,0,1,0
BRDA:16,1,0,0
BRDA:16,1,1,0
BRDA:18,2,0,0
BRDA:27,3,0,0
BRDA:34,4,0,0
BRDA:41,5,0,0
BRDA:41,5,1,0
BRDA:45,6,0,0
BRDA:45,7,0,0
BRDA:45,7,1,0
BRDA:55,8,0,0
BRDA:71,9,0,0
BRDA:71,9,1,0
BRF:15
BRH:0
end_of_record
TN:
SF:src/middleware/auth/requireAdmin.middleware.ts
FNF:0
FNH:0
DA:1,0
DA:3,0
LF:2
LH:0
BRF:0
BRH:0
end_of_record
TN:
SF:src/middleware/auth/requireRole.middleware.ts
FN:5,(anonymous_0)
FN:6,(anonymous_1)
FNF:2
FNH:0
FNDA:0,(anonymous_0)
FNDA:0,(anonymous_1)
DA:3,0
DA:5,0
DA:6,0
DA:7,0
DA:9,0
DA:12,0
DA:13,0
DA:16,0
LF:8
LH:0
BRDA:7,0,0,0
BRDA:12,1,0,0
BRF:2
BRH:0
end_of_record
TN:
SF:src/middleware/deliveries/deliveryPermissions.middleware.ts
FN:6,(anonymous_7)
FN:10,(anonymous_8)
FN:53,(anonymous_9)
FN:57,(anonymous_10)
FN:80,(anonymous_11)
FN:84,(anonymous_12)
FNF:6
FNH:0
FNDA:0,(anonymous_7)
FNDA:0,(anonymous_8)
FNDA:0,(anonymous_9)
FNDA:0,(anonymous_10)
FNDA:0,(anonymous_11)
FNDA:0,(anonymous_12)
DA:2,0
DA:6,0
DA:10,0
DA:11,0
DA:12,0
DA:14,0
DA:15,0
DA:19,0
DA:23,0
DA:27,0
DA:28,0
DA:29,0
DA:30,0
DA:34,0
DA:36,0
DA:37,0
DA:41,0
DA:42,0
DA:46,0
DA:48,0
DA:53,0
DA:57,0
DA:58,0
DA:59,0
DA:61,0
DA:62,0
DA:66,0
DA:70,0
DA:73,0
DA:75,0
DA:80,0
DA:84,0
DA:85,0
DA:86,0
DA:88,0
DA:89,0
DA:93,0
DA:94,0
DA:97,0
DA:99,0
LF:40
LH:0
BRDA:14,0,0,0
BRDA:19,1,0,0
BRDA:20,2,0,0
BRDA:20,2,1,0
BRDA:27,3,0,0
BRDA:34,4,0,0
BRDA:34,4,1,0
BRDA:34,4,2,0
BRDA:36,5,0,0
BRDA:36,6,0,0
BRDA:36,6,1,0
BRDA:41,7,0,0
BRDA:41,8,0,0
BRDA:41,8,1,0
BRDA:61,9,0,0
BRDA:66,10,0,0
BRDA:67,11,0,0
BRDA:67,11,1,0
BRDA:88,12,0,0
BRDA:93,13,0,0
BRF:20
BRH:0
end_of_record
TN:
SF:src/middleware/deliveries/index.ts
FN:3,(anonymous_0)
FN:4,(anonymous_1)
FN:5,(anonymous_2)
FN:10,(anonymous_3)
FN:11,(anonymous_4)
FN:12,(anonymous_5)
FNF:6
FNH:0
FNDA:0,(anonymous_0)
FNDA:0,(anonymous_1)
FNDA:0,(anonymous_2)
FNDA:0,(anonymous_3)
FNDA:0,(anonymous_4)
FNDA:0,(anonymous_5)
DA:2,0
DA:3,0
DA:4,0
DA:5,0
DA:9,0
DA:10,0
DA:11,0
DA:12,0
LF:8
LH:0
BRF:0
BRH:0
end_of_record
TN:
SF:src/middleware/deliveries/validateDeliveryData.middleware.ts
FN:40,(anonymous_0)
FN:43,(anonymous_1)
FN:59,(anonymous_2)
FN:62,(anonymous_3)
FN:79,(anonymous_4)
FN:82,(anonymous_5)
FNF:6
FNH:0
FNDA:0,(anonymous_0)
FNDA:0,(anonymous_1)
FNDA:0,(anonymous_2)
FNDA:0,(anonymous_3)
FNDA:0,(anonymous_4)
FNDA:0,(anonymous_5)
DA:2,0
DA:3,0
DA:6,0
DA:41,0
DA:42,0
DA:43,0
DA:44,0
DA:46,0
DA:51,0
DA:60,0
DA:61,0
DA:62,0
DA:63,0
DA:65,0
DA:70,0
DA:80,0
DA:81,0
DA:82,0
DA:83,0
DA:85,0
LF:20
LH:0
BRDA:42,0,0,0
BRDA:61,1,0,0
BRDA:81,2,0,0
BRF:3
BRH:0
end_of_record
TN:
SF:src/middleware/error/errorHandler.middleware.ts
FN:4,(anonymous_0)
FNF:1
FNH:0
FNDA:0,(anonymous_0)
DA:2,0
DA:4,0
DA:6,0
DA:7,0
DA:10,0
DA:11,0
DA:12,0
DA:15,0
DA:18,0
LF:9
LH:0
BRDA:10,0,0,0
BRDA:10,0,1,0
BRF:2
BRH:0
end_of_record
TN:
SF:src/middleware/logging/requestLogger.middleware.ts
FN:4,(anonymous_0)
FN:7,(anonymous_1)
FNF:2
FNH:0
FNDA:0,(anonymous_0)
FNDA:0,(anonymous_1)
DA:2,0
DA:4,0
DA:5,0
DA:7,0
DA:8,0
DA:9,0
DA:11,0
DA:14,0
LF:8
LH:0
BRF:0
BRH:0
end_of_record
TN:
SF:src/middleware/session/sessionCleaner.middleware.ts
FN:13,(anonymous_7)
FN:17,(anonymous_8)
FNF:2
FNH:0
FNDA:0,(anonymous_7)
FNDA:0,(anonymous_8)
DA:2,0
DA:5,0
DA:6,0
DA:7,0
DA:13,0
DA:17,0
DA:18,0
DA:19,0
DA:20,0
DA:21,0
DA:24,0
DA:25,0
DA:27,0
DA:31,0
DA:32,0
DA:37,0
DA:40,0
DA:47,0
LF:18
LH:0
BRDA:24,0,0,0
BRDA:31,1,0,0
BRF:2
BRH:0
end_of_record
TN:
SF:src/middleware/validation/validateLoginData.middleware.ts
FN:10,(anonymous_0)
FN:16,(anonymous_1)
FNF:2
FNH:0
FNDA:0,(anonymous_0)
FNDA:0,(anonymous_1)
DA:2,0
DA:3,0
DA:5,0
DA:10,0
DA:11,0
DA:12,0
DA:13,0
DA:15,0
DA:16,0
DA:17,0
DA:19,0
LF:11
LH:0
BRDA:15,0,0,0
BRF:1
BRH:0
end_of_record
TN:
SF:src/middleware/validation/validateStaffData.middleware.ts
FN:16,(anonymous_0)
FN:33,(anonymous_1)
FN:43,(anonymous_2)
FNF:3
FNH:0
FNDA:0,(anonymous_0)
FNDA:0,(anonymous_1)
FNDA:0,(anonymous_2)
DA:2,0
DA:3,0
DA:5,0
DA:16,0
DA:33,0
DA:38,0
DA:39,0
DA:40,0
DA:42,0
DA:43,0
DA:44,0
DA:48,0
LF:12
LH:0
BRDA:42,0,0,0
BRF:1
BRH:0
end_of_record
TN:
SF:src/middleware/validation/validateSupplierData.middleware.ts
FN:22,(anonymous_0)
FN:28,(anonymous_1)
FNF:2
FNH:0
FNDA:0,(anonymous_0)
FNDA:0,(anonymous_1)
DA:2,0
DA:3,0
DA:4,0
DA:6,0
DA:22,0
DA:23,0
DA:24,0
DA:25,0
DA:27,0
DA:28,0
DA:29,0
DA:31,0
LF:12
LH:0
BRDA:27,0,0,0
BRF:1
BRH:0
end_of_record
TN:
SF:src/models/AmazonProduct.ts
FN:155,(anonymous_7)
FN:159,(anonymous_9)
FN:163,(anonymous_11)
FN:164,(anonymous_12)
FN:179,(anonymous_13)
FNF:5
FNH:0
FNDA:0,(anonymous_7)
FNDA:0,(anonymous_9)
FNDA:0,(anonymous_11)
FNDA:0,(anonymous_12)
FNDA:0,(anonymous_13)
DA:1,0
DA:2,0
DA:156,0
DA:160,0
DA:164,0
DA:166,0
DA:167,0
DA:169,0
DA:180,0
DA:183,0
DA:184,0
DA:188,0
LF:12
LH:0
BRDA:164,0,0,0
BRDA:179,1,0,0
BRDA:180,2,0,0
BRF:3
BRH:0
end_of_record
TN:
SF:src/models/index.ts
FN:121,(anonymous_9)
FN:112,(anonymous_10)
FN:113,(anonymous_11)
FN:114,(anonymous_12)
FN:115,(anonymous_13)
FN:23,(anonymous_14)
FN:34,(anonymous_15)
FN:87,(anonymous_16)
FNF:8
FNH:3
FNDA:0,(anonymous_9)
FNDA:0,(anonymous_10)
FNDA:0,(anonymous_11)
FNDA:0,(anonymous_12)
FNDA:0,(anonymous_13)
FNDA:1,(anonymous_14)
FNDA:1,(anonymous_15)
FNDA:1,(anonymous_16)
DA:2,1
DA:3,1
DA:13,1
DA:23,1
DA:25,1
DA:28,1
DA:34,1
DA:36,1
DA:42,1
DA:48,1
DA:54,1
DA:60,1
DA:66,1
DA:72,1
DA:78,1
DA:87,1
DA:89,1
DA:90,1
DA:91,1
DA:92,1
DA:95,1
DA:96,1
DA:97,1
DA:98,1
DA:101,1
DA:105,1
DA:106,1
DA:107,1
DA:108,1
DA:112,1
DA:113,1
DA:114,1
DA:115,1
DA:120,1
DA:121,1
DA:122,1
DA:126,1
LF:37
LH:37
BRF:0
BRH:0
end_of_record
TN:
SF:src/models/auth/AuthDaneAutoryzacji.ts
FN:52,(anonymous_7)
FN:58,(anonymous_9)
FN:64,(anonymous_11)
FN:68,(anonymous_12)
FN:72,(anonymous_13)
FN:81,(anonymous_14)
FN:89,(anonymous_15)
FNF:7
FNH:1
FNDA:0,(anonymous_7)
FNDA:0,(anonymous_9)
FNDA:0,(anonymous_11)
FNDA:0,(anonymous_12)
FNDA:0,(anonymous_13)
FNDA:0,(anonymous_14)
FNDA:1,(anonymous_15)
DA:1,1
DA:2,1
DA:31,1
DA:55,0
DA:61,0
DA:65,0
DA:69,0
DA:73,0
DA:76,0
DA:77,0
DA:82,0
DA:83,0
DA:84,0
DA:89,1
DA:90,1
DA:183,1
LF:16
LH:6
BRDA:69,0,0,0
BRDA:69,0,1,0
BRDA:76,1,0,0
BRF:3
BRH:0
end_of_record
TN:
SF:src/models/auth/AuthDostawcy.ts
FN:59,(anonymous_7)
FN:63,(anonymous_9)
FN:67,(anonymous_11)
FN:75,(anonymous_12)
FN:79,(anonymous_13)
FN:90,(anonymous_15)
FN:98,(anonymous_16)
FN:139,(anonymous_17)
FNF:8
FNH:1
FNDA:0,(anonymous_7)
FNDA:0,(anonymous_9)
FNDA:0,(anonymous_11)
FNDA:0,(anonymous_12)
FNDA:0,(anonymous_13)
FNDA:0,(anonymous_15)
FNDA:1,(anonymous_16)
FNDA:0,(anonymous_17)
DA:1,1
DA:2,1
DA:35,1
DA:60,0
DA:64,0
DA:68,0
DA:72,0
DA:76,0
DA:81,0
DA:83,0
DA:85,0
DA:87,0
DA:92,0
DA:93,0
DA:98,1
DA:99,1
DA:140,0
DA:141,0
DA:265,1
LF:19
LH:6
BRDA:68,0,0,0
BRDA:68,0,1,0
BRDA:140,1,0,0
BRF:3
BRH:0
end_of_record
TN:
SF:src/models/auth/AuthHistoriaLogowan.ts
FN:42,(anonymous_7)
FN:57,(anonymous_9)
FN:70,(anonymous_11)
FN:78,(anonymous_13)
FN:79,(anonymous_14)
FN:92,(anonymous_15)
FN:107,(anonymous_17)
FN:125,(anonymous_19)
FN:126,(anonymous_20)
FN:155,(anonymous_21)
FN:155,(anonymous_22)
FN:172,(anonymous_23)
FNF:12
FNH:1
FNDA:0,(anonymous_7)
FNDA:0,(anonymous_9)
FNDA:0,(anonymous_11)
FNDA:0,(anonymous_13)
FNDA:0,(anonymous_14)
FNDA:0,(anonymous_15)
FNDA:0,(anonymous_17)
FNDA:0,(anonymous_19)
FNDA:0,(anonymous_20)
FNDA:0,(anonymous_21)
FNDA:0,(anonymous_22)
FNDA:1,(anonymous_23)
DA:1,1
DA:2,1
DA:21,1
DA:46,0
DA:60,0
DA:71,0
DA:72,0
DA:79,0
DA:82,0
DA:95,0
DA:111,0
DA:126,0
DA:128,0
DA:129,0
DA:132,0
DA:143,0
DA:144,0
DA:145,0
DA:146,0
DA:149,0
DA:155,0
DA:156,0
DA:157,0
DA:159,0
DA:167,0
DA:172,1
DA:173,1
DA:232,1
LF:28
LH:6
BRDA:50,0,0,0
BRDA:50,0,1,0
BRDA:80,1,0,0
BRDA:126,2,0,0
BRDA:155,3,0,0
BRF:5
BRH:0
end_of_record
TN:
SF:src/models/auth/AuthPracownicy.ts
FN:39,(anonymous_7)
FN:51,(anonymous_9)
FN:57,(anonymous_11)
FN:61,(anonymous_12)
FN:79,(anonymous_14)
FNF:5
FNH:1
FNDA:0,(anonymous_7)
FNDA:0,(anonymous_9)
FNDA:0,(anonymous_11)
FNDA:0,(anonymous_12)
FNDA:1,(anonymous_14)
DA:1,1
DA:2,1
DA:23,1
DA:43,0
DA:54,0
DA:58,0
DA:65,0
DA:67,0
DA:69,0
DA:72,0
DA:74,0
DA:79,1
DA:80,1
DA:169,1
LF:14
LH:6
BRDA:72,0,0,0
BRDA:72,0,1,0
BRF:2
BRH:0
end_of_record
TN:
SF:src/models/auth/index.ts
FN:111,(anonymous_16)
FN:112,(anonymous_17)
FN:113,(anonymous_18)
FN:114,(anonymous_19)
FN:12,(anonymous_20)
FN:75,(anonymous_21)
FN:75,(anonymous_22)
FNF:7
FNH:5
FNDA:1,(anonymous_16)
FNDA:1,(anonymous_17)
FNDA:1,(anonymous_18)
FNDA:1,(anonymous_19)
FNDA:1,(anonymous_20)
FNDA:0,(anonymous_21)
FNDA:0,(anonymous_22)
DA:2,1
DA:5,1
DA:6,1
DA:7,1
DA:12,1
DA:14,1
DA:25,1
DA:35,1
DA:43,1
DA:53,1
DA:61,1
DA:67,1
DA:75,1
DA:77,0
DA:81,0
DA:84,0
DA:86,0
DA:91,0
DA:96,0
DA:101,0
DA:107,1
DA:108,1
DA:109,1
DA:110,1
DA:111,2
DA:112,2
DA:113,2
DA:114,2
DA:115,1
DA:116,1
DA:120,1
LF:31
LH:24
BRDA:81,0,0,0
BRDA:84,1,0,0
BRDA:84,1,1,0
BRDA:84,1,2,0
BRDA:84,1,3,0
BRF:5
BRH:0
end_of_record
TN:
SF:src/models/deliveries/DostDostawyProdukty.ts
FN:76,(anonymous_7)
FN:85,(anonymous_9)
FN:94,(anonymous_11)
FN:100,(anonymous_13)
FN:106,(anonymous_15)
FN:110,(anonymous_17)
FN:119,(anonymous_19)
FN:121,(anonymous_20)
FN:132,(anonymous_21)
FN:144,(anonymous_22)
FNF:10
FNH:1
FNDA:0,(anonymous_7)
FNDA:0,(anonymous_9)
FNDA:0,(anonymous_11)
FNDA:0,(anonymous_13)
FNDA:0,(anonymous_15)
FNDA:0,(anonymous_17)
FNDA:0,(anonymous_19)
FNDA:0,(anonymous_20)
FNDA:0,(anonymous_21)
FNDA:1,(anonymous_22)
DA:1,1
DA:2,1
DA:45,1
DA:79,0
DA:88,0
DA:97,0
DA:103,0
DA:107,0
DA:115,0
DA:117,0
DA:119,0
DA:122,0
DA:123,0
DA:129,0
DA:136,0
DA:144,1
DA:145,1
DA:283,1
LF:18
LH:6
BRDA:122,0,0,0
BRDA:122,0,1,0
BRDA:138,1,0,0
BRDA:138,1,1,0
BRF:4
BRH:0
end_of_record
TN:
SF:src/models/deliveries/DostFakturyDostawcow.ts
FN:58,(anonymous_7)
FN:67,(anonymous_9)
FN:76,(anonymous_11)
FN:85,(anonymous_13)
FN:91,(anonymous_15)
FN:102,(anonymous_17)
FN:113,(anonymous_19)
FN:117,(anonymous_20)
FN:128,(anonymous_21)
FN:136,(anonymous_22)
FN:145,(anonymous_23)
FN:149,(anonymous_24)
FN:153,(anonymous_25)
FN:161,(anonymous_26)
FNF:14
FNH:1
FNDA:0,(anonymous_7)
FNDA:0,(anonymous_9)
FNDA:0,(anonymous_11)
FNDA:0,(anonymous_13)
FNDA:0,(anonymous_15)
FNDA:0,(anonymous_17)
FNDA:0,(anonymous_19)
FNDA:0,(anonymous_20)
FNDA:0,(anonymous_21)
FNDA:0,(anonymous_22)
FNDA:0,(anonymous_23)
FNDA:0,(anonymous_24)
FNDA:0,(anonymous_25)
FNDA:1,(anonymous_26)
DA:1,1
DA:2,1
DA:34,1
DA:61,0
DA:70,0
DA:79,0
DA:88,0
DA:92,0
DA:93,0
DA:108,0
DA:110,0
DA:113,0
DA:118,0
DA:119,0
DA:121,0
DA:122,0
DA:123,0
DA:129,0
DA:133,0
DA:139,0
DA:146,0
DA:150,0
DA:154,0
DA:161,1
DA:162,1
DA:279,1
LF:26
LH:6
BRDA:118,0,0,0
BRDA:129,1,0,0
BRDA:129,1,1,0
BRDA:141,2,0,0
BRDA:141,2,1,0
BRDA:155,3,0,0
BRDA:155,3,1,0
BRF:7
BRH:0
end_of_record
TN:
SF:src/models/deliveries/DostFinanseDostaw.ts
FN:57,(anonymous_7)
FN:63,(anonymous_9)
FN:72,(anonymous_11)
FN:84,(anonymous_13)
FN:86,(anonymous_14)
FN:90,(anonymous_15)
FN:94,(anonymous_16)
FN:118,(anonymous_17)
FN:142,(anonymous_18)
FN:157,(anonymous_19)
FN:165,(anonymous_20)
FN:171,(anonymous_21)
FNF:12
FNH:1
FNDA:0,(anonymous_7)
FNDA:0,(anonymous_9)
FNDA:0,(anonymous_11)
FNDA:0,(anonymous_13)
FNDA:0,(anonymous_14)
FNDA:0,(anonymous_15)
FNDA:0,(anonymous_16)
FNDA:0,(anonymous_17)
FNDA:0,(anonymous_18)
FNDA:0,(anonymous_19)
FNDA:0,(anonymous_20)
FNDA:1,(anonymous_21)
DA:1,1
DA:2,1
DA:33,1
DA:60,0
DA:66,0
DA:80,0
DA:82,0
DA:84,0
DA:86,0
DA:90,0
DA:95,0
DA:96,0
DA:98,0
DA:99,0
DA:100,0
DA:108,0
DA:109,0
DA:115,0
DA:130,0
DA:131,0
DA:133,0
DA:135,0
DA:143,0
DA:151,0
DA:158,0
DA:159,0
DA:166,0
DA:171,1
DA:172,1
DA:276,1
LF:30
LH:6
BRDA:95,0,0,0
BRDA:108,1,0,0
BRDA:122,2,0,0
BRDA:123,3,0,0
BRDA:158,4,0,0
BRF:5
BRH:0
end_of_record
TN:
SF:src/models/deliveries/DostNowaDostawa.ts
FN:54,(anonymous_7)
FN:63,(anonymous_9)
FN:72,(anonymous_11)
FN:78,(anonymous_13)
FN:85,(anonymous_14)
FN:106,(anonymous_15)
FN:110,(anonymous_16)
FN:129,(anonymous_18)
FN:137,(anonymous_19)
FNF:9
FNH:4
FNDA:0,(anonymous_7)
FNDA:0,(anonymous_9)
FNDA:0,(anonymous_11)
FNDA:1,(anonymous_13)
FNDA:2,(anonymous_14)
FNDA:1,(anonymous_15)
FNDA:0,(anonymous_16)
FNDA:0,(anonymous_18)
FNDA:1,(anonymous_19)
DA:1,1
DA:2,1
DA:32,1
DA:57,0
DA:66,0
DA:75,0
DA:82,1
DA:90,2
DA:96,2
DA:97,3
DA:98,3
DA:99,2
DA:103,0
DA:107,1
DA:114,0
DA:115,0
DA:119,0
DA:120,0
DA:122,0
DA:126,0
DA:132,0
DA:137,1
DA:138,1
DA:237,1
LF:24
LH:13
BRDA:98,0,0,2
BRDA:114,1,0,0
BRDA:119,2,0,0
BRDA:119,2,1,0
BRF:4
BRH:1
end_of_record
TN:
SF:src/models/deliveries/index.ts
FN:2,(anonymous_0)
FN:2,(anonymous_1)
FN:4,(anonymous_2)
FN:5,(anonymous_3)
FN:8,(anonymous_4)
FN:9,(anonymous_5)
FN:11,(anonymous_6)
FN:11,(anonymous_7)
FNF:8
FNH:8
FNDA:8,(anonymous_0)
FNDA:1,(anonymous_1)
FNDA:3,(anonymous_2)
FNDA:1,(anonymous_3)
FNDA:4,(anonymous_4)
FNDA:1,(anonymous_5)
FNDA:3,(anonymous_6)
FNDA:1,(anonymous_7)
DA:2,9
DA:3,1
DA:4,4
DA:5,2
DA:7,1
DA:8,5
DA:9,2
DA:11,4
LF:8
LH:8
BRF:0
BRH:0
end_of_record
TN:
SF:src/routes/adsPowerRoutes.ts
FNF:0
FNH:0
DA:1,0
DA:2,0
DA:3,0
DA:5,0
DA:9,0
DA:12,0
DA:16,0
DA:17,0
DA:21,0
DA:25,0
DA:29,0
DA:33,0
DA:37,0
DA:41,0
DA:45,0
DA:52,0
DA:55,0
DA:58,0
DA:64,0
DA:73,0
LF:20
LH:0
BRF:0
BRH:0
end_of_record
TN:
SF:src/routes/allegroRoutes.ts
FN:18,(anonymous_0)
FNF:1
FNH:0
FNDA:0,(anonymous_0)
DA:1,0
DA:2,0
DA:4,0
DA:8,0
DA:11,0
DA:16,0
DA:19,0
DA:21,0
DA:23,0
DA:30,0
DA:35,0
LF:11
LH:0
BRF:0
BRH:0
end_of_record
TN:
SF:src/routes/brightDataRoutes.ts
FNF:0
FNH:0
DA:1,0
DA:2,0
DA:5,0
DA:7,0
DA:10,0
LF:5
LH:0
BRF:0
BRH:0
end_of_record
TN:
SF:src/routes/deliveryRoutes.ts
FN:22,(anonymous_1)
FNF:1
FNH:0
FNDA:0,(anonymous_1)
DA:1,0
DA:2,0
DA:3,0
DA:4,0
DA:5,0
DA:6,0
DA:14,0
DA:17,0
DA:23,0
DA:29,0
DA:30,0
DA:32,0
DA:42,0
DA:50,0
DA:57,0
DA:68,0
DA:75,0
DA:87,0
DA:94,0
DA:106,0
DA:118,0
DA:129,0
DA:144,0
DA:154,0
LF:24
LH:0
BRDA:29,0,0,0
BRDA:29,0,1,0
BRF:2
BRH:0
end_of_record
TN:
SF:src/routes/index.ts
FNF:0
FNH:0
DA:1,0
DA:2,0
DA:3,0
DA:4,0
DA:5,0
DA:6,0
DA:7,0
DA:8,0
DA:10,0
DA:13,0
DA:16,0
DA:19,0
DA:22,0
DA:25,0
DA:28,0
DA:31,0
DA:33,0
LF:17
LH:0
BRF:0
BRH:0
end_of_record
TN:
SF:src/routes/auth/authRoutes.ts
FN:11,(anonymous_1)
FNF:1
FNH:0
FNDA:0,(anonymous_1)
DA:1,0
DA:2,0
DA:3,0
DA:5,0
DA:8,0
DA:9,0
DA:10,0
DA:11,0
DA:12,0
DA:14,0
DA:16,0
LF:11
LH:0
BRF:0
BRH:0
end_of_record
TN:
SF:src/routes/auth/staffRoutes.ts
FNF:0
FNH:0
DA:1,0
DA:2,0
DA:3,0
DA:5,0
DA:8,0
DA:11,0
DA:14,0
DA:17,0
DA:20,0
DA:23,0
DA:25,0
LF:11
LH:0
BRF:0
BRH:0
end_of_record
TN:
SF:src/routes/auth/supplierRoutes.ts
FNF:0
FNH:0
DA:1,0
DA:2,0
DA:3,0
DA:5,0
DA:8,0
DA:11,0
DA:14,0
DA:17,0
DA:20,0
DA:23,0
DA:26,0
DA:29,0
DA:32,0
DA:34,0
LF:14
LH:0
BRF:0
BRH:0
end_of_record
TN:
SF:src/services/adsPowerService.ts
FN:33,(anonymous_8)
FN:47,(anonymous_9)
FN:111,(anonymous_11)
FN:178,(anonymous_13)
FN:179,(anonymous_14)
FN:242,(anonymous_15)
FN:307,(anonymous_17)
FN:373,(anonymous_19)
FN:436,(anonymous_21)
FN:492,(anonymous_23)
FN:569,(anonymous_25)
FN:627,(anonymous_27)
FN:685,(anonymous_29)
FN:750,(anonymous_31)
FN:819,(anonymous_33)
FN:882,(anonymous_35)
FN:946,(anonymous_37)
FNF:17
FNH:0
FNDA:0,(anonymous_8)
FNDA:0,(anonymous_9)
FNDA:0,(anonymous_11)
FNDA:0,(anonymous_13)
FNDA:0,(anonymous_14)
FNDA:0,(anonymous_15)
FNDA:0,(anonymous_17)
FNDA:0,(anonymous_19)
FNDA:0,(anonymous_21)
FNDA:0,(anonymous_23)
FNDA:0,(anonymous_25)
FNDA:0,(anonymous_27)
FNDA:0,(anonymous_29)
FNDA:0,(anonymous_31)
FNDA:0,(anonymous_33)
FNDA:0,(anonymous_35)
FNDA:0,(anonymous_37)
DA:1,0
DA:28,0
DA:34,0
DA:48,0
DA:49,0
DA:52,0
DA:60,0
DA:64,0
DA:67,0
DA:68,0
DA:72,0
DA:73,0
DA:77,0
DA:81,0
DA:85,0
DA:86,0
DA:91,0
DA:97,0
DA:102,0
DA:114,0
DA:115,0
DA:116,0
DA:117,0
DA:118,0
DA:122,0
DA:125,0
DA:129,0
DA:131,0
DA:132,0
DA:135,0
DA:139,0
DA:140,0
DA:144,0
DA:148,0
DA:152,0
DA:153,0
DA:158,0
DA:164,0
DA:165,0
DA:168,0
DA:179,0
DA:182,0
DA:183,0
DA:184,0
DA:185,0
DA:186,0
DA:194,0
DA:198,0
DA:200,0
DA:201,0
DA:204,0
DA:205,0
DA:209,0
DA:213,0
DA:217,0
DA:218,0
DA:223,0
DA:229,0
DA:230,0
DA:233,0
DA:245,0
DA:246,0
DA:247,0
DA:248,0
DA:249,0
DA:254,0
DA:257,0
DA:261,0
DA:263,0
DA:264,0
DA:267,0
DA:271,0
DA:272,0
DA:276,0
DA:280,0
DA:285,0
DA:287,0
DA:288,0
DA:293,0
DA:298,0
DA:310,0
DA:311,0
DA:312,0
DA:313,0
DA:316,0
DA:320,0
DA:323,0
DA:327,0
DA:329,0
DA:330,0
DA:333,0
DA:337,0
DA:338,0
DA:342,0
DA:346,0
DA:351,0
DA:353,0
DA:354,0
DA:359,0
DA:364,0
DA:376,0
DA:377,0
DA:378,0
DA:379,0
DA:380,0
DA:384,0
DA:387,0
DA:391,0
DA:393,0
DA:394,0
DA:397,0
DA:401,0
DA:402,0
DA:406,0
DA:410,0
DA:414,0
DA:416,0
DA:417,0
DA:422,0
DA:427,0
DA:437,0
DA:438,0
DA:439,0
DA:440,0
DA:444,0
DA:447,0
DA:451,0
DA:453,0
DA:454,0
DA:457,0
DA:458,0
DA:462,0
DA:466,0
DA:470,0
DA:472,0
DA:473,0
DA:478,0
DA:483,0
DA:499,0
DA:500,0
DA:502,0
DA:503,0
DA:505,0
DA:506,0
DA:508,0
DA:509,0
DA:511,0
DA:512,0
DA:515,0
DA:516,0
DA:517,0
DA:520,0
DA:521,0
DA:524,0
DA:528,0
DA:530,0
DA:531,0
DA:534,0
DA:535,0
DA:539,0
DA:543,0
DA:547,0
DA:549,0
DA:550,0
DA:555,0
DA:560,0
DA:572,0
DA:573,0
DA:574,0
DA:575,0
DA:576,0
DA:579,0
DA:582,0
DA:586,0
DA:588,0
DA:589,0
DA:592,0
DA:593,0
DA:597,0
DA:601,0
DA:605,0
DA:607,0
DA:608,0
DA:613,0
DA:618,0
DA:630,0
DA:631,0
DA:632,0
DA:633,0
DA:634,0
DA:637,0
DA:640,0
DA:644,0
DA:646,0
DA:647,0
DA:650,0
DA:651,0
DA:655,0
DA:659,0
DA:663,0
DA:665,0
DA:666,0
DA:671,0
DA:676,0
DA:688,0
DA:689,0
DA:690,0
DA:691,0
DA:692,0
DA:696,0
DA:699,0
DA:703,0
DA:705,0
DA:706,0
DA:709,0
DA:713,0
DA:714,0
DA:718,0
DA:722,0
DA:726,0
DA:728,0
DA:729,0
DA:734,0
DA:739,0
DA:754,0
DA:755,0
DA:756,0
DA:758,0
DA:760,0
DA:762,0
DA:765,0
DA:766,0
DA:767,0
DA:768,0
DA:769,0
DA:771,0
DA:774,0
DA:778,0
DA:780,0
DA:781,0
DA:784,0
DA:785,0
DA:789,0
DA:793,0
DA:797,0
DA:799,0
DA:800,0
DA:805,0
DA:810,0
DA:822,0
DA:823,0
DA:824,0
DA:825,0
DA:826,0
DA:830,0
DA:833,0
DA:837,0
DA:839,0
DA:840,0
DA:843,0
DA:847,0
DA:848,0
DA:852,0
DA:856,0
DA:860,0
DA:862,0
DA:863,0
DA:868,0
DA:873,0
DA:885,0
DA:886,0
DA:887,0
DA:888,0
DA:889,0
DA:893,0
DA:896,0
DA:900,0
DA:902,0
DA:903,0
DA:906,0
DA:910,0
DA:911,0
DA:915,0
DA:919,0
DA:923,0
DA:925,0
DA:926,0
DA:931,0
DA:936,0
DA:949,0
DA:950,0
DA:951,0
DA:952,0
DA:956,0
DA:961,0
DA:967,0
DA:973,0
DA:976,0
DA:983,0
DA:986,0
DA:994,0
DA:999,0
DA:1002,0
DA:1003,0
DA:1006,0
DA:1007,0
DA:1011,0
DA:1015,0
DA:1020,0
DA:1022,0
DA:1023,0
DA:1028,0
DA:1034,0
DA:1045,0
LF:314
LH:0
BRDA:67,0,0,0
BRDA:67,0,1,0
BRDA:72,1,0,0
BRDA:72,1,1,0
BRDA:85,2,0,0
BRDA:85,2,1,0
BRDA:139,3,0,0
BRDA:139,3,1,0
BRDA:152,4,0,0
BRDA:152,4,1,0
BRDA:164,5,0,0
BRDA:164,6,0,0
BRDA:164,6,1,0
BRDA:179,7,0,0
BRDA:180,8,0,0
BRDA:204,9,0,0
BRDA:204,9,1,0
BRDA:217,10,0,0
BRDA:217,10,1,0
BRDA:229,11,0,0
BRDA:229,12,0,0
BRDA:229,12,1,0
BRDA:271,13,0,0
BRDA:271,13,1,0
BRDA:287,14,0,0
BRDA:287,14,1,0
BRDA:337,15,0,0
BRDA:337,15,1,0
BRDA:353,16,0,0
BRDA:353,16,1,0
BRDA:401,17,0,0
BRDA:401,17,1,0
BRDA:416,18,0,0
BRDA:416,18,1,0
BRDA:457,19,0,0
BRDA:457,19,1,0
BRDA:472,20,0,0
BRDA:472,20,1,0
BRDA:502,21,0,0
BRDA:502,22,0,0
BRDA:502,22,1,0
BRDA:505,23,0,0
BRDA:508,24,0,0
BRDA:511,25,0,0
BRDA:534,26,0,0
BRDA:534,26,1,0
BRDA:549,27,0,0
BRDA:549,27,1,0
BRDA:592,28,0,0
BRDA:592,28,1,0
BRDA:607,29,0,0
BRDA:607,29,1,0
BRDA:650,30,0,0
BRDA:650,30,1,0
BRDA:665,31,0,0
BRDA:665,31,1,0
BRDA:713,32,0,0
BRDA:713,32,1,0
BRDA:728,33,0,0
BRDA:728,33,1,0
BRDA:756,34,0,0
BRDA:760,35,0,0
BRDA:768,36,0,0
BRDA:784,37,0,0
BRDA:784,37,1,0
BRDA:799,38,0,0
BRDA:799,38,1,0
BRDA:847,39,0,0
BRDA:847,39,1,0
BRDA:862,40,0,0
BRDA:862,40,1,0
BRDA:910,41,0,0
BRDA:910,41,1,0
BRDA:925,42,0,0
BRDA:925,42,1,0
BRDA:967,43,0,0
BRDA:967,43,1,0
BRDA:968,44,0,0
BRDA:968,44,1,0
BRDA:968,44,2,0
BRDA:968,44,3,0
BRDA:973,45,0,0
BRDA:973,45,1,0
BRDA:1006,46,0,0
BRDA:1006,46,1,0
BRDA:1022,47,0,0
BRDA:1022,47,1,0
BRDA:1037,48,0,0
BRDA:1037,48,1,0
BRF:89
BRH:0
end_of_record
TN:
SF:src/services/allegroService.ts
FN:60,(anonymous_8)
FN:65,(anonymous_9)
FN:69,(anonymous_10)
FN:73,(anonymous_11)
FN:80,(anonymous_12)
FN:129,(anonymous_14)
FN:140,(anonymous_16)
FN:175,(anonymous_18)
FN:210,(anonymous_20)
FN:234,(anonymous_21)
FN:274,(anonymous_23)
FNF:11
FNH:0
FNDA:0,(anonymous_8)
FNDA:0,(anonymous_9)
FNDA:0,(anonymous_10)
FNDA:0,(anonymous_11)
FNDA:0,(anonymous_12)
FNDA:0,(anonymous_14)
FNDA:0,(anonymous_16)
FNDA:0,(anonymous_18)
FNDA:0,(anonymous_20)
FNDA:0,(anonymous_21)
FNDA:0,(anonymous_23)
DA:1,0
DA:2,0
DA:3,0
DA:57,0
DA:58,0
DA:66,0
DA:70,0
DA:74,0
DA:81,0
DA:82,0
DA:85,0
DA:89,0
DA:92,0
DA:93,0
DA:95,0
DA:98,0
DA:100,0
DA:101,0
DA:111,0
DA:112,0
DA:114,0
DA:118,0
DA:119,0
DA:125,0
DA:130,0
DA:131,0
DA:134,0
DA:136,0
DA:141,0
DA:142,0
DA:143,0
DA:144,0
DA:145,0
DA:152,0
DA:157,0
DA:158,0
DA:159,0
DA:163,0
DA:169,0
DA:176,0
DA:177,0
DA:178,0
DA:179,0
DA:180,0
DA:189,0
DA:191,0
DA:192,0
DA:193,0
DA:197,0
DA:203,0
DA:211,0
DA:212,0
DA:213,0
DA:217,0
DA:218,0
DA:219,0
DA:220,0
DA:222,0
DA:224,0
DA:225,0
DA:226,0
DA:228,0
DA:229,0
DA:230,0
DA:231,0
DA:238,0
DA:239,0
DA:246,0
DA:247,0
DA:257,0
DA:258,0
DA:260,0
DA:261,0
DA:268,0
DA:275,0
DA:276,0
DA:282,0
DA:283,0
DA:293,0
DA:294,0
DA:296,0
DA:297,0
DA:304,0
DA:311,0
LF:84
LH:0
BRDA:81,0,0,0
BRDA:81,1,0,0
BRDA:81,1,1,0
BRDA:122,2,0,0
BRDA:122,2,1,0
BRDA:122,3,0,0
BRDA:122,3,1,0
BRDA:123,4,0,0
BRDA:123,4,1,0
BRDA:123,5,0,0
BRDA:123,5,1,0
BRDA:123,6,0,0
BRDA:123,6,1,0
BRDA:130,7,0,0
BRDA:130,8,0,0
BRDA:130,8,1,0
BRDA:153,9,0,0
BRDA:153,9,1,0
BRDA:154,10,0,0
BRDA:154,10,1,0
BRDA:158,11,0,0
BRDA:158,12,0,0
BRDA:158,12,1,0
BRDA:158,13,0,0
BRDA:158,13,1,0
BRDA:166,14,0,0
BRDA:166,14,1,0
BRDA:166,15,0,0
BRDA:166,15,1,0
BRDA:167,16,0,0
BRDA:167,16,1,0
BRDA:167,17,0,0
BRDA:167,17,1,0
BRDA:167,18,0,0
BRDA:167,18,1,0
BRDA:189,19,0,0
BRDA:189,19,1,0
BRDA:192,20,0,0
BRDA:192,21,0,0
BRDA:192,21,1,0
BRDA:192,22,0,0
BRDA:192,22,1,0
BRDA:200,23,0,0
BRDA:200,23,1,0
BRDA:200,24,0,0
BRDA:200,24,1,0
BRDA:201,25,0,0
BRDA:201,25,1,0
BRDA:201,26,0,0
BRDA:201,26,1,0
BRDA:201,27,0,0
BRDA:201,27,1,0
BRDA:220,28,0,0
BRDA:264,29,0,0
BRDA:264,29,1,0
BRDA:264,30,0,0
BRDA:264,30,1,0
BRDA:265,31,0,0
BRDA:265,31,1,0
BRDA:265,32,0,0
BRDA:265,32,1,0
BRDA:265,33,0,0
BRDA:265,33,1,0
BRDA:300,34,0,0
BRDA:300,34,1,0
BRDA:300,35,0,0
BRDA:300,35,1,0
BRDA:301,36,0,0
BRDA:301,36,1,0
BRDA:301,37,0,0
BRDA:301,37,1,0
BRDA:301,38,0,0
BRDA:301,38,1,0
BRF:73
BRH:0
end_of_record
TN:
SF:src/services/awsService.ts
FN:6,(anonymous_7)
FN:7,(anonymous_8)
FN:33,(anonymous_9)
FN:64,(anonymous_11)
FNF:4
FNH:0
FNDA:0,(anonymous_7)
FNDA:0,(anonymous_8)
FNDA:0,(anonymous_9)
FNDA:0,(anonymous_11)
DA:5,1
DA:7,0
DA:10,0
DA:11,0
DA:19,0
DA:20,0
DA:21,0
DA:23,0
DA:25,0
DA:26,0
DA:32,1
DA:38,0
DA:41,0
DA:42,0
DA:66,0
DA:67,0
DA:87,1
LF:17
LH:3
BRDA:8,0,0,0
BRDA:20,1,0,0
BRF:2
BRH:0
end_of_record
TN:
SF:src/services/brightDataService.ts
FN:65,(anonymous_8)
FN:76,(anonymous_9)
FN:105,(anonymous_11)
FNF:3
FNH:0
FNDA:0,(anonymous_8)
FNDA:0,(anonymous_9)
FNDA:0,(anonymous_11)
DA:1,0
DA:2,0
DA:5,0
DA:61,0
DA:66,0
DA:67,0
DA:69,0
DA:70,0
DA:77,0
DA:78,0
DA:79,0
DA:82,0
DA:85,0
DA:90,0
DA:91,0
DA:96,0
DA:100,0
DA:101,0
DA:103,0
DA:105,0
DA:108,0
DA:110,0
DA:111,0
DA:112,0
DA:115,0
DA:120,0
DA:122,0
DA:127,0
DA:153,0
DA:157,0
DA:159,0
DA:164,0
DA:174,0
DA:175,0
DA:177,0
DA:178,0
DA:180,0
DA:184,0
DA:185,0
DA:189,0
DA:193,0
DA:198,0
LF:42
LH:0
BRDA:66,0,0,0
BRDA:66,0,1,0
BRDA:67,1,0,0
BRDA:67,1,1,0
BRDA:69,2,0,0
BRDA:69,3,0,0
BRDA:69,3,1,0
BRDA:78,4,0,0
BRDA:78,5,0,0
BRDA:78,5,1,0
BRDA:96,6,0,0
BRDA:97,7,0,0
BRDA:97,7,1,0
BRDA:129,8,0,0
BRDA:129,8,1,0
BRDA:131,9,0,0
BRDA:131,9,1,0
BRDA:131,10,0,0
BRDA:131,10,1,0
BRDA:157,11,0,0
BRDA:157,12,0,0
BRDA:157,12,1,0
BRDA:178,13,0,0
BRDA:178,14,0,0
BRDA:178,14,1,0
BRDA:184,15,0,0
BRF:26
BRH:0
end_of_record
TN:
SF:src/services/deliveryService.ts
FN:38,(anonymous_16)
FN:48,(anonymous_18)
FN:95,(anonymous_19)
FN:131,(anonymous_20)
FN:132,(anonymous_21)
FN:192,(anonymous_22)
FN:193,(anonymous_23)
FN:238,(anonymous_24)
FN:268,(anonymous_26)
FN:303,(anonymous_28)
FN:333,(anonymous_30)
FN:366,(anonymous_32)
FN:404,(anonymous_34)
FN:457,(anonymous_36)
FN:465,(anonymous_38)
FN:469,(anonymous_39)
FN:491,(anonymous_40)
FN:557,(anonymous_42)
FN:612,(anonymous_43)
FN:665,(anonymous_45)
FN:720,(anonymous_46)
FN:760,(anonymous_48)
FN:847,(anonymous_49)
FN:908,(anonymous_50)
FN:922,(anonymous_51)
FN:928,(anonymous_52)
FN:965,(anonymous_53)
FN:995,(anonymous_54)
FN:1027,(anonymous_55)
FN:1054,(anonymous_56)
FN:1067,(anonymous_57)
FN:1094,(anonymous_58)
FN:1108,(anonymous_59)
FN:1129,(anonymous_60)
FN:1151,(anonymous_61)
FNF:35
FNH:7
FNDA:0,(anonymous_16)
FNDA:0,(anonymous_18)
FNDA:0,(anonymous_19)
FNDA:0,(anonymous_20)
FNDA:0,(anonymous_21)
FNDA:0,(anonymous_22)
FNDA:0,(anonymous_23)
FNDA:0,(anonymous_24)
FNDA:0,(anonymous_26)
FNDA:0,(anonymous_28)
FNDA:0,(anonymous_30)
FNDA:0,(anonymous_32)
FNDA:0,(anonymous_34)
FNDA:0,(anonymous_36)
FNDA:0,(anonymous_38)
FNDA:0,(anonymous_39)
FNDA:0,(anonymous_40)
FNDA:0,(anonymous_42)
FNDA:0,(anonymous_43)
FNDA:0,(anonymous_45)
FNDA:0,(anonymous_46)
FNDA:0,(anonymous_48)
FNDA:3,(anonymous_49)
FNDA:23,(anonymous_50)
FNDA:0,(anonymous_51)
FNDA:0,(anonymous_52)
FNDA:6,(anonymous_53)
FNDA:4,(anonymous_54)
FNDA:3,(anonymous_55)
FNDA:2,(anonymous_56)
FNDA:3,(anonymous_57)
FNDA:0,(anonymous_58)
FNDA:0,(anonymous_59)
FNDA:0,(anonymous_60)
FNDA:0,(anonymous_61)
DA:1,1
DA:2,1
DA:3,1
DA:30,1
DA:31,1
DA:32,1
DA:34,1
DA:39,0
DA:41,0
DA:43,0
DA:44,0
DA:48,0
DA:49,0
DA:50,0
DA:51,0
DA:55,0
DA:58,0
DA:59,0
DA:65,0
DA:68,0
DA:81,0
DA:86,0
DA:90,0
DA:93,0
DA:94,0
DA:96,0
DA:107,0
DA:109,0
DA:113,0
DA:115,0
DA:116,0
DA:121,0
DA:122,0
DA:124,0
DA:132,0
DA:135,0
DA:141,0
DA:142,0
DA:145,0
DA:147,0
DA:148,0
DA:149,0
DA:150,0
DA:151,0
DA:152,0
DA:154,0
DA:155,0
DA:156,0
DA:157,0
DA:158,0
DA:159,0
DA:162,0
DA:169,0
DA:171,0
DA:181,0
DA:185,0
DA:193,0
DA:196,0
DA:197,0
DA:199,0
DA:200,0
DA:203,0
DA:205,0
DA:207,0
DA:208,0
DA:211,0
DA:212,0
DA:213,0
DA:217,0
DA:218,0
DA:221,0
DA:223,0
DA:228,0
DA:229,0
DA:231,0
DA:242,0
DA:243,0
DA:245,0
DA:246,0
DA:249,0
DA:251,0
DA:253,0
DA:258,0
DA:259,0
DA:261,0
DA:269,0
DA:271,0
DA:272,0
DA:276,0
DA:277,0
DA:281,0
DA:283,0
DA:285,0
DA:287,0
DA:288,0
DA:293,0
DA:294,0
DA:296,0
DA:307,0
DA:309,0
DA:310,0
DA:311,0
DA:314,0
DA:319,0
DA:321,0
DA:326,0
DA:327,0
DA:329,0
DA:337,0
DA:338,0
DA:340,0
DA:341,0
DA:344,0
DA:349,0
DA:351,0
DA:356,0
DA:357,0
DA:359,0
DA:367,0
DA:369,0
DA:370,0
DA:374,0
DA:377,0
DA:378,0
DA:381,0
DA:387,0
DA:389,0
DA:394,0
DA:395,0
DA:397,0
DA:407,0
DA:409,0
DA:410,0
DA:411,0
DA:415,0
DA:424,0
DA:426,0
DA:428,0
DA:434,0
DA:440,0
DA:442,0
DA:447,0
DA:448,0
DA:450,0
DA:458,0
DA:459,0
DA:463,0
DA:466,0
DA:467,0
DA:470,0
DA:471,0
DA:478,0
DA:480,0
DA:484,0
DA:496,0
DA:498,0
DA:500,0
DA:503,0
DA:506,0
DA:510,0
DA:517,0
DA:520,0
DA:521,0
DA:522,0
DA:526,0
DA:527,0
DA:530,0
DA:544,0
DA:549,0
DA:553,0
DA:556,0
DA:558,0
DA:578,0
DA:580,0
DA:584,0
DA:596,0
DA:597,0
DA:602,0
DA:603,0
DA:605,0
DA:616,0
DA:618,0
DA:620,0
DA:623,0
DA:626,0
DA:629,0
DA:630,0
DA:631,0
DA:635,0
DA:638,0
DA:652,0
DA:657,0
DA:661,0
DA:664,0
DA:666,0
DA:686,0
DA:688,0
DA:692,0
DA:704,0
DA:705,0
DA:710,0
DA:711,0
DA:713,0
DA:721,0
DA:723,0
DA:726,0
DA:729,0
DA:730,0
DA:734,0
DA:745,0
DA:750,0
DA:751,0
DA:753,0
DA:761,0
DA:763,0
DA:764,0
DA:765,0
DA:767,0
DA:768,0
DA:772,0
DA:777,0
DA:778,0
DA:785,0
DA:786,0
DA:789,0
DA:790,0
DA:794,0
DA:795,0
DA:796,0
DA:798,0
DA:799,0
DA:800,0
DA:802,0
DA:803,0
DA:804,0
DA:805,0
DA:806,0
DA:808,0
DA:809,0
DA:815,0
DA:819,0
DA:820,0
DA:826,0
DA:834,0
DA:835,0
DA:837,0
DA:848,3
DA:850,3
DA:908,3
DA:909,23
DA:910,23
DA:911,23
DA:912,23
DA:916,3
DA:927,0
DA:928,0
DA:929,0
DA:930,0
DA:931,0
DA:932,0
DA:935,0
DA:936,0
DA:937,0
DA:940,0
DA:941,0
DA:943,0
DA:957,0
DA:958,0
DA:966,6
DA:967,2
DA:971,4
DA:972,0
DA:976,4
DA:977,4
DA:980,4
DA:981,0
DA:982,0
DA:986,4
DA:987,4
DA:989,4
DA:996,4
DA:998,2
DA:1001,2
DA:1002,1
DA:1003,1
DA:1004,1
DA:1009,2
DA:1012,2
DA:1013,2
DA:1017,0
DA:1018,0
DA:1021,0
DA:1028,3
DA:1034,3
DA:1035,1
DA:1042,2
DA:1043,2
DA:1044,1
DA:1055,2
DA:1057,2
DA:1058,0
DA:1059,0
DA:1062,2
DA:1063,2
DA:1064,2
DA:1065,2
DA:1067,2
DA:1068,3
DA:1069,3
DA:1070,3
DA:1071,1
DA:1072,3
DA:1075,2
DA:1076,1
DA:1078,2
DA:1079,1
DA:1081,2
DA:1082,1
DA:1084,2
DA:1085,1
DA:1088,2
DA:1095,0
DA:1109,0
DA:1132,0
DA:1154,0
LF:325
LH:60
BRDA:43,0,0,0
BRDA:43,1,0,0
BRDA:43,1,1,0
BRDA:43,1,2,0
BRDA:50,2,0,0
BRDA:58,3,0,0
BRDA:93,4,0,0
BRDA:93,5,0,0
BRDA:93,5,1,0
BRDA:121,6,0,0
BRDA:132,7,0,0
BRDA:133,8,0,0
BRDA:137,9,0,0
BRDA:138,10,0,0
BRDA:139,11,0,0
BRDA:140,12,0,0
BRDA:147,13,0,0
BRDA:149,14,0,0
BRDA:151,15,0,0
BRDA:154,16,0,0
BRDA:154,17,0,0
BRDA:154,17,1,0
BRDA:156,18,0,0
BRDA:158,19,0,0
BRDA:194,20,0,0
BRDA:199,21,0,0
BRDA:205,22,0,0
BRDA:212,23,0,0
BRDA:228,24,0,0
BRDA:245,25,0,0
BRDA:258,26,0,0
BRDA:276,27,0,0
BRDA:293,28,0,0
BRDA:310,29,0,0
BRDA:326,30,0,0
BRDA:340,31,0,0
BRDA:356,32,0,0
BRDA:369,33,0,0
BRDA:369,34,0,0
BRDA:369,34,1,0
BRDA:377,35,0,0
BRDA:394,36,0,0
BRDA:410,37,0,0
BRDA:426,38,0,0
BRDA:426,38,1,0
BRDA:447,39,0,0
BRDA:466,40,0,0
BRDA:466,40,1,0
BRDA:470,41,0,0
BRDA:470,41,1,0
BRDA:506,42,0,0
BRDA:507,43,0,0
BRDA:507,43,1,0
BRDA:521,44,0,0
BRDA:588,45,0,0
BRDA:588,45,1,0
BRDA:602,46,0,0
BRDA:630,47,0,0
BRDA:696,48,0,0
BRDA:696,48,1,0
BRDA:710,49,0,0
BRDA:742,50,0,0
BRDA:742,50,1,0
BRDA:750,51,0,0
BRDA:767,52,0,0
BRDA:777,53,0,0
BRDA:789,54,0,0
BRDA:789,55,0,0
BRDA:789,55,1,0
BRDA:800,56,0,0
BRDA:800,57,0,0
BRDA:800,57,1,0
BRDA:803,58,0,0
BRDA:805,59,0,0
BRDA:808,60,0,0
BRDA:808,61,0,0
BRDA:808,61,1,0
BRDA:819,62,0,0
BRDA:834,63,0,0
BRDA:911,64,0,23
BRDA:930,65,0,0
BRDA:932,66,0,0
BRDA:932,66,1,0
BRDA:936,67,0,0
BRDA:936,68,0,0
BRDA:936,68,1,0
BRDA:940,69,0,0
BRDA:940,69,1,0
BRDA:941,70,0,0
BRDA:941,70,1,0
BRDA:944,71,0,0
BRDA:944,71,1,0
BRDA:944,72,0,0
BRDA:944,72,1,0
BRDA:947,73,0,0
BRDA:947,73,1,0
BRDA:947,74,0,0
BRDA:947,74,1,0
BRDA:949,75,0,0
BRDA:949,75,1,0
BRDA:950,76,0,0
BRDA:950,76,1,0
BRDA:950,77,0,0
BRDA:950,77,1,0
BRDA:951,78,0,0
BRDA:951,78,1,0
BRDA:951,79,0,0
BRDA:951,79,1,0
BRDA:952,80,0,0
BRDA:952,80,1,0
BRDA:952,81,0,0
BRDA:952,81,1,0
BRDA:954,82,0,0
BRDA:954,82,1,0
BRDA:966,83,0,2
BRDA:966,84,0,6
BRDA:966,84,1,5
BRDA:966,84,2,4
BRDA:971,85,0,0
BRDA:972,86,0,0
BRDA:972,86,1,0
BRDA:977,87,0,0
BRDA:980,88,0,0
BRDA:980,89,0,4
BRDA:980,89,1,4
BRDA:982,90,0,0
BRDA:982,90,1,0
BRDA:989,91,0,1
BRDA:989,91,1,3
BRDA:996,92,0,2
BRDA:1001,93,0,1
BRDA:1001,94,0,2
BRDA:1001,94,1,1
BRDA:1003,95,0,1
BRDA:1012,96,0,2
BRDA:1012,97,0,2
BRDA:1012,97,1,0
BRDA:1017,98,0,0
BRDA:1017,99,0,0
BRDA:1017,99,1,0
BRDA:1021,100,0,0
BRDA:1021,100,1,0
BRDA:1034,101,0,1
BRDA:1043,102,0,1
BRDA:1057,103,0,0
BRDA:1068,104,0,1
BRDA:1069,105,0,1
BRDA:1070,106,0,1
BRDA:1070,107,0,3
BRDA:1070,107,1,2
BRDA:1072,108,0,1
BRDA:1072,109,0,3
BRDA:1072,109,1,2
BRDA:1075,110,0,1
BRDA:1078,111,0,1
BRDA:1081,112,0,1
BRDA:1084,113,0,1
BRDA:1101,114,0,0
BRDA:1101,114,1,0
BRDA:1111,115,0,0
BRDA:1111,115,1,0
BRDA:1112,116,0,0
BRDA:1112,116,1,0
BRDA:1113,117,0,0
BRDA:1113,117,1,0
BRDA:1114,118,0,0
BRDA:1114,118,1,0
BRDA:1115,119,0,0
BRDA:1115,119,1,0
BRDA:1118,120,0,0
BRDA:1118,120,1,0
BRDA:1119,121,0,0
BRDA:1119,121,1,0
BRDA:1120,122,0,0
BRDA:1120,122,1,0
BRDA:1121,123,0,0
BRDA:1121,123,1,0
BRDA:1123,124,0,0
BRDA:1123,124,1,0
BRDA:1135,125,0,0
BRDA:1135,125,1,0
BRDA:1143,126,0,0
BRDA:1143,126,1,0
BRDA:1143,127,0,0
BRDA:1143,127,1,0
BRDA:1165,128,0,0
BRDA:1165,128,1,0
BRF:187
BRH:30
end_of_record
TN:
SF:src/services/rdsService.ts
FN:13,(anonymous_7)
FN:15,(anonymous_8)
FN:32,(anonymous_9)
FN:33,(anonymous_10)
FNF:4
FNH:0
FNDA:0,(anonymous_7)
FNDA:0,(anonymous_8)
FNDA:0,(anonymous_9)
FNDA:0,(anonymous_10)
DA:9,0
DA:16,0
DA:17,0
DA:19,0
DA:33,0
DA:36,0
DA:37,0
DA:39,0
DA:40,0
DA:51,0
DA:52,0
DA:53,0
DA:55,0
DA:58,0
DA:59,0
DA:60,0
DA:63,0
DA:66,0
DA:67,0
DA:68,0
DA:72,0
DA:75,0
DA:77,0
LF:23
LH:0
BRDA:16,0,0,0
BRDA:34,1,0,0
BRDA:55,2,0,0
BRDA:58,3,0,0
BRDA:58,3,1,0
BRDA:58,4,0,0
BRDA:58,4,1,0
BRDA:58,5,0,0
BRDA:58,5,1,0
BRDA:63,6,0,0
BRDA:66,7,0,0
BRDA:66,7,1,0
BRDA:72,8,0,0
BRDA:72,8,1,0
BRF:14
BRH:0
end_of_record
TN:
SF:src/services/auth/authService.ts
FN:40,(anonymous_9)
FN:50,(anonymous_10)
FN:63,(anonymous_11)
FN:162,(anonymous_13)
FN:280,(anonymous_15)
FN:360,(anonymous_17)
FN:401,(anonymous_19)
FN:442,(anonymous_21)
FN:506,(anonymous_23)
FN:554,(anonymous_25)
FN:575,(anonymous_27)
FN:614,(anonymous_29)
FN:647,(anonymous_31)
FN:667,(anonymous_33)
FN:682,(anonymous_35)
FN:690,(anonymous_37)
FN:696,(anonymous_38)
FN:709,(anonymous_40)
FN:722,(anonymous_42)
FNF:19
FNH:0
FNDA:0,(anonymous_9)
FNDA:0,(anonymous_10)
FNDA:0,(anonymous_11)
FNDA:0,(anonymous_13)
FNDA:0,(anonymous_15)
FNDA:0,(anonymous_17)
FNDA:0,(anonymous_19)
FNDA:0,(anonymous_21)
FNDA:0,(anonymous_23)
FNDA:0,(anonymous_25)
FNDA:0,(anonymous_27)
FNDA:0,(anonymous_29)
FNDA:0,(anonymous_31)
FNDA:0,(anonymous_33)
FNDA:0,(anonymous_35)
FNDA:0,(anonymous_37)
FNDA:0,(anonymous_38)
FNDA:0,(anonymous_40)
FNDA:0,(anonymous_42)
DA:1,0
DA:2,0
DA:3,0
DA:4,0
DA:5,0
DA:10,0
DA:14,0
DA:25,0
DA:40,0
DA:41,0
DA:42,0
DA:44,0
DA:45,0
DA:52,0
DA:53,0
DA:54,0
DA:55,0
DA:57,0
DA:66,0
DA:68,0
DA:70,0
DA:71,0
DA:74,0
DA:75,0
DA:82,0
DA:87,0
DA:88,0
DA:94,0
DA:97,0
DA:98,0
DA:102,0
DA:105,0
DA:106,0
DA:107,0
DA:110,0
DA:123,0
DA:134,0
DA:136,0
DA:140,0
DA:146,0
DA:147,0
DA:152,0
DA:153,0
DA:155,0
DA:165,0
DA:167,0
DA:169,0
DA:182,0
DA:186,0
DA:189,0
DA:190,0
DA:194,0
DA:197,0
DA:198,0
DA:204,0
DA:207,0
DA:208,0
DA:212,0
DA:215,0
DA:216,0
DA:217,0
DA:220,0
DA:241,0
DA:252,0
DA:254,0
DA:258,0
DA:264,0
DA:265,0
DA:270,0
DA:271,0
DA:273,0
DA:284,0
DA:286,0
DA:288,0
DA:291,0
DA:292,0
DA:296,0
DA:297,0
DA:301,0
DA:305,0
DA:313,0
DA:326,0
DA:327,0
DA:339,0
DA:341,0
DA:342,0
DA:344,0
DA:345,0
DA:350,0
DA:351,0
DA:353,0
DA:361,0
DA:363,0
DA:365,0
DA:368,0
DA:369,0
DA:373,0
DA:379,0
DA:381,0
DA:383,0
DA:385,0
DA:386,0
DA:391,0
DA:392,0
DA:394,0
DA:402,0
DA:404,0
DA:406,0
DA:409,0
DA:410,0
DA:414,0
DA:420,0
DA:422,0
DA:424,0
DA:426,0
DA:427,0
DA:432,0
DA:433,0
DA:435,0
DA:443,0
DA:446,0
DA:448,0
DA:449,0
DA:453,0
DA:454,0
DA:461,0
DA:463,0
DA:465,0
DA:466,0
DA:468,0
DA:472,0
DA:473,0
DA:476,0
DA:483,0
DA:486,0
DA:490,0
DA:509,0
DA:510,0
DA:516,0
DA:519,0
DA:520,0
DA:524,0
DA:525,0
DA:528,0
DA:535,0
DA:538,0
DA:542,0
DA:547,0
DA:555,0
DA:556,0
DA:559,0
DA:562,0
DA:563,0
DA:566,0
DA:568,0
DA:578,0
DA:581,0
DA:585,0
DA:586,0
DA:590,0
DA:591,0
DA:594,0
DA:595,0
DA:600,0
DA:603,0
DA:608,0
DA:619,0
DA:621,0
DA:622,0
DA:626,0
DA:630,0
DA:631,0
DA:635,0
DA:638,0
DA:639,0
DA:640,0
DA:641,0
DA:648,0
DA:650,0
DA:651,0
DA:655,0
DA:658,0
DA:659,0
DA:660,0
DA:661,0
DA:668,0
DA:670,0
DA:671,0
DA:674,0
DA:675,0
DA:676,0
DA:685,0
DA:690,0
DA:699,0
DA:703,0
DA:710,0
DA:712,0
DA:713,0
DA:716,0
DA:730,0
DA:731,0
DA:740,0
DA:757,0
LF:203
LH:0
BRDA:41,0,0,0
BRDA:41,0,1,0
BRDA:43,1,0,0
BRDA:43,1,1,0
BRDA:70,2,0,0
BRDA:70,3,0,0
BRDA:70,3,1,0
BRDA:70,3,2,0
BRDA:70,3,3,0
BRDA:74,4,0,0
BRDA:74,5,0,0
BRDA:74,5,1,0
BRDA:87,6,0,0
BRDA:97,7,0,0
BRDA:105,8,0,0
BRDA:105,8,1,0
BRDA:106,9,0,0
BRDA:106,9,1,0
BRDA:152,10,0,0
BRDA:169,11,0,0
BRDA:170,12,0,0
BRDA:170,12,1,0
BRDA:170,12,2,0
BRDA:170,12,3,0
BRDA:170,12,4,0
BRDA:170,12,5,0
BRDA:170,12,6,0
BRDA:170,12,7,0
BRDA:170,12,8,0
BRDA:170,12,9,0
BRDA:170,12,10,0
BRDA:189,13,0,0
BRDA:197,14,0,0
BRDA:207,15,0,0
BRDA:215,16,0,0
BRDA:215,16,1,0
BRDA:216,17,0,0
BRDA:216,17,1,0
BRDA:270,18,0,0
BRDA:291,19,0,0
BRDA:296,20,0,0
BRDA:296,21,0,0
BRDA:296,21,1,0
BRDA:301,22,0,0
BRDA:302,23,0,0
BRDA:302,23,1,0
BRDA:315,24,0,0
BRDA:315,24,1,0
BRDA:316,25,0,0
BRDA:316,25,1,0
BRDA:317,26,0,0
BRDA:317,26,1,0
BRDA:318,27,0,0
BRDA:318,27,1,0
BRDA:320,28,0,0
BRDA:320,28,1,0
BRDA:326,29,0,0
BRDA:326,30,0,0
BRDA:326,30,1,0
BRDA:329,31,0,0
BRDA:329,31,1,0
BRDA:330,32,0,0
BRDA:330,32,1,0
BRDA:350,33,0,0
BRDA:368,34,0,0
BRDA:391,35,0,0
BRDA:409,36,0,0
BRDA:432,37,0,0
BRDA:448,38,0,0
BRDA:453,39,0,0
BRDA:463,40,0,0
BRDA:519,41,0,0
BRDA:524,42,0,0
BRDA:562,43,0,0
BRDA:585,44,0,0
BRDA:590,45,0,0
BRDA:594,46,0,0
BRDA:621,47,0,0
BRDA:630,48,0,0
BRDA:650,49,0,0
BRDA:670,50,0,0
BRDA:703,51,0,0
BRDA:703,51,1,0
BRDA:712,52,0,0
BRF:84
BRH:0
end_of_record
TN:
SF:src/types/index.ts
FNF:0
FNH:0
DA:1,0
DA:2,0
DA:3,0
DA:4,0
LF:4
LH:0
BRF:0
BRH:0
end_of_record
TN:
SF:src/utils/AppError.ts
FN:5,(anonymous_0)
FNF:1
FNH:1
FNDA:2,(anonymous_0)
DA:1,1
DA:10,2
DA:12,2
DA:13,2
DA:16,2
DA:20,1
LF:6
LH:6
BRDA:7,0,0,0
BRDA:8,1,0,2
BRF:2
BRH:1
end_of_record
TN:
SF:src/utils/countryValidation.ts
FN:251,isValidCountry
FNF:1
FNH:0
FNDA:0,isValidCountry
DA:1,0
DA:251,0
DA:252,0
DA:253,0
LF:4
LH:0
BRDA:252,0,0,0
BRF:1
BRH:0
end_of_record
TN:
SF:src/utils/logger.ts
FN:2,(anonymous_0)
FN:3,(anonymous_1)
FN:4,(anonymous_2)
FN:5,(anonymous_3)
FNF:4
FNH:0
FNDA:0,(anonymous_0)
FNDA:0,(anonymous_1)
FNDA:0,(anonymous_2)
FNDA:0,(anonymous_3)
DA:1,0
DA:2,0
DA:3,0
DA:4,0
DA:5,0
LF:5
LH:0
BRF:0
BRH:0
end_of_record
